This file contains any messages produced by compilers while
running configure, to aid debugging if configure makes a mistake.

It was created by itcl configure 4.0.0, which was
generated by GNU Autoconf 2.59.  Invocation command line was

  $ /home/xhw/redis/tcl8.6.1/pkgs/itcl4.0.0/configure --with-tcl=../.. --with-tclinclude=/home/xhw/redis/tcl8.6.1/generic --libdir=/usr/local/lib --enable-shared --enable-threads

## --------- ##
## Platform. ##
## --------- ##

hostname = ubuntu
uname -m = x86_64
uname -r = 4.15.0-20-generic
uname -s = Linux
uname -v = #21-Ubuntu SMP Tue Apr 24 06:16:15 UTC 2018

/usr/bin/uname -p = unknown
/bin/uname -X     = unknown

/bin/arch              = unknown
/usr/bin/arch -k       = unknown
/usr/convex/getsysinfo = unknown
hostinfo               = unknown
/bin/machine           = unknown
/usr/bin/oslevel       = unknown
/bin/universe          = unknown

PATH: /usr/local/sbin
PATH: /usr/local/bin
PATH: /usr/sbin
PATH: /usr/bin
PATH: /sbin
PATH: /bin
PATH: /snap/bin


## ----------- ##
## Core tests. ##
## ----------- ##

configure:1328: checking for correct TEA configuration
configure:1347: result: ok (TEA 3.9)
configure:1428: configuring itcl 4.0.0
configure:1450: checking whether ln -s works
configure:1454: result: yes
configure:1517: checking for Tcl configuration
configure:1644: result: found /home/xhw/redis/tcl8.6.1/unix/tclConfig.sh
configure:1695: checking for gcc
configure:1711: found /usr/bin/gcc
configure:1721: result: gcc
configure:1965: checking for C compiler version
configure:1968: gcc --version </dev/null >&5
gcc (Ubuntu 7.3.0-27ubuntu1~18.04) 7.3.0
Copyright (C) 2017 Free Software Foundation, Inc.
This is free software; see the source for copying conditions.  There is NO
warranty; not even for MERCHANTABILITY or FITNESS FOR A PARTICULAR PURPOSE.

configure:1971: $? = 0
configure:1973: gcc -v </dev/null >&5
Using built-in specs.
COLLECT_GCC=gcc
COLLECT_LTO_WRAPPER=/usr/lib/gcc/x86_64-linux-gnu/7/lto-wrapper
OFFLOAD_TARGET_NAMES=nvptx-none
OFFLOAD_TARGET_DEFAULT=1
Target: x86_64-linux-gnu
Configured with: ../src/configure -v --with-pkgversion='Ubuntu 7.3.0-27ubuntu1~18.04' --with-bugurl=file:///usr/share/doc/gcc-7/README.Bugs --enable-languages=c,ada,c++,go,brig,d,fortran,objc,obj-c++ --prefix=/usr --with-gcc-major-version-only --program-suffix=-7 --program-prefix=x86_64-linux-gnu- --enable-shared --enable-linker-build-id --libexecdir=/usr/lib --without-included-gettext --enable-threads=posix --libdir=/usr/lib --enable-nls --with-sysroot=/ --enable-clocale=gnu --enable-libstdcxx-debug --enable-libstdcxx-time=yes --with-default-libstdcxx-abi=new --enable-gnu-unique-object --disable-vtable-verify --enable-libmpx --enable-plugin --enable-default-pie --with-system-zlib --with-target-system-zlib --enable-objc-gc=auto --enable-multiarch --disable-werror --with-arch-32=i686 --with-abi=m64 --with-multilib-list=m32,m64,mx32 --enable-multilib --with-tune=generic --enable-offload-targets=nvptx-none --without-cuda-driver --enable-checking=release --build=x86_64-linux-gnu --host=x86_64-linux-gnu --target=x86_64-linux-gnu
Thread model: posix
gcc version 7.3.0 (Ubuntu 7.3.0-27ubuntu1~18.04) 
configure:1976: $? = 0
configure:1978: gcc -V </dev/null >&5
gcc: error: unrecognized command line option '-V'
gcc: fatal error: no input files
compilation terminated.
configure:1981: $? = 1
configure:2004: checking for C compiler default output file name
configure:2007: gcc    conftest.c  >&5
configure:2010: $? = 0
configure:2056: result: a.out
configure:2061: checking whether the C compiler works
configure:2067: ./a.out
configure:2070: $? = 0
configure:2087: result: yes
configure:2094: checking whether we are cross compiling
configure:2096: result: no
configure:2099: checking for suffix of executables
configure:2101: gcc -o conftest    conftest.c  >&5
configure:2104: $? = 0
configure:2129: result: 
configure:2135: checking for suffix of object files
configure:2156: gcc -c   conftest.c >&5
configure:2159: $? = 0
configure:2181: result: o
configure:2185: checking whether we are using the GNU C compiler
configure:2209: gcc -c   conftest.c >&5
configure:2215: $? = 0
configure:2219: test -z 
			 || test ! -s conftest.err
configure:2222: $? = 0
configure:2225: test -s conftest.o
configure:2228: $? = 0
configure:2241: result: yes
configure:2247: checking whether gcc accepts -g
configure:2268: gcc -c -g  conftest.c >&5
configure:2274: $? = 0
configure:2278: test -z 
			 || test ! -s conftest.err
configure:2281: $? = 0
configure:2284: test -s conftest.o
configure:2287: $? = 0
configure:2298: result: yes
configure:2315: checking for gcc option to accept ANSI C
configure:2385: gcc  -c   conftest.c >&5
configure:2391: $? = 0
configure:2395: test -z 
			 || test ! -s conftest.err
configure:2398: $? = 0
configure:2401: test -s conftest.o
configure:2404: $? = 0
configure:2422: result: none needed
configure:2440: gcc -c   conftest.c >&5
conftest.c:2:3: error: unknown type name 'choke'
   choke me
   ^~~~~
conftest.c:2:3: error: expected '=', ',', ';', 'asm' or '__attribute__' at end of input
configure:2446: $? = 1
configure: failed program was:
| #ifndef __cplusplus
|   choke me
| #endif
configure:2581: checking for existence of /home/xhw/redis/tcl8.6.1/unix/tclConfig.sh
configure:2585: result: loading
configure:2649: checking platform
configure:2672: gcc -c   conftest.c >&5
configure:2678: $? = 0
configure:2682: test -z 
			 || test ! -s conftest.err
configure:2685: $? = 0
configure:2688: test -s conftest.o
configure:2691: $? = 0
configure:2703: result: unix
configure:2747: --prefix defaulting to TCL_PREFIX /usr/local
configure:2759: --exec-prefix defaulting to TCL_EXEC_PREFIX /usr/local
configure:2827: checking for gcc
configure:2853: result: gcc
configure:3097: checking for C compiler version
configure:3100: gcc --version </dev/null >&5
gcc (Ubuntu 7.3.0-27ubuntu1~18.04) 7.3.0
Copyright (C) 2017 Free Software Foundation, Inc.
This is free software; see the source for copying conditions.  There is NO
warranty; not even for MERCHANTABILITY or FITNESS FOR A PARTICULAR PURPOSE.

configure:3103: $? = 0
configure:3105: gcc -v </dev/null >&5
Using built-in specs.
COLLECT_GCC=gcc
COLLECT_LTO_WRAPPER=/usr/lib/gcc/x86_64-linux-gnu/7/lto-wrapper
OFFLOAD_TARGET_NAMES=nvptx-none
OFFLOAD_TARGET_DEFAULT=1
Target: x86_64-linux-gnu
Configured with: ../src/configure -v --with-pkgversion='Ubuntu 7.3.0-27ubuntu1~18.04' --with-bugurl=file:///usr/share/doc/gcc-7/README.Bugs --enable-languages=c,ada,c++,go,brig,d,fortran,objc,obj-c++ --prefix=/usr --with-gcc-major-version-only --program-suffix=-7 --program-prefix=x86_64-linux-gnu- --enable-shared --enable-linker-build-id --libexecdir=/usr/lib --without-included-gettext --enable-threads=posix --libdir=/usr/lib --enable-nls --with-sysroot=/ --enable-clocale=gnu --enable-libstdcxx-debug --enable-libstdcxx-time=yes --with-default-libstdcxx-abi=new --enable-gnu-unique-object --disable-vtable-verify --enable-libmpx --enable-plugin --enable-default-pie --with-system-zlib --with-target-system-zlib --enable-objc-gc=auto --enable-multiarch --disable-werror --with-arch-32=i686 --with-abi=m64 --with-multilib-list=m32,m64,mx32 --enable-multilib --with-tune=generic --enable-offload-targets=nvptx-none --without-cuda-driver --enable-checking=release --build=x86_64-linux-gnu --host=x86_64-linux-gnu --target=x86_64-linux-gnu
Thread model: posix
gcc version 7.3.0 (Ubuntu 7.3.0-27ubuntu1~18.04) 
configure:3108: $? = 0
configure:3110: gcc -V </dev/null >&5
gcc: error: unrecognized command line option '-V'
gcc: fatal error: no input files
compilation terminated.
configure:3113: $? = 1
configure:3116: checking whether we are using the GNU C compiler
configure:3172: result: yes
configure:3178: checking whether gcc accepts -g
configure:3229: result: yes
configure:3246: checking for gcc option to accept ANSI C
configure:3353: result: none needed
configure:3371: gcc -c   conftest.c >&5
conftest.c:2:3: error: unknown type name 'choke'
   choke me
   ^~~~~
conftest.c:2:3: error: expected '=', ',', ';', 'asm' or '__attribute__' at end of input
configure:3377: $? = 1
configure: failed program was:
| #ifndef __cplusplus
|   choke me
| #endif
configure:3515: checking how to run the C preprocessor
configure:3550: gcc -E  conftest.c
configure:3556: $? = 0
configure:3588: gcc -E  conftest.c
conftest.c:10:10: fatal error: ac_nonexistent.h: No such file or directory
 #include <ac_nonexistent.h>
          ^~~~~~~~~~~~~~~~~~
compilation terminated.
configure:3594: $? = 1
configure: failed program was:
| /* confdefs.h.  */
| 
| #define PACKAGE_NAME "itcl"
| #define PACKAGE_TARNAME "itcl"
| #define PACKAGE_VERSION "4.0.0"
| #define PACKAGE_STRING "itcl 4.0.0"
| #define PACKAGE_BUGREPORT ""
| #define BUILD_itcl
| /* end confdefs.h.  */
| #include <ac_nonexistent.h>
configure:3633: result: gcc -E
configure:3657: gcc -E  conftest.c
configure:3663: $? = 0
configure:3695: gcc -E  conftest.c
conftest.c:10:10: fatal error: ac_nonexistent.h: No such file or directory
 #include <ac_nonexistent.h>
          ^~~~~~~~~~~~~~~~~~
compilation terminated.
configure:3701: $? = 1
configure: failed program was:
| /* confdefs.h.  */
| 
| #define PACKAGE_NAME "itcl"
| #define PACKAGE_TARNAME "itcl"
| #define PACKAGE_VERSION "4.0.0"
| #define PACKAGE_STRING "itcl 4.0.0"
| #define PACKAGE_BUGREPORT ""
| #define BUILD_itcl
| /* end confdefs.h.  */
| #include <ac_nonexistent.h>
configure:3749: checking whether make sets $(MAKE)
configure:3769: result: yes
configure:3824: checking for ranlib
configure:3840: found /usr/bin/ranlib
configure:3850: result: ranlib
configure:3871: checking for egrep
configure:3881: result: grep -E
configure:3886: checking for ANSI C header files
configure:3911: gcc -c   conftest.c >&5
configure:3917: $? = 0
configure:3921: test -z 
			 || test ! -s conftest.err
configure:3924: $? = 0
configure:3927: test -s conftest.o
configure:3930: $? = 0
configure:4019: gcc -o conftest    conftest.c  >&5
conftest.c: In function 'main':
conftest.c:27:7: warning: implicit declaration of function 'exit' [-Wimplicit-function-declaration]
       exit(2);
       ^~~~
conftest.c:27:7: warning: incompatible implicit declaration of built-in function 'exit'
conftest.c:27:7: note: include '<stdlib.h>' or provide a declaration of 'exit'
conftest.c:28:3: warning: incompatible implicit declaration of built-in function 'exit'
   exit (0);
   ^~~~
conftest.c:28:3: note: include '<stdlib.h>' or provide a declaration of 'exit'
configure:4022: $? = 0
configure:4024: ./conftest
configure:4027: $? = 0
configure:4042: result: yes
configure:4066: checking for sys/types.h
configure:4082: gcc -c   conftest.c >&5
configure:4088: $? = 0
configure:4092: test -z 
			 || test ! -s conftest.err
configure:4095: $? = 0
configure:4098: test -s conftest.o
configure:4101: $? = 0
configure:4112: result: yes
configure:4066: checking for sys/stat.h
configure:4082: gcc -c   conftest.c >&5
configure:4088: $? = 0
configure:4092: test -z 
			 || test ! -s conftest.err
configure:4095: $? = 0
configure:4098: test -s conftest.o
configure:4101: $? = 0
configure:4112: result: yes
configure:4066: checking for stdlib.h
configure:4082: gcc -c   conftest.c >&5
configure:4088: $? = 0
configure:4092: test -z 
			 || test ! -s conftest.err
configure:4095: $? = 0
configure:4098: test -s conftest.o
configure:4101: $? = 0
configure:4112: result: yes
configure:4066: checking for string.h
configure:4082: gcc -c   conftest.c >&5
configure:4088: $? = 0
configure:4092: test -z 
			 || test ! -s conftest.err
configure:4095: $? = 0
configure:4098: test -s conftest.o
configure:4101: $? = 0
configure:4112: result: yes
configure:4066: checking for memory.h
configure:4082: gcc -c   conftest.c >&5
configure:4088: $? = 0
configure:4092: test -z 
			 || test ! -s conftest.err
configure:4095: $? = 0
configure:4098: test -s conftest.o
configure:4101: $? = 0
configure:4112: result: yes
configure:4066: checking for strings.h
configure:4082: gcc -c   conftest.c >&5
configure:4088: $? = 0
configure:4092: test -z 
			 || test ! -s conftest.err
configure:4095: $? = 0
configure:4098: test -s conftest.o
configure:4101: $? = 0
configure:4112: result: yes
configure:4066: checking for inttypes.h
configure:4082: gcc -c   conftest.c >&5
configure:4088: $? = 0
configure:4092: test -z 
			 || test ! -s conftest.err
configure:4095: $? = 0
configure:4098: test -s conftest.o
configure:4101: $? = 0
configure:4112: result: yes
configure:4066: checking for stdint.h
configure:4082: gcc -c   conftest.c >&5
configure:4088: $? = 0
configure:4092: test -z 
			 || test ! -s conftest.err
configure:4095: $? = 0
configure:4098: test -s conftest.o
configure:4101: $? = 0
configure:4112: result: yes
configure:4066: checking for unistd.h
configure:4082: gcc -c   conftest.c >&5
configure:4088: $? = 0
configure:4092: test -z 
			 || test ! -s conftest.err
configure:4095: $? = 0
configure:4098: test -s conftest.o
configure:4101: $? = 0
configure:4112: result: yes
configure:4134: checking if the compiler understands -pipe
configure:4157: gcc -c  -pipe  conftest.c >&5
configure:4163: $? = 0
configure:4167: test -z 
			 || test ! -s conftest.err
configure:4170: $? = 0
configure:4173: test -s conftest.o
configure:4176: $? = 0
configure:4188: result: yes
configure:4199: checking whether byte ordering is bigendian
configure:4226: gcc -c  -pipe  conftest.c >&5
configure:4232: $? = 0
configure:4236: test -z 
			 || test ! -s conftest.err
configure:4239: $? = 0
configure:4242: test -s conftest.o
configure:4245: $? = 0
configure:4269: gcc -c  -pipe  conftest.c >&5
conftest.c: In function 'main':
conftest.c:27:2: error: unknown type name 'not'; did you mean 'ino_t'?
  not big endian
  ^~~
  ino_t
conftest.c:27:10: error: expected '=', ',', ';', 'asm' or '__attribute__' before 'endian'
  not big endian
          ^~~~~~
configure:4275: $? = 1
configure: failed program was:
| /* confdefs.h.  */
| 
| #define PACKAGE_NAME "itcl"
| #define PACKAGE_TARNAME "itcl"
| #define PACKAGE_VERSION "4.0.0"
| #define PACKAGE_STRING "itcl 4.0.0"
| #define PACKAGE_BUGREPORT ""
| #define BUILD_itcl
| #define STDC_HEADERS 1
| #define HAVE_SYS_TYPES_H 1
| #define HAVE_SYS_STAT_H 1
| #define HAVE_STDLIB_H 1
| #define HAVE_STRING_H 1
| #define HAVE_MEMORY_H 1
| #define HAVE_STRINGS_H 1
| #define HAVE_INTTYPES_H 1
| #define HAVE_STDINT_H 1
| #define HAVE_UNISTD_H 1
| /* end confdefs.h.  */
| #include <sys/types.h>
| #include <sys/param.h>
| 
| int
| main ()
| {
| #if BYTE_ORDER != BIG_ENDIAN
|  not big endian
| #endif
| 
|   ;
|   return 0;
| }
configure:4410: result: no
configure:4438: checking for sin
configure:4495: gcc -o conftest  -pipe   conftest.c  >&5
conftest.c:44:6: warning: conflicting types for built-in function 'sin' [-Wbuiltin-declaration-mismatch]
 char sin ();
      ^~~
/tmp/ccDcJEX1.o: In function `main':
conftest.c:(.text+0xe): undefined reference to `sin'
/tmp/ccDcJEX1.o:(.data.rel+0x0): undefined reference to `sin'
collect2: error: ld returned 1 exit status
configure:4501: $? = 1
configure: failed program was:
| /* confdefs.h.  */
| 
| #define PACKAGE_NAME "itcl"
| #define PACKAGE_TARNAME "itcl"
| #define PACKAGE_VERSION "4.0.0"
| #define PACKAGE_STRING "itcl 4.0.0"
| #define PACKAGE_BUGREPORT ""
| #define BUILD_itcl
| #define STDC_HEADERS 1
| #define HAVE_SYS_TYPES_H 1
| #define HAVE_SYS_STAT_H 1
| #define HAVE_STDLIB_H 1
| #define HAVE_STRING_H 1
| #define HAVE_MEMORY_H 1
| #define HAVE_STRINGS_H 1
| #define HAVE_INTTYPES_H 1
| #define HAVE_STDINT_H 1
| #define HAVE_UNISTD_H 1
| /* end confdefs.h.  */
| /* Define sin to an innocuous variant, in case <limits.h> declares sin.
|    For example, HP-UX 11i <limits.h> declares gettimeofday.  */
| #define sin innocuous_sin
| 
| /* System header to define __stub macros and hopefully few prototypes,
|     which can conflict with char sin (); below.
|     Prefer <limits.h> to <assert.h> if __STDC__ is defined, since
|     <limits.h> exists even on freestanding compilers.  */
| 
| #ifdef __STDC__
| # include <limits.h>
| #else
| # include <assert.h>
| #endif
| 
| #undef sin
| 
| /* Override any gcc2 internal prototype to avoid an error.  */
| #ifdef __cplusplus
| extern "C"
| {
| #endif
| /* We use char because int might match the return type of a gcc2
|    builtin and then its argument prototype would still apply.  */
| char sin ();
| /* The GNU C library defines this for functions which it implements
|     to always fail with ENOSYS.  Some functions are actually named
|     something starting with __ and the normal name is an alias.  */
| #if defined (__stub_sin) || defined (__stub___sin)
| choke me
| #else
| char (*f) () = sin;
| #endif
| #ifdef __cplusplus
| }
| #endif
| 
| int
| main ()
| {
| return f != sin;
|   ;
|   return 0;
| }
configure:4526: result: no
configure:4534: checking for main in -lieee
configure:4558: gcc -o conftest  -pipe   conftest.c -lieee   >&5
/usr/bin/ld: cannot find -lieee
collect2: error: ld returned 1 exit status
configure:4564: $? = 1
configure: failed program was:
| /* confdefs.h.  */
| 
| #define PACKAGE_NAME "itcl"
| #define PACKAGE_TARNAME "itcl"
| #define PACKAGE_VERSION "4.0.0"
| #define PACKAGE_STRING "itcl 4.0.0"
| #define PACKAGE_BUGREPORT ""
| #define BUILD_itcl
| #define STDC_HEADERS 1
| #define HAVE_SYS_TYPES_H 1
| #define HAVE_SYS_STAT_H 1
| #define HAVE_STDLIB_H 1
| #define HAVE_STRING_H 1
| #define HAVE_MEMORY_H 1
| #define HAVE_STRINGS_H 1
| #define HAVE_INTTYPES_H 1
| #define HAVE_STDINT_H 1
| #define HAVE_UNISTD_H 1
| /* end confdefs.h.  */
| 
| 
| int
| main ()
| {
| main ();
|   ;
|   return 0;
| }
configure:4590: result: no
configure:4602: checking for main in -linet
configure:4626: gcc -o conftest  -pipe   conftest.c -linet   >&5
/usr/bin/ld: cannot find -linet
collect2: error: ld returned 1 exit status
configure:4632: $? = 1
configure: failed program was:
| /* confdefs.h.  */
| 
| #define PACKAGE_NAME "itcl"
| #define PACKAGE_TARNAME "itcl"
| #define PACKAGE_VERSION "4.0.0"
| #define PACKAGE_STRING "itcl 4.0.0"
| #define PACKAGE_BUGREPORT ""
| #define BUILD_itcl
| #define STDC_HEADERS 1
| #define HAVE_SYS_TYPES_H 1
| #define HAVE_SYS_STAT_H 1
| #define HAVE_STDLIB_H 1
| #define HAVE_STRING_H 1
| #define HAVE_MEMORY_H 1
| #define HAVE_STRINGS_H 1
| #define HAVE_INTTYPES_H 1
| #define HAVE_STDINT_H 1
| #define HAVE_UNISTD_H 1
| /* end confdefs.h.  */
| 
| 
| int
| main ()
| {
| main ();
|   ;
|   return 0;
| }
configure:4658: result: no
configure:4674: checking net/errno.h usability
configure:4686: gcc -c  -pipe  conftest.c >&5
conftest.c:54:10: fatal error: net/errno.h: No such file or directory
 #include <net/errno.h>
          ^~~~~~~~~~~~~
compilation terminated.
configure:4692: $? = 1
configure: failed program was:
| /* confdefs.h.  */
| 
| #define PACKAGE_NAME "itcl"
| #define PACKAGE_TARNAME "itcl"
| #define PACKAGE_VERSION "4.0.0"
| #define PACKAGE_STRING "itcl 4.0.0"
| #define PACKAGE_BUGREPORT ""
| #define BUILD_itcl
| #define STDC_HEADERS 1
| #define HAVE_SYS_TYPES_H 1
| #define HAVE_SYS_STAT_H 1
| #define HAVE_STDLIB_H 1
| #define HAVE_STRING_H 1
| #define HAVE_MEMORY_H 1
| #define HAVE_STRINGS_H 1
| #define HAVE_INTTYPES_H 1
| #define HAVE_STDINT_H 1
| #define HAVE_UNISTD_H 1
| /* end confdefs.h.  */
| #include <stdio.h>
| #if HAVE_SYS_TYPES_H
| # include <sys/types.h>
| #endif
| #if HAVE_SYS_STAT_H
| # include <sys/stat.h>
| #endif
| #if STDC_HEADERS
| # include <stdlib.h>
| # include <stddef.h>
| #else
| # if HAVE_STDLIB_H
| #  include <stdlib.h>
| # endif
| #endif
| #if HAVE_STRING_H
| # if !STDC_HEADERS && HAVE_MEMORY_H
| #  include <memory.h>
| # endif
| # include <string.h>
| #endif
| #if HAVE_STRINGS_H
| # include <strings.h>
| #endif
| #if HAVE_INTTYPES_H
| # include <inttypes.h>
| #else
| # if HAVE_STDINT_H
| #  include <stdint.h>
| # endif
| #endif
| #if HAVE_UNISTD_H
| # include <unistd.h>
| #endif
| #include <net/errno.h>
configure:4715: result: no
configure:4719: checking net/errno.h presence
configure:4729: gcc -E  conftest.c
conftest.c:20:10: fatal error: net/errno.h: No such file or directory
 #include <net/errno.h>
          ^~~~~~~~~~~~~
compilation terminated.
configure:4735: $? = 1
configure: failed program was:
| /* confdefs.h.  */
| 
| #define PACKAGE_NAME "itcl"
| #define PACKAGE_TARNAME "itcl"
| #define PACKAGE_VERSION "4.0.0"
| #define PACKAGE_STRING "itcl 4.0.0"
| #define PACKAGE_BUGREPORT ""
| #define BUILD_itcl
| #define STDC_HEADERS 1
| #define HAVE_SYS_TYPES_H 1
| #define HAVE_SYS_STAT_H 1
| #define HAVE_STDLIB_H 1
| #define HAVE_STRING_H 1
| #define HAVE_MEMORY_H 1
| #define HAVE_STRINGS_H 1
| #define HAVE_INTTYPES_H 1
| #define HAVE_STDINT_H 1
| #define HAVE_UNISTD_H 1
| /* end confdefs.h.  */
| #include <net/errno.h>
configure:4755: result: no
configure:4790: checking for net/errno.h
configure:4797: result: no
configure:4831: checking for connect
configure:4888: gcc -o conftest  -pipe   conftest.c  >&5
configure:4894: $? = 0
configure:4898: test -z 
			 || test ! -s conftest.err
configure:4901: $? = 0
configure:4904: test -s conftest
configure:4907: $? = 0
configure:4919: result: yes
configure:5194: checking for gethostbyname
configure:5251: gcc -o conftest  -pipe   conftest.c  >&5
configure:5257: $? = 0
configure:5261: test -z 
			 || test ! -s conftest.err
configure:5264: $? = 0
configure:5267: test -s conftest
configure:5270: $? = 0
configure:5282: result: yes
configure:5366: checking dirent.h
configure:5407: gcc -o conftest  -pipe   conftest.c  >&5
configure:5413: $? = 0
configure:5417: test -z 
			 || test ! -s conftest.err
configure:5420: $? = 0
configure:5423: test -s conftest
configure:5426: $? = 0
configure:5438: result: yes
configure:5460: checking errno.h usability
configure:5472: gcc -c  -pipe  conftest.c >&5
configure:5478: $? = 0
configure:5482: test -z 
			 || test ! -s conftest.err
configure:5485: $? = 0
configure:5488: test -s conftest.o
configure:5491: $? = 0
configure:5501: result: yes
configure:5505: checking errno.h presence
configure:5515: gcc -E  conftest.c
configure:5521: $? = 0
configure:5541: result: yes
configure:5576: checking for errno.h
configure:5583: result: yes
configure:5608: checking float.h usability
configure:5620: gcc -c  -pipe  conftest.c >&5
configure:5626: $? = 0
configure:5630: test -z 
			 || test ! -s conftest.err
configure:5633: $? = 0
configure:5636: test -s conftest.o
configure:5639: $? = 0
configure:5649: result: yes
configure:5653: checking float.h presence
configure:5663: gcc -E  conftest.c
configure:5669: $? = 0
configure:5689: result: yes
configure:5724: checking for float.h
configure:5731: result: yes
configure:5756: checking values.h usability
configure:5768: gcc -c  -pipe  conftest.c >&5
configure:5774: $? = 0
configure:5778: test -z 
			 || test ! -s conftest.err
configure:5781: $? = 0
configure:5784: test -s conftest.o
configure:5787: $? = 0
configure:5797: result: yes
configure:5801: checking values.h presence
configure:5811: gcc -E  conftest.c
configure:5817: $? = 0
configure:5837: result: yes
configure:5872: checking for values.h
configure:5879: result: yes
configure:5904: checking limits.h usability
configure:5916: gcc -c  -pipe  conftest.c >&5
configure:5922: $? = 0
configure:5926: test -z 
			 || test ! -s conftest.err
configure:5929: $? = 0
configure:5932: test -s conftest.o
configure:5935: $? = 0
configure:5945: result: yes
configure:5949: checking limits.h presence
configure:5959: gcc -E  conftest.c
configure:5965: $? = 0
configure:5985: result: yes
configure:6020: checking for limits.h
configure:6027: result: yes
configure:6047: checking for stdlib.h
configure:6052: result: yes
configure:6249: checking for string.h
configure:6254: result: yes
configure:6448: checking sys/wait.h usability
configure:6460: gcc -c  -pipe  conftest.c >&5
configure:6466: $? = 0
configure:6470: test -z 
			 || test ! -s conftest.err
configure:6473: $? = 0
configure:6476: test -s conftest.o
configure:6479: $? = 0
configure:6489: result: yes
configure:6493: checking sys/wait.h presence
configure:6503: gcc -E  conftest.c
configure:6509: $? = 0
configure:6529: result: yes
configure:6564: checking for sys/wait.h
configure:6571: result: yes
configure:6596: checking dlfcn.h usability
configure:6608: gcc -c  -pipe  conftest.c >&5
configure:6614: $? = 0
configure:6618: test -z 
			 || test ! -s conftest.err
configure:6621: $? = 0
configure:6624: test -s conftest.o
configure:6627: $? = 0
configure:6637: result: yes
configure:6641: checking dlfcn.h presence
configure:6651: gcc -E  conftest.c
configure:6657: $? = 0
configure:6677: result: yes
configure:6712: checking for dlfcn.h
configure:6719: result: yes
configure:6750: checking sys/param.h usability
configure:6762: gcc -c  -pipe  conftest.c >&5
configure:6768: $? = 0
configure:6772: test -z 
			 || test ! -s conftest.err
configure:6775: $? = 0
configure:6778: test -s conftest.o
configure:6781: $? = 0
configure:6791: result: yes
configure:6795: checking sys/param.h presence
configure:6805: gcc -E  conftest.c
configure:6811: $? = 0
configure:6831: result: yes
configure:6866: checking for sys/param.h
configure:6873: result: yes
configure:7113: checking for Tcl public headers
configure:7188: result: /home/xhw/redis/tcl8.6.1/generic
configure:7203: checking for Tcl private include files
configure:7257: result: Using srcdir found in tclConfig.sh: /home/xhw/redis/tcl8.6.1
configure:7286: checking how to build libraries
configure:7304: result: shared
configure:7367: checking for ranlib
configure:7394: result: ranlib
configure:7411: checking if 64bit support is requested
configure:7420: result: no
configure:7425: checking if 64bit Sparc VIS support is requested
configure:7434: result: no
configure:7445: checking if compiler supports visibility "hidden"
configure:7470: gcc -o conftest  -pipe -Werror   conftest.c  >&5
configure:7476: $? = 0
configure:7480: test -z 
			 || test ! -s conftest.err
configure:7483: $? = 0
configure:7486: test -s conftest
configure:7489: $? = 0
configure:7502: result: yes
configure:7517: checking if rpath support is requested
configure:7526: result: yes
configure:7552: checking system version
configure:7575: result: Linux-4.15.0-20-generic
configure:7654: checking for ar
configure:7670: found /usr/bin/ar
configure:7680: result: ar
configure:9679: checking for SEH support in compiler
configure:9711: gcc -o conftest  -pipe   -Wl,--export-dynamic  conftest.c  >&5
conftest.c:26:15: fatal error: windows.h: No such file or directory
      #include <windows.h>
               ^~~~~~~~~~~
compilation terminated.
configure:9714: $? = 1
configure: program exited with status 1
configure: failed program was:
| /* confdefs.h.  */
| 
| #define PACKAGE_NAME "itcl"
| #define PACKAGE_TARNAME "itcl"
| #define PACKAGE_VERSION "4.0.0"
| #define PACKAGE_STRING "itcl 4.0.0"
| #define PACKAGE_BUGREPORT ""
| #define BUILD_itcl
| #define STDC_HEADERS 1
| #define HAVE_SYS_TYPES_H 1
| #define HAVE_SYS_STAT_H 1
| #define HAVE_STDLIB_H 1
| #define HAVE_STRING_H 1
| #define HAVE_MEMORY_H 1
| #define HAVE_STRINGS_H 1
| #define HAVE_INTTYPES_H 1
| #define HAVE_STDINT_H 1
| #define HAVE_UNISTD_H 1
| #define HAVE_LIMITS_H 1
| #define HAVE_SYS_PARAM_H 1
| #define TCL_THREADS 1
| #define MODULE_SCOPE extern __attribute__((__visibility__("hidden")))
| /* end confdefs.h.  */
| 
| 	    #define WIN32_LEAN_AND_MEAN
| 	    #include <windows.h>
| 	    #undef WIN32_LEAN_AND_MEAN
| 
| 	    int main(int argc, char** argv) {
| 		int a, b = 0;
| 		__try {
| 		    a = 666 / b;
| 		}
| 		__except (EXCEPTION_EXECUTE_HANDLER) {
| 		    return 0;
| 		}
| 		return 1;
| 	    }
| 
configure:9734: result: no
configure:9750: checking for EXCEPTION_DISPOSITION support in include files
configure:9777: gcc -c  -pipe  conftest.c >&5
conftest.c:27:15: fatal error: windows.h: No such file or directory
 #     include <windows.h>
               ^~~~~~~~~~~
compilation terminated.
configure:9783: $? = 1
configure: failed program was:
| /* confdefs.h.  */
| 
| #define PACKAGE_NAME "itcl"
| #define PACKAGE_TARNAME "itcl"
| #define PACKAGE_VERSION "4.0.0"
| #define PACKAGE_STRING "itcl 4.0.0"
| #define PACKAGE_BUGREPORT ""
| #define BUILD_itcl
| #define STDC_HEADERS 1
| #define HAVE_SYS_TYPES_H 1
| #define HAVE_SYS_STAT_H 1
| #define HAVE_STDLIB_H 1
| #define HAVE_STRING_H 1
| #define HAVE_MEMORY_H 1
| #define HAVE_STRINGS_H 1
| #define HAVE_INTTYPES_H 1
| #define HAVE_STDINT_H 1
| #define HAVE_UNISTD_H 1
| #define HAVE_LIMITS_H 1
| #define HAVE_SYS_PARAM_H 1
| #define TCL_THREADS 1
| #define MODULE_SCOPE extern __attribute__((__visibility__("hidden")))
| #define HAVE_NO_SEH 1
| /* end confdefs.h.  */
| 
| #	    define WIN32_LEAN_AND_MEAN
| #	    include <windows.h>
| #	    undef WIN32_LEAN_AND_MEAN
| 
| int
| main ()
| {
| 
| 		EXCEPTION_DISPOSITION x;
| 
|   ;
|   return 0;
| }
configure:9808: result: no
configure:9822: checking for winnt.h that ignores VOID define
configure:9852: gcc -c  -pipe  conftest.c >&5
conftest.c:29:12: fatal error: windows.h: No such file or directory
   #include <windows.h>
            ^~~~~~~~~~~
compilation terminated.
configure:9858: $? = 1
configure: failed program was:
| /* confdefs.h.  */
| 
| #define PACKAGE_NAME "itcl"
| #define PACKAGE_TARNAME "itcl"
| #define PACKAGE_VERSION "4.0.0"
| #define PACKAGE_STRING "itcl 4.0.0"
| #define PACKAGE_BUGREPORT ""
| #define BUILD_itcl
| #define STDC_HEADERS 1
| #define HAVE_SYS_TYPES_H 1
| #define HAVE_SYS_STAT_H 1
| #define HAVE_STDLIB_H 1
| #define HAVE_STRING_H 1
| #define HAVE_MEMORY_H 1
| #define HAVE_STRINGS_H 1
| #define HAVE_INTTYPES_H 1
| #define HAVE_STDINT_H 1
| #define HAVE_UNISTD_H 1
| #define HAVE_LIMITS_H 1
| #define HAVE_SYS_PARAM_H 1
| #define TCL_THREADS 1
| #define MODULE_SCOPE extern __attribute__((__visibility__("hidden")))
| #define HAVE_NO_SEH 1
| #define EXCEPTION_DISPOSITION int
| /* end confdefs.h.  */
| 
| 		#define VOID void
| 		#define WIN32_LEAN_AND_MEAN
| 		#include <windows.h>
| 		#undef WIN32_LEAN_AND_MEAN
| 
| int
| main ()
| {
| 
| 		CHAR c;
| 		SHORT s;
| 		LONG l;
| 
|   ;
|   return 0;
| }
configure:9883: result: no
configure:9897: checking for cast to union support
configure:9921: gcc -c  -pipe  conftest.c >&5
configure:9927: $? = 0
configure:9931: test -z 
			 || test ! -s conftest.err
configure:9934: $? = 0
configure:9937: test -s conftest.o
configure:9940: $? = 0
configure:9952: result: yes
configure:9978: checking for required early compiler flags
configure:10001: gcc -c  -pipe  conftest.c >&5
configure:10007: $? = 0
configure:10011: test -z 
			 || test ! -s conftest.err
configure:10014: $? = 0
configure:10017: test -s conftest.o
configure:10020: $? = 0
configure:10106: gcc -c  -pipe  conftest.c >&5
conftest.c: In function 'main':
conftest.c:31:15: error: storage size of 'buf' isn't known
 struct stat64 buf; int i = stat64("/", &buf);
               ^~~
conftest.c:31:28: warning: implicit declaration of function 'stat64'; did you mean 'stat'? [-Wimplicit-function-declaration]
 struct stat64 buf; int i = stat64("/", &buf);
                            ^~~~~~
                            stat
configure:10112: $? = 1
configure: failed program was:
| /* confdefs.h.  */
| 
| #define PACKAGE_NAME "itcl"
| #define PACKAGE_TARNAME "itcl"
| #define PACKAGE_VERSION "4.0.0"
| #define PACKAGE_STRING "itcl 4.0.0"
| #define PACKAGE_BUGREPORT ""
| #define BUILD_itcl
| #define STDC_HEADERS 1
| #define HAVE_SYS_TYPES_H 1
| #define HAVE_SYS_STAT_H 1
| #define HAVE_STDLIB_H 1
| #define HAVE_STRING_H 1
| #define HAVE_MEMORY_H 1
| #define HAVE_STRINGS_H 1
| #define HAVE_INTTYPES_H 1
| #define HAVE_STDINT_H 1
| #define HAVE_UNISTD_H 1
| #define HAVE_LIMITS_H 1
| #define HAVE_SYS_PARAM_H 1
| #define TCL_THREADS 1
| #define MODULE_SCOPE extern __attribute__((__visibility__("hidden")))
| #define HAVE_NO_SEH 1
| #define EXCEPTION_DISPOSITION int
| #define HAVE_CAST_TO_UNION 1
| /* end confdefs.h.  */
| #include <sys/stat.h>
| int
| main ()
| {
| struct stat64 buf; int i = stat64("/", &buf);
|   ;
|   return 0;
| }
configure:10149: gcc -c  -pipe  conftest.c >&5
configure:10155: $? = 0
configure:10159: test -z 
			 || test ! -s conftest.err
configure:10162: $? = 0
configure:10165: test -s conftest.o
configure:10168: $? = 0
configure:10211: gcc -c  -pipe  conftest.c >&5
conftest.c: In function 'main':
conftest.c:32:19: error: 'open64' undeclared (first use in this function)
 char *p = (char *)open64;
                   ^~~~~~
conftest.c:32:19: note: each undeclared identifier is reported only once for each function it appears in
configure:10217: $? = 1
configure: failed program was:
| /* confdefs.h.  */
| 
| #define PACKAGE_NAME "itcl"
| #define PACKAGE_TARNAME "itcl"
| #define PACKAGE_VERSION "4.0.0"
| #define PACKAGE_STRING "itcl 4.0.0"
| #define PACKAGE_BUGREPORT ""
| #define BUILD_itcl
| #define STDC_HEADERS 1
| #define HAVE_SYS_TYPES_H 1
| #define HAVE_SYS_STAT_H 1
| #define HAVE_STDLIB_H 1
| #define HAVE_STRING_H 1
| #define HAVE_MEMORY_H 1
| #define HAVE_STRINGS_H 1
| #define HAVE_INTTYPES_H 1
| #define HAVE_STDINT_H 1
| #define HAVE_UNISTD_H 1
| #define HAVE_LIMITS_H 1
| #define HAVE_SYS_PARAM_H 1
| #define TCL_THREADS 1
| #define MODULE_SCOPE extern __attribute__((__visibility__("hidden")))
| #define HAVE_NO_SEH 1
| #define EXCEPTION_DISPOSITION int
| #define HAVE_CAST_TO_UNION 1
| #define _LARGEFILE64_SOURCE 1
| /* end confdefs.h.  */
| #include <sys/stat.h>
| int
| main ()
| {
| char *p = (char *)open64;
|   ;
|   return 0;
| }
configure:10254: gcc -c  -pipe  conftest.c >&5
conftest.c: In function 'main':
conftest.c:33:19: error: 'open64' undeclared (first use in this function)
 char *p = (char *)open64;
                   ^~~~~~
conftest.c:33:19: note: each undeclared identifier is reported only once for each function it appears in
configure:10260: $? = 1
configure: failed program was:
| /* confdefs.h.  */
| 
| #define PACKAGE_NAME "itcl"
| #define PACKAGE_TARNAME "itcl"
| #define PACKAGE_VERSION "4.0.0"
| #define PACKAGE_STRING "itcl 4.0.0"
| #define PACKAGE_BUGREPORT ""
| #define BUILD_itcl
| #define STDC_HEADERS 1
| #define HAVE_SYS_TYPES_H 1
| #define HAVE_SYS_STAT_H 1
| #define HAVE_STDLIB_H 1
| #define HAVE_STRING_H 1
| #define HAVE_MEMORY_H 1
| #define HAVE_STRINGS_H 1
| #define HAVE_INTTYPES_H 1
| #define HAVE_STDINT_H 1
| #define HAVE_UNISTD_H 1
| #define HAVE_LIMITS_H 1
| #define HAVE_SYS_PARAM_H 1
| #define TCL_THREADS 1
| #define MODULE_SCOPE extern __attribute__((__visibility__("hidden")))
| #define HAVE_NO_SEH 1
| #define EXCEPTION_DISPOSITION int
| #define HAVE_CAST_TO_UNION 1
| #define _LARGEFILE64_SOURCE 1
| /* end confdefs.h.  */
| #define _LARGEFILE_SOURCE64 1
| #include <sys/stat.h>
| int
| main ()
| {
| char *p = (char *)open64;
|   ;
|   return 0;
| }
configure:10300: result:  _LARGEFILE64_SOURCE
configure:10305: checking for 64-bit integer type
configure:10329: gcc -c  -pipe  conftest.c >&5
conftest.c: In function 'main':
conftest.c:32:1: error: unknown type name '__int64'; did you mean '__int128'?
 __int64 value = (__int64) 0;
 ^~~~~~~
 __int128
conftest.c:32:18: error: '__int64' undeclared (first use in this function); did you mean '__int128'?
 __int64 value = (__int64) 0;
                  ^~~~~~~
                  __int128
conftest.c:32:18: note: each undeclared identifier is reported only once for each function it appears in
conftest.c:32:27: error: expected ',' or ';' before numeric constant
 __int64 value = (__int64) 0;
                           ^
configure:10335: $? = 1
configure: failed program was:
| /* confdefs.h.  */
| 
| #define PACKAGE_NAME "itcl"
| #define PACKAGE_TARNAME "itcl"
| #define PACKAGE_VERSION "4.0.0"
| #define PACKAGE_STRING "itcl 4.0.0"
| #define PACKAGE_BUGREPORT ""
| #define BUILD_itcl
| #define STDC_HEADERS 1
| #define HAVE_SYS_TYPES_H 1
| #define HAVE_SYS_STAT_H 1
| #define HAVE_STDLIB_H 1
| #define HAVE_STRING_H 1
| #define HAVE_MEMORY_H 1
| #define HAVE_STRINGS_H 1
| #define HAVE_INTTYPES_H 1
| #define HAVE_STDINT_H 1
| #define HAVE_UNISTD_H 1
| #define HAVE_LIMITS_H 1
| #define HAVE_SYS_PARAM_H 1
| #define TCL_THREADS 1
| #define MODULE_SCOPE extern __attribute__((__visibility__("hidden")))
| #define HAVE_NO_SEH 1
| #define EXCEPTION_DISPOSITION int
| #define HAVE_CAST_TO_UNION 1
| #define _LARGEFILE64_SOURCE 1
| /* end confdefs.h.  */
| 
| int
| main ()
| {
| __int64 value = (__int64) 0;
|   ;
|   return 0;
| }
configure:10379: gcc -c  -pipe  conftest.c >&5
conftest.c: In function 'main':
conftest.c:33:21: error: duplicate case value
             case 1: case (sizeof(long long)==sizeof(long)): ;
                     ^~~~
conftest.c:33:13: note: previously used here
             case 1: case (sizeof(long long)==sizeof(long)): ;
             ^~~~
configure:10385: $? = 1
configure: failed program was:
| /* confdefs.h.  */
| 
| #define PACKAGE_NAME "itcl"
| #define PACKAGE_TARNAME "itcl"
| #define PACKAGE_VERSION "4.0.0"
| #define PACKAGE_STRING "itcl 4.0.0"
| #define PACKAGE_BUGREPORT ""
| #define BUILD_itcl
| #define STDC_HEADERS 1
| #define HAVE_SYS_TYPES_H 1
| #define HAVE_SYS_STAT_H 1
| #define HAVE_STDLIB_H 1
| #define HAVE_STRING_H 1
| #define HAVE_MEMORY_H 1
| #define HAVE_STRINGS_H 1
| #define HAVE_INTTYPES_H 1
| #define HAVE_STDINT_H 1
| #define HAVE_UNISTD_H 1
| #define HAVE_LIMITS_H 1
| #define HAVE_SYS_PARAM_H 1
| #define TCL_THREADS 1
| #define MODULE_SCOPE extern __attribute__((__visibility__("hidden")))
| #define HAVE_NO_SEH 1
| #define EXCEPTION_DISPOSITION int
| #define HAVE_CAST_TO_UNION 1
| #define _LARGEFILE64_SOURCE 1
| /* end confdefs.h.  */
| 
| int
| main ()
| {
| switch (0) {
|             case 1: case (sizeof(long long)==sizeof(long)): ;
|         }
|   ;
|   return 0;
| }
configure:10415: result: using long
configure:10741: checking for build with symbols
configure:10754: result: no
configure:10795: checking for intptr_t
configure:10819: gcc -c  -pipe  conftest.c >&5
configure:10825: $? = 0
configure:10829: test -z 
			 || test ! -s conftest.err
configure:10832: $? = 0
configure:10835: test -s conftest.o
configure:10838: $? = 0
configure:10849: result: yes
configure:11073: checking for tclsh
configure:11100: result: /home/xhw/redis/tcl8.6.1/unix/tclsh
configure:11282: creating ./config.status

## ---------------------- ##
## Running config.status. ##
## ---------------------- ##

This file was extended by itcl config.status 4.0.0, which was
generated by GNU Autoconf 2.59.  Invocation command line was

  CONFIG_FILES    = 
  CONFIG_HEADERS  = 
  CONFIG_LINKS    = 
  CONFIG_COMMANDS = 
  $ ./config.status 

on ubuntu

config.status:709: creating Makefile
config.status:709: creating pkgIndex.tcl
config.status:709: creating itclConfig.sh

## ---------------- ##
## Cache variables. ##
## ---------------- ##

ac_cv_c_bigendian=no
ac_cv_c_compiler_gnu=yes
ac_cv_c_tclconfig=/home/xhw/redis/tcl8.6.1/unix
ac_cv_c_tclh=/home/xhw/redis/tcl8.6.1/generic
ac_cv_env_CC_set=
ac_cv_env_CC_value=
ac_cv_env_CFLAGS_set=
ac_cv_env_CFLAGS_value=
ac_cv_env_CPPFLAGS_set=
ac_cv_env_CPPFLAGS_value=
ac_cv_env_CPP_set=
ac_cv_env_CPP_value=
ac_cv_env_LDFLAGS_set=
ac_cv_env_LDFLAGS_value=
ac_cv_env_build_alias_set=
ac_cv_env_build_alias_value=
ac_cv_env_host_alias_set=
ac_cv_env_host_alias_value=
ac_cv_env_target_alias_set=
ac_cv_env_target_alias_value=
ac_cv_exeext=
ac_cv_func_connect=yes
ac_cv_func_gethostbyname=yes
ac_cv_func_sin=no
ac_cv_header_dlfcn_h=yes
ac_cv_header_errno_h=yes
ac_cv_header_float_h=yes
ac_cv_header_inttypes_h=yes
ac_cv_header_limits_h=yes
ac_cv_header_memory_h=yes
ac_cv_header_net_errno_h=no
ac_cv_header_stdc=yes
ac_cv_header_stdint_h=yes
ac_cv_header_stdlib_h=yes
ac_cv_header_string_h=yes
ac_cv_header_strings_h=yes
ac_cv_header_sys_param_h=yes
ac_cv_header_sys_stat_h=yes
ac_cv_header_sys_types_h=yes
ac_cv_header_sys_wait_h=yes
ac_cv_header_unistd_h=yes
ac_cv_header_values_h=yes
ac_cv_lib_ieee_main=no
ac_cv_lib_inet_main=no
ac_cv_objext=o
ac_cv_prog_CPP='gcc -E'
ac_cv_prog_ac_ct_AR=ar
ac_cv_prog_ac_ct_CC=gcc
ac_cv_prog_ac_ct_RANLIB=ranlib
ac_cv_prog_cc_g=yes
ac_cv_prog_cc_stdc=
ac_cv_prog_egrep='grep -E'
ac_cv_prog_make_make_set=yes
ac_cv_type_intptr_t=yes
tcl_cv_cast_to_union=yes
tcl_cv_cc_pipe=yes
tcl_cv_cc_visibility_hidden=yes
tcl_cv_dirent_h=yes
tcl_cv_eh_disposition=no
tcl_cv_flag__isoc99_source=no
tcl_cv_flag__largefile64_source=yes
tcl_cv_flag__largefile_source64=no
tcl_cv_seh=no
tcl_cv_sys_version=Linux-4.15.0-20-generic
tcl_cv_type_64bit=none
tcl_cv_winnt_ignore_void=no

## ----------------- ##
## Output variables. ##
## ----------------- ##

AR='ar'
CC='gcc'
CELIB_DIR=''
CFLAGS=' -pipe ${CFLAGS_DEFAULT} ${CFLAGS_WARNING} ${SHLIB_CFLAGS} '
CFLAGS_DEBUG='-g'
CFLAGS_DEFAULT='-O2 -fomit-frame-pointer -DNDEBUG'
CFLAGS_OPTIMIZE='-O2 -fomit-frame-pointer'
CFLAGS_WARNING='-Wall'
CLEANFILES=''
CONFIG_CLEAN_FILES=''
CPP='gcc -E'
CPPFLAGS=''
CYGPATH='echo'
DEFS='-DPACKAGE_NAME=\"itcl\" -DPACKAGE_TARNAME=\"itcl\" -DPACKAGE_VERSION=\"4.0.0\" -DPACKAGE_STRING=\"itcl\ 4.0.0\" -DPACKAGE_BUGREPORT=\"\" -DBUILD_itcl= -DSTDC_HEADERS=1 -DHAVE_SYS_TYPES_H=1 -DHAVE_SYS_STAT_H=1 -DHAVE_STDLIB_H=1 -DHAVE_STRING_H=1 -DHAVE_MEMORY_H=1 -DHAVE_STRINGS_H=1 -DHAVE_INTTYPES_H=1 -DHAVE_STDINT_H=1 -DHAVE_UNISTD_H=1 -DHAVE_LIMITS_H=1 -DHAVE_SYS_PARAM_H=1 -DTCL_THREADS=1 -DMODULE_SCOPE=extern\ __attribute__\(\(__visibility__\(\"hidden\"\)\)\) -DHAVE_NO_SEH=1 -DEXCEPTION_DISPOSITION=int -DHAVE_CAST_TO_UNION=1 -D_LARGEFILE64_SOURCE=1 -DTCL_WIDE_INT_IS_LONG=1 -DHAVE_INTPTR_T=1 -DUSE_TCL_STUBS=1 '
ECHO_C=''
ECHO_N='-n'
ECHO_T=''
EGREP='grep -E'
EXEEXT=''
LDFLAGS=' -Wl,--export-dynamic '
LDFLAGS_DEFAULT=' -Wl,--export-dynamic '
LD_LIBRARY_PATH_VAR='LD_LIBRARY_PATH'
LIBOBJS=''
LIBS=''
LN_S='ln -s'
LTLIBOBJS=''
MAJOR_VERSION=''
MAKE_LIB='${SHLIB_LD} -o $@ $(PKG_OBJECTS) ${SHLIB_LD_LIBS} '
MAKE_SHARED_LIB='${SHLIB_LD} -o $@ $(PKG_OBJECTS) ${SHLIB_LD_LIBS}'
MAKE_STATIC_LIB='${STLIB_LD} $@ $(PKG_OBJECTS)'
MAKE_STUB_LIB='${STLIB_LD} $@ $(PKG_STUB_OBJECTS)'
MATH_LIBS='-lm'
MINOR_VERSION=''
OBJEXT='o'
PACKAGE_BUGREPORT=''
PACKAGE_NAME='itcl'
PACKAGE_STRING='itcl 4.0.0'
PACKAGE_TARNAME='itcl'
PACKAGE_VERSION='4.0.0'
PATCHLEVEL=''
PATH_SEPARATOR=':'
PKG_CFLAGS=' -DUSE_TCLOO_STUBS'
PKG_HEADERS=' generic/itcl.h generic/itclDecls.h generic/itclInt.h generic/itclMigrate2TclCore.h generic/itclTclIntStubsFcn.h generic/itcl2TclOO.h generic/itclIntDecls.h'
PKG_INCLUDES=' -I. -I"/home/xhw/redis/tcl8.6.1/pkgs/itcl4.0.0/generic"'
PKG_LIBS=''
PKG_LIB_FILE='libitcl4.0.0.so'
PKG_OBJECTS=' itcl2TclOO.o itclBase.o itclBuiltin.o itclClass.o itclCmd.o itclEnsemble.o itclHelpers.o itclInfo.o itclLinkage.o itclMethod.o itclObject.o itclParse.o itclStubs.o itclStubInit.o itclResolve.o itclTclIntStubsFcn.o itclUtil.o itclMigrate2TclCore.o'
PKG_SOURCES=' itcl2TclOO.c itclBase.c itclBuiltin.c itclClass.c itclCmd.c itclEnsemble.c itclHelpers.c itclInfo.c itclLinkage.c itclMethod.c itclObject.c itclParse.c itclStubs.c itclStubInit.c itclResolve.c itclTclIntStubsFcn.c itclUtil.c itclMigrate2TclCore.c'
PKG_STUB_LIB_FILE='libitclstub4.0.0.a'
PKG_STUB_OBJECTS=' itclStubLib.o'
PKG_STUB_SOURCES=' itclStubLib.c'
PKG_TCL_SOURCES=' library/itcl.tcl library/itclWidget.tcl library/itclHullCmds.tcl'
RANLIB=':'
RANLIB_STUB='ranlib'
RC=''
SET_MAKE=''
SHARED_BUILD='1'
SHELL='/bin/bash'
SHLIB_CFLAGS='-fPIC'
SHLIB_LD='${CC} -shared ${CFLAGS} ${LDFLAGS_DEFAULT}'
SHLIB_LD_LIBS='${LIBS} -L/home/xhw/redis/tcl8.6.1/unix -ltclstub8.6'
STLIB_LD='${AR} cr'
TCLSH_PROG='/home/xhw/redis/tcl8.6.1/unix/tclsh'
TCL_BIN_DIR='/home/xhw/redis/tcl8.6.1/unix'
TCL_DBGX=''
TCL_DEFS='-DPACKAGE_NAME=\"tcl\" -DPACKAGE_TARNAME=\"tcl\" -DPACKAGE_VERSION=\"8.6\" -DPACKAGE_STRING=\"tcl\ 8.6\" -DPACKAGE_BUGREPORT=\"\" -DSTDC_HEADERS=1 -DHAVE_SYS_TYPES_H=1 -DHAVE_SYS_STAT_H=1 -DHAVE_STDLIB_H=1 -DHAVE_STRING_H=1 -DHAVE_MEMORY_H=1 -DHAVE_STRINGS_H=1 -DHAVE_INTTYPES_H=1 -DHAVE_STDINT_H=1 -DHAVE_UNISTD_H=1 -DHAVE_LIMITS_H=1 -DHAVE_SYS_PARAM_H=1 -DUSE_THREAD_ALLOC=1 -D_REENTRANT=1 -D_THREAD_SAFE=1 -DHAVE_PTHREAD_ATTR_SETSTACKSIZE=1 -DHAVE_PTHREAD_ATFORK=1 -DTCL_THREADS=1 -DTCL_CFGVAL_ENCODING=\"iso8859-1\" -DHAVE_ZLIB=1 -DMODULE_SCOPE=extern -DHAVE_CAST_TO_UNION=1 -DTCL_SHLIB_EXT=\".so\" -DNDEBUG=1 -DTCL_CFG_OPTIMIZED=1 -DTCL_TOMMATH=1 -DMP_PREC=4 -D_LARGEFILE64_SOURCE=1 -DTCL_WIDE_INT_IS_LONG=1 -DHAVE_GETCWD=1 -DHAVE_MKSTEMP=1 -DHAVE_OPENDIR=1 -DHAVE_STRTOL=1 -DHAVE_WAITPID=1 -DHAVE_GETNAMEINFO=1 -DHAVE_GETADDRINFO=1 -DHAVE_FREEADDRINFO=1 -DHAVE_GAI_STRERROR=1 -DHAVE_STRUCT_ADDRINFO=1 -DHAVE_STRUCT_IN6_ADDR=1 -DHAVE_STRUCT_SOCKADDR_IN6=1 -DHAVE_STRUCT_SOCKADDR_STORAGE=1 -DHAVE_GETPWUID_R_5=1 -DHAVE_GETPWUID_R=1 -DHAVE_GETPWNAM_R_5=1 -DHAVE_GETPWNAM_R=1 -DHAVE_GETGRGID_R_5=1 -DHAVE_GETGRGID_R=1 -DHAVE_GETGRNAM_R_5=1 -DHAVE_GETGRNAM_R=1 -DHAVE_GETHOSTBYNAME_R_6=1 -DHAVE_GETHOSTBYNAME_R=1 -DHAVE_GETHOSTBYADDR_R_8=1 -DHAVE_GETHOSTBYADDR_R=1 -DHAVE_TERMIOS_H=1 -DHAVE_SYS_IOCTL_H=1 -DHAVE_SYS_TIME_H=1 -DTIME_WITH_SYS_TIME=1 -DHAVE_GMTIME_R=1 -DHAVE_LOCALTIME_R=1 -DHAVE_MKTIME=1 -DHAVE_TM_GMTOFF=1 -DHAVE_TIMEZONE_VAR=1 -DHAVE_STRUCT_STAT_ST_BLOCKS=1 -DHAVE_STRUCT_STAT_ST_BLKSIZE=1 -DHAVE_BLKCNT_T=1 -DHAVE_INTPTR_T=1 -DHAVE_UINTPTR_T=1 -DNO_UNION_WAIT=1 -DHAVE_SIGNED_CHAR=1 -DHAVE_LANGINFO=1 -DHAVE_MKSTEMPS=1 -DHAVE_FTS=1 -DHAVE_SYS_IOCTL_H=1 -DTCL_UNLOAD_DLLS=1 -DHAVE_CPUID=1 '
TCL_EXTRA_CFLAGS=' -pipe -fvisibility=hidden '
TCL_INCLUDES='-I"/home/xhw/redis/tcl8.6.1/generic" -I"/home/xhw/redis/tcl8.6.1/unix"'
TCL_LD_FLAGS=' -Wl,--export-dynamic '
TCL_LIBS='${DL_LIBS} ${LIBS} ${MATH_LIBS}'
TCL_LIB_FILE='libtcl8.6.so'
TCL_LIB_FLAG='-ltcl8.6'
TCL_LIB_SPEC='-L/home/xhw/redis/tcl8.6.1/unix -ltcl8.6'
TCL_PATCH_LEVEL='.1'
TCL_SHLIB_LD_LIBS='${LIBS}'
TCL_SRC_DIR='/home/xhw/redis/tcl8.6.1'
TCL_STUB_LIB_FILE='libtclstub8.6.a'
TCL_STUB_LIB_FLAG='-ltclstub8.6'
TCL_STUB_LIB_SPEC='-L/home/xhw/redis/tcl8.6.1/unix -ltclstub8.6'
TCL_TOP_DIR_NATIVE='"/home/xhw/redis/tcl8.6.1"'
TCL_VERSION='8.6'
VC_MANIFEST_EMBED_DLL=''
VC_MANIFEST_EMBED_EXE=''
ac_ct_AR='ar'
ac_ct_CC='gcc'
ac_ct_RANLIB='ranlib'
ac_ct_RC=''
bindir='${exec_prefix}/bin'
build_alias=''
datadir='${prefix}/share'
exec_prefix='/usr/local'
host_alias=''
includedir='${prefix}/include'
infodir='${prefix}/info'
itcl_BUILD_LIB_SPEC='-L/home/xhw/redis/tcl8.6.1/unix/pkgs/itcl4.0.0 -litcl4.0.0'
itcl_BUILD_STUB_LIB_PATH='/home/xhw/redis/tcl8.6.1/unix/pkgs/itcl4.0.0/libitclstub4.0.0.a'
itcl_BUILD_STUB_LIB_SPEC='-L/home/xhw/redis/tcl8.6.1/unix/pkgs/itcl4.0.0 -litclstub4.0.0'
itcl_INCLUDE_SPEC='/home/xhw/redis/tcl8.6.1/pkgs/itcl4.0.0/generic'
itcl_LIB_FILE='libitcl4.0.0.so'
itcl_LIB_SPEC='-L/usr/local/lib/itcl4.0.0 -litcl4.0.0'
itcl_SRC_DIR='/home/xhw/redis/tcl8.6.1/pkgs/itcl4.0.0'
itcl_STUB_LIB_FILE='libitclstub4.0.0.a'
itcl_STUB_LIB_PATH='/usr/local/lib/itcl4.0.0/libitclstub4.0.0.a'
itcl_STUB_LIB_SPEC='-L/usr/local/lib/itcl4.0.0 -litclstub4.0.0'
libdir='/usr/local/lib'
libexecdir='${exec_prefix}/libexec'
localstatedir='${prefix}/var'
mandir='${prefix}/man'
oldincludedir='/usr/include'
prefix='/usr/local'
program_transform_name='s,x,x,'
sbindir='${exec_prefix}/sbin'
sharedstatedir='${prefix}/com'
sysconfdir='${prefix}/etc'
target_alias=''

## ----------- ##
## confdefs.h. ##
## ----------- ##

#define BUILD_itcl
#define EXCEPTION_DISPOSITION int
#define HAVE_CAST_TO_UNION 1
#define HAVE_INTPTR_T 1
#define HAVE_INTTYPES_H 1
#define HAVE_LIMITS_H 1
#define HAVE_MEMORY_H 1
#define HAVE_NO_SEH 1
#define HAVE_STDINT_H 1
#define HAVE_STDLIB_H 1
#define HAVE_STRINGS_H 1
#define HAVE_STRING_H 1
#define HAVE_SYS_PARAM_H 1
#define HAVE_SYS_STAT_H 1
#define HAVE_SYS_TYPES_H 1
#define HAVE_UNISTD_H 1
#define MODULE_SCOPE extern __attribute__((__visibility__("hidden")))
#define PACKAGE_BUGREPORT ""
#define PACKAGE_NAME "itcl"
#define PACKAGE_STRING "itcl 4.0.0"
#define PACKAGE_TARNAME "itcl"
#define PACKAGE_VERSION "4.0.0"
#define STDC_HEADERS 1
#define TCL_THREADS 1
#define TCL_WIDE_INT_IS_LONG 1
#define USE_TCL_STUBS 1
#define _LARGEFILE64_SOURCE 1

configure: exit 0
