This file contains any messages produced by compilers while
running configure, to aid debugging if configure makes a mistake.

It was created by libeXosip2 configure 5.1.0, which was
generated by GNU Autoconf 2.69.  Invocation command line was

  $ ./configure 

## --------- ##
## Platform. ##
## --------- ##

hostname = ubuntu
uname -m = x86_64
uname -r = 4.15.0-20-generic
uname -s = Linux
uname -v = #21-Ubuntu SMP Tue Apr 24 06:16:15 UTC 2018

/usr/bin/uname -p = unknown
/bin/uname -X     = unknown

/bin/arch              = unknown
/usr/bin/arch -k       = unknown
/usr/convex/getsysinfo = unknown
/usr/bin/hostinfo      = unknown
/bin/machine           = unknown
/usr/bin/oslevel       = unknown
/bin/universe          = unknown

PATH: /usr/local/sbin
PATH: /usr/local/bin
PATH: /usr/sbin
PATH: /usr/bin
PATH: /sbin
PATH: /bin
PATH: /usr/games
PATH: /usr/local/games
PATH: /snap/bin


## ----------- ##
## Core tests. ##
## ----------- ##

configure:2280: libeXosip2              The Extended Open SIP library.
configure:2282: Copyright (C) 2002-2015 Aymeric MOIZARD - <amoizard@antisip.com>
configure:2290: result: Configuring  
configure:2293: result: Building Package on linux
configure:2344: checking for a BSD-compatible install
configure:2412: result: /usr/bin/install -c
configure:2423: checking whether build environment is sane
configure:2478: result: yes
configure:2629: checking for a thread-safe mkdir -p
configure:2668: result: /bin/mkdir -p
configure:2675: checking for gawk
configure:2705: result: no
configure:2675: checking for mawk
configure:2691: found /usr/bin/mawk
configure:2702: result: mawk
configure:2713: checking whether make sets $(MAKE)
configure:2735: result: yes
configure:2764: checking whether make supports nested variables
configure:2781: result: yes
configure:2918: checking whether make supports nested variables
configure:2935: result: yes
configure:2952: checking build system type
configure:2966: result: x86_64-unknown-linux-gnu
configure:2986: checking host system type
configure:2999: result: x86_64-unknown-linux-gnu
configure:3069: checking for gcc
configure:3085: found /usr/bin/gcc
configure:3096: result: gcc
configure:3325: checking for C compiler version
configure:3334: gcc --version >&5
gcc (Ubuntu 7.3.0-27ubuntu1~18.04) 7.3.0
Copyright (C) 2017 Free Software Foundation, Inc.
This is free software; see the source for copying conditions.  There is NO
warranty; not even for MERCHANTABILITY or FITNESS FOR A PARTICULAR PURPOSE.

configure:3345: $? = 0
configure:3334: gcc -v >&5
Using built-in specs.
COLLECT_GCC=gcc
COLLECT_LTO_WRAPPER=/usr/lib/gcc/x86_64-linux-gnu/7/lto-wrapper
OFFLOAD_TARGET_NAMES=nvptx-none
OFFLOAD_TARGET_DEFAULT=1
Target: x86_64-linux-gnu
Configured with: ../src/configure -v --with-pkgversion='Ubuntu 7.3.0-27ubuntu1~18.04' --with-bugurl=file:///usr/share/doc/gcc-7/README.Bugs --enable-languages=c,ada,c++,go,brig,d,fortran,objc,obj-c++ --prefix=/usr --with-gcc-major-version-only --program-suffix=-7 --program-prefix=x86_64-linux-gnu- --enable-shared --enable-linker-build-id --libexecdir=/usr/lib --without-included-gettext --enable-threads=posix --libdir=/usr/lib --enable-nls --with-sysroot=/ --enable-clocale=gnu --enable-libstdcxx-debug --enable-libstdcxx-time=yes --with-default-libstdcxx-abi=new --enable-gnu-unique-object --disable-vtable-verify --enable-libmpx --enable-plugin --enable-default-pie --with-system-zlib --with-target-system-zlib --enable-objc-gc=auto --enable-multiarch --disable-werror --with-arch-32=i686 --with-abi=m64 --with-multilib-list=m32,m64,mx32 --enable-multilib --with-tune=generic --enable-offload-targets=nvptx-none --without-cuda-driver --enable-checking=release --build=x86_64-linux-gnu --host=x86_64-linux-gnu --target=x86_64-linux-gnu
Thread model: posix
gcc version 7.3.0 (Ubuntu 7.3.0-27ubuntu1~18.04) 
configure:3345: $? = 0
configure:3334: gcc -V >&5
gcc: error: unrecognized command line option '-V'
gcc: fatal error: no input files
compilation terminated.
configure:3345: $? = 1
configure:3334: gcc -qversion >&5
gcc: error: unrecognized command line option '-qversion'; did you mean '--version'?
gcc: fatal error: no input files
compilation terminated.
configure:3345: $? = 1
configure:3365: checking whether the C compiler works
configure:3387: gcc    conftest.c  >&5
configure:3391: $? = 0
configure:3439: result: yes
configure:3442: checking for C compiler default output file name
configure:3444: result: a.out
configure:3450: checking for suffix of executables
configure:3457: gcc -o conftest    conftest.c  >&5
configure:3461: $? = 0
configure:3483: result: 
configure:3505: checking whether we are cross compiling
configure:3513: gcc -o conftest    conftest.c  >&5
configure:3517: $? = 0
configure:3524: ./conftest
configure:3528: $? = 0
configure:3543: result: no
configure:3548: checking for suffix of object files
configure:3570: gcc -c   conftest.c >&5
configure:3574: $? = 0
configure:3595: result: o
configure:3599: checking whether we are using the GNU C compiler
configure:3618: gcc -c   conftest.c >&5
configure:3618: $? = 0
configure:3627: result: yes
configure:3636: checking whether gcc accepts -g
configure:3656: gcc -c -g  conftest.c >&5
configure:3656: $? = 0
configure:3697: result: yes
configure:3714: checking for gcc option to accept ISO C89
configure:3777: gcc  -c -g -O2  conftest.c >&5
configure:3777: $? = 0
configure:3790: result: none needed
configure:3815: checking whether gcc understands -c and -o together
configure:3837: gcc -c conftest.c -o conftest2.o
configure:3840: $? = 0
configure:3837: gcc -c conftest.c -o conftest2.o
configure:3840: $? = 0
configure:3852: result: yes
configure:3880: checking for style of include used by make
configure:3908: result: GNU
configure:3934: checking dependency style of gcc
configure:4045: result: gcc3
configure:4065: checking how to run the C preprocessor
configure:4096: gcc -E  conftest.c
configure:4096: $? = 0
configure:4110: gcc -E  conftest.c
conftest.c:11:10: fatal error: ac_nonexistent.h: No such file or directory
 #include <ac_nonexistent.h>
          ^~~~~~~~~~~~~~~~~~
compilation terminated.
configure:4110: $? = 1
configure: failed program was:
| /* confdefs.h */
| #define PACKAGE_NAME "libeXosip2"
| #define PACKAGE_TARNAME "libexosip2"
| #define PACKAGE_VERSION "5.1.0"
| #define PACKAGE_STRING "libeXosip2 5.1.0"
| #define PACKAGE_BUGREPORT ""
| #define PACKAGE_URL ""
| #define PACKAGE "libexosip2"
| #define VERSION "5.1.0"
| /* end confdefs.h.  */
| #include <ac_nonexistent.h>
configure:4135: result: gcc -E
configure:4155: gcc -E  conftest.c
configure:4155: $? = 0
configure:4169: gcc -E  conftest.c
conftest.c:11:10: fatal error: ac_nonexistent.h: No such file or directory
 #include <ac_nonexistent.h>
          ^~~~~~~~~~~~~~~~~~
compilation terminated.
configure:4169: $? = 1
configure: failed program was:
| /* confdefs.h */
| #define PACKAGE_NAME "libeXosip2"
| #define PACKAGE_TARNAME "libexosip2"
| #define PACKAGE_VERSION "5.1.0"
| #define PACKAGE_STRING "libeXosip2 5.1.0"
| #define PACKAGE_BUGREPORT ""
| #define PACKAGE_URL ""
| #define PACKAGE "libexosip2"
| #define VERSION "5.1.0"
| /* end confdefs.h.  */
| #include <ac_nonexistent.h>
configure:4199: checking for a sed that does not truncate output
configure:4263: result: /bin/sed
configure:4314: checking how to print strings
configure:4341: result: printf
configure:4362: checking for a sed that does not truncate output
configure:4426: result: /bin/sed
configure:4444: checking for grep that handles long lines and -e
configure:4502: result: /bin/grep
configure:4507: checking for egrep
configure:4569: result: /bin/grep -E
configure:4574: checking for fgrep
configure:4636: result: /bin/grep -F
configure:4671: checking for ld used by gcc
configure:4738: result: /usr/bin/ld
configure:4745: checking if the linker (/usr/bin/ld) is GNU ld
configure:4760: result: yes
configure:4772: checking for BSD- or MS-compatible name lister (nm)
configure:4826: result: /usr/bin/nm -B
configure:4956: checking the name lister (/usr/bin/nm -B) interface
configure:4963: gcc -c -g -O2  conftest.c >&5
configure:4966: /usr/bin/nm -B "conftest.o"
configure:4969: output
0000000000000000 B some_variable
configure:4976: result: BSD nm
configure:4979: checking whether ln -s works
configure:4983: result: yes
configure:4991: checking the maximum length of command line arguments
configure:5122: result: 1572864
configure:5170: checking how to convert x86_64-unknown-linux-gnu file names to x86_64-unknown-linux-gnu format
configure:5210: result: func_convert_file_noop
configure:5217: checking how to convert x86_64-unknown-linux-gnu file names to toolchain format
configure:5237: result: func_convert_file_noop
configure:5244: checking for /usr/bin/ld option to reload object files
configure:5251: result: -r
configure:5325: checking for objdump
configure:5341: found /usr/bin/objdump
configure:5352: result: objdump
configure:5384: checking how to recognize dependent libraries
configure:5584: result: pass_all
configure:5669: checking for dlltool
configure:5699: result: no
configure:5729: checking how to associate runtime and link libraries
configure:5756: result: printf %s\n
configure:5817: checking for ar
configure:5833: found /usr/bin/ar
configure:5844: result: ar
configure:5881: checking for archiver @FILE support
configure:5898: gcc -c -g -O2  conftest.c >&5
configure:5898: $? = 0
configure:5901: ar cru libconftest.a @conftest.lst >&5
ar: `u' modifier ignored since `D' is the default (see `U')
configure:5904: $? = 0
configure:5909: ar cru libconftest.a @conftest.lst >&5
ar: `u' modifier ignored since `D' is the default (see `U')
ar: conftest.o: No such file or directory
configure:5912: $? = 1
configure:5924: result: @
configure:5982: checking for strip
configure:5998: found /usr/bin/strip
configure:6009: result: strip
configure:6081: checking for ranlib
configure:6097: found /usr/bin/ranlib
configure:6108: result: ranlib
configure:6210: checking command to parse /usr/bin/nm -B output from gcc object
configure:6363: gcc -c -g -O2  conftest.c >&5
configure:6366: $? = 0
configure:6370: /usr/bin/nm -B conftest.o \| sed -n -e 's/^.*[ ]\([ABCDGIRSTW][ABCDGIRSTW]*\)[ ][ ]*\([_A-Za-z][_A-Za-z0-9]*\)$/\1 \2 \2/p' | sed '/ __gnu_lto/d' \> conftest.nm
configure:6373: $? = 0
configure:6439: gcc -o conftest -g -O2   conftest.c conftstm.o >&5
configure:6442: $? = 0
configure:6480: result: ok
configure:6527: checking for sysroot
configure:6557: result: no
configure:6564: checking for a working dd
configure:6602: result: /bin/dd
configure:6606: checking how to truncate binary pipes
configure:6621: result: /bin/dd bs=4096 count=1
configure:6757: gcc -c -g -O2  conftest.c >&5
configure:6760: $? = 0
configure:6950: checking for mt
configure:6966: found /bin/mt
configure:6977: result: mt
configure:7000: checking if mt is a manifest tool
configure:7006: mt '-?'
configure:7014: result: no
configure:7687: checking for ANSI C header files
configure:7707: gcc -c -g -O2  conftest.c >&5
configure:7707: $? = 0
configure:7780: gcc -o conftest -g -O2   conftest.c  >&5
configure:7780: $? = 0
configure:7780: ./conftest
configure:7780: $? = 0
configure:7791: result: yes
configure:7804: checking for sys/types.h
configure:7804: gcc -c -g -O2  conftest.c >&5
configure:7804: $? = 0
configure:7804: result: yes
configure:7804: checking for sys/stat.h
configure:7804: gcc -c -g -O2  conftest.c >&5
configure:7804: $? = 0
configure:7804: result: yes
configure:7804: checking for stdlib.h
configure:7804: gcc -c -g -O2  conftest.c >&5
configure:7804: $? = 0
configure:7804: result: yes
configure:7804: checking for string.h
configure:7804: gcc -c -g -O2  conftest.c >&5
configure:7804: $? = 0
configure:7804: result: yes
configure:7804: checking for memory.h
configure:7804: gcc -c -g -O2  conftest.c >&5
configure:7804: $? = 0
configure:7804: result: yes
configure:7804: checking for strings.h
configure:7804: gcc -c -g -O2  conftest.c >&5
configure:7804: $? = 0
configure:7804: result: yes
configure:7804: checking for inttypes.h
configure:7804: gcc -c -g -O2  conftest.c >&5
configure:7804: $? = 0
configure:7804: result: yes
configure:7804: checking for stdint.h
configure:7804: gcc -c -g -O2  conftest.c >&5
configure:7804: $? = 0
configure:7804: result: yes
configure:7804: checking for unistd.h
configure:7804: gcc -c -g -O2  conftest.c >&5
configure:7804: $? = 0
configure:7804: result: yes
configure:7818: checking for dlfcn.h
configure:7818: gcc -c -g -O2  conftest.c >&5
configure:7818: $? = 0
configure:7818: result: yes
configure:8074: checking for objdir
configure:8089: result: .libs
configure:8353: checking if gcc supports -fno-rtti -fno-exceptions
configure:8371: gcc -c -g -O2  -fno-rtti -fno-exceptions conftest.c >&5
cc1: warning: command line option '-fno-rtti' is valid for C++/ObjC++ but not for C
configure:8375: $? = 0
configure:8388: result: no
configure:8746: checking for gcc option to produce PIC
configure:8753: result: -fPIC -DPIC
configure:8761: checking if gcc PIC flag -fPIC -DPIC works
configure:8779: gcc -c -g -O2  -fPIC -DPIC -DPIC conftest.c >&5
configure:8783: $? = 0
configure:8796: result: yes
configure:8825: checking if gcc static flag -static works
configure:8853: result: yes
configure:8868: checking if gcc supports -c -o file.o
configure:8889: gcc -c -g -O2  -o out/conftest2.o conftest.c >&5
configure:8893: $? = 0
configure:8915: result: yes
configure:8923: checking if gcc supports -c -o file.o
configure:8970: result: yes
configure:9003: checking whether the gcc linker (/usr/bin/ld -m elf_x86_64) supports shared libraries
configure:10266: result: yes
configure:10303: checking whether -lc should be explicitly linked in
configure:10311: gcc -c -g -O2  conftest.c >&5
configure:10314: $? = 0
configure:10329: gcc -shared  -fPIC -DPIC conftest.o  -v -Wl,-soname -Wl,conftest -o conftest 2\>\&1 \| /bin/grep  -lc  \>/dev/null 2\>\&1
configure:10332: $? = 0
configure:10346: result: no
configure:10506: checking dynamic linker characteristics
configure:11087: gcc -o conftest -g -O2   -Wl,-rpath -Wl,/foo conftest.c  >&5
configure:11087: $? = 0
configure:11336: result: GNU/Linux ld.so
configure:11458: checking how to hardcode library paths into programs
configure:11483: result: immediate
configure:12031: checking whether stripping libraries is possible
configure:12036: result: yes
configure:12071: checking if libtool supports shared libraries
configure:12073: result: yes
configure:12076: checking whether to build shared libraries
configure:12101: result: yes
configure:12104: checking whether to build static libraries
configure:12108: result: yes
configure:12346: checking if compiler needs -Werror to reject unknown flags
configure:12362: gcc -c -g -O2 -Werror -Wunknown-warning-option -Wsizeof-array-argument  conftest.c >&5
gcc: error: unrecognized command line option '-Wunknown-warning-option'
configure:12362: $? = 1
configure: failed program was:
| /* confdefs.h */
| #define PACKAGE_NAME "libeXosip2"
| #define PACKAGE_TARNAME "libexosip2"
| #define PACKAGE_VERSION "5.1.0"
| #define PACKAGE_STRING "libeXosip2 5.1.0"
| #define PACKAGE_BUGREPORT ""
| #define PACKAGE_URL ""
| #define PACKAGE "libexosip2"
| #define VERSION "5.1.0"
| #define STDC_HEADERS 1
| #define HAVE_SYS_TYPES_H 1
| #define HAVE_SYS_STAT_H 1
| #define HAVE_STDLIB_H 1
| #define HAVE_STRING_H 1
| #define HAVE_MEMORY_H 1
| #define HAVE_STRINGS_H 1
| #define HAVE_INTTYPES_H 1
| #define HAVE_STDINT_H 1
| #define HAVE_UNISTD_H 1
| #define HAVE_DLFCN_H 1
| #define LT_OBJDIR ".libs/"
| /* end confdefs.h.  */
| int foo(void);
| int
| main ()
| {
| foo()
|   ;
|   return 0;
| }
configure:12367: result: no
configure:12433: checking for the pthreads library -lpthreads
configure:12471: gcc -o conftest -g -O2     conftest.c -lpthreads  >&5
/usr/bin/ld: cannot find -lpthreads
collect2: error: ld returned 1 exit status
configure:12471: $? = 1
configure: failed program was:
| /* confdefs.h */
| #define PACKAGE_NAME "libeXosip2"
| #define PACKAGE_TARNAME "libexosip2"
| #define PACKAGE_VERSION "5.1.0"
| #define PACKAGE_STRING "libeXosip2 5.1.0"
| #define PACKAGE_BUGREPORT ""
| #define PACKAGE_URL ""
| #define PACKAGE "libexosip2"
| #define VERSION "5.1.0"
| #define STDC_HEADERS 1
| #define HAVE_SYS_TYPES_H 1
| #define HAVE_SYS_STAT_H 1
| #define HAVE_STDLIB_H 1
| #define HAVE_STRING_H 1
| #define HAVE_MEMORY_H 1
| #define HAVE_STRINGS_H 1
| #define HAVE_INTTYPES_H 1
| #define HAVE_STDINT_H 1
| #define HAVE_UNISTD_H 1
| #define HAVE_DLFCN_H 1
| #define LT_OBJDIR ".libs/"
| /* end confdefs.h.  */
| #include <pthread.h>
|                         static void routine(void *a) { a = 0; }
|                         static void *start_routine(void *a) { return a; }
| int
| main ()
| {
| pthread_t th; pthread_attr_t attr;
|                         pthread_create(&th, 0, start_routine, 0);
|                         pthread_join(th, 0);
|                         pthread_attr_init(&attr);
|                         pthread_cleanup_push(routine, 0);
|                         pthread_cleanup_pop(0) /* ; */
|   ;
|   return 0;
| }
configure:12480: result: no
configure:12378: checking whether pthreads work without any flags
configure:12471: gcc -o conftest -g -O2     conftest.c   >&5
/tmp/ccTiiYl2.o: In function `main':
/home/xhw/gb28181_2016/libs/libexosip2-5.1.0/conftest.c:30: undefined reference to `pthread_create'
/home/xhw/gb28181_2016/libs/libexosip2-5.1.0/conftest.c:31: undefined reference to `pthread_join'
/home/xhw/gb28181_2016/libs/libexosip2-5.1.0/conftest.c:33: undefined reference to `__pthread_register_cancel'
/home/xhw/gb28181_2016/libs/libexosip2-5.1.0/conftest.c:34: undefined reference to `__pthread_unregister_cancel'
collect2: error: ld returned 1 exit status
configure:12471: $? = 1
configure: failed program was:
| /* confdefs.h */
| #define PACKAGE_NAME "libeXosip2"
| #define PACKAGE_TARNAME "libexosip2"
| #define PACKAGE_VERSION "5.1.0"
| #define PACKAGE_STRING "libeXosip2 5.1.0"
| #define PACKAGE_BUGREPORT ""
| #define PACKAGE_URL ""
| #define PACKAGE "libexosip2"
| #define VERSION "5.1.0"
| #define STDC_HEADERS 1
| #define HAVE_SYS_TYPES_H 1
| #define HAVE_SYS_STAT_H 1
| #define HAVE_STDLIB_H 1
| #define HAVE_STRING_H 1
| #define HAVE_MEMORY_H 1
| #define HAVE_STRINGS_H 1
| #define HAVE_INTTYPES_H 1
| #define HAVE_STDINT_H 1
| #define HAVE_UNISTD_H 1
| #define HAVE_DLFCN_H 1
| #define LT_OBJDIR ".libs/"
| /* end confdefs.h.  */
| #include <pthread.h>
|                         static void routine(void *a) { a = 0; }
|                         static void *start_routine(void *a) { return a; }
| int
| main ()
| {
| pthread_t th; pthread_attr_t attr;
|                         pthread_create(&th, 0, start_routine, 0);
|                         pthread_join(th, 0);
|                         pthread_attr_init(&attr);
|                         pthread_cleanup_push(routine, 0);
|                         pthread_cleanup_pop(0) /* ; */
|   ;
|   return 0;
| }
configure:12480: result: no
configure:12383: checking whether pthreads work with -Kthread
configure:12471: gcc -o conftest -g -O2 -Kthread    conftest.c   >&5
gcc: error: unrecognized command line option '-Kthread'; did you mean '-pthread'?
configure:12471: $? = 1
configure: failed program was:
| /* confdefs.h */
| #define PACKAGE_NAME "libeXosip2"
| #define PACKAGE_TARNAME "libexosip2"
| #define PACKAGE_VERSION "5.1.0"
| #define PACKAGE_STRING "libeXosip2 5.1.0"
| #define PACKAGE_BUGREPORT ""
| #define PACKAGE_URL ""
| #define PACKAGE "libexosip2"
| #define VERSION "5.1.0"
| #define STDC_HEADERS 1
| #define HAVE_SYS_TYPES_H 1
| #define HAVE_SYS_STAT_H 1
| #define HAVE_STDLIB_H 1
| #define HAVE_STRING_H 1
| #define HAVE_MEMORY_H 1
| #define HAVE_STRINGS_H 1
| #define HAVE_INTTYPES_H 1
| #define HAVE_STDINT_H 1
| #define HAVE_UNISTD_H 1
| #define HAVE_DLFCN_H 1
| #define LT_OBJDIR ".libs/"
| /* end confdefs.h.  */
| #include <pthread.h>
|                         static void routine(void *a) { a = 0; }
|                         static void *start_routine(void *a) { return a; }
| int
| main ()
| {
| pthread_t th; pthread_attr_t attr;
|                         pthread_create(&th, 0, start_routine, 0);
|                         pthread_join(th, 0);
|                         pthread_attr_init(&attr);
|                         pthread_cleanup_push(routine, 0);
|                         pthread_cleanup_pop(0) /* ; */
|   ;
|   return 0;
| }
configure:12480: result: no
configure:12383: checking whether pthreads work with -kthread
configure:12471: gcc -o conftest -g -O2 -kthread    conftest.c   >&5
gcc: error: unrecognized command line option '-kthread'; did you mean '-pthread'?
configure:12471: $? = 1
configure: failed program was:
| /* confdefs.h */
| #define PACKAGE_NAME "libeXosip2"
| #define PACKAGE_TARNAME "libexosip2"
| #define PACKAGE_VERSION "5.1.0"
| #define PACKAGE_STRING "libeXosip2 5.1.0"
| #define PACKAGE_BUGREPORT ""
| #define PACKAGE_URL ""
| #define PACKAGE "libexosip2"
| #define VERSION "5.1.0"
| #define STDC_HEADERS 1
| #define HAVE_SYS_TYPES_H 1
| #define HAVE_SYS_STAT_H 1
| #define HAVE_STDLIB_H 1
| #define HAVE_STRING_H 1
| #define HAVE_MEMORY_H 1
| #define HAVE_STRINGS_H 1
| #define HAVE_INTTYPES_H 1
| #define HAVE_STDINT_H 1
| #define HAVE_UNISTD_H 1
| #define HAVE_DLFCN_H 1
| #define LT_OBJDIR ".libs/"
| /* end confdefs.h.  */
| #include <pthread.h>
|                         static void routine(void *a) { a = 0; }
|                         static void *start_routine(void *a) { return a; }
| int
| main ()
| {
| pthread_t th; pthread_attr_t attr;
|                         pthread_create(&th, 0, start_routine, 0);
|                         pthread_join(th, 0);
|                         pthread_attr_init(&attr);
|                         pthread_cleanup_push(routine, 0);
|                         pthread_cleanup_pop(0) /* ; */
|   ;
|   return 0;
| }
configure:12480: result: no
configure:12433: checking for the pthreads library -llthread
configure:12471: gcc -o conftest -g -O2     conftest.c -llthread  >&5
/usr/bin/ld: cannot find -llthread
collect2: error: ld returned 1 exit status
configure:12471: $? = 1
configure: failed program was:
| /* confdefs.h */
| #define PACKAGE_NAME "libeXosip2"
| #define PACKAGE_TARNAME "libexosip2"
| #define PACKAGE_VERSION "5.1.0"
| #define PACKAGE_STRING "libeXosip2 5.1.0"
| #define PACKAGE_BUGREPORT ""
| #define PACKAGE_URL ""
| #define PACKAGE "libexosip2"
| #define VERSION "5.1.0"
| #define STDC_HEADERS 1
| #define HAVE_SYS_TYPES_H 1
| #define HAVE_SYS_STAT_H 1
| #define HAVE_STDLIB_H 1
| #define HAVE_STRING_H 1
| #define HAVE_MEMORY_H 1
| #define HAVE_STRINGS_H 1
| #define HAVE_INTTYPES_H 1
| #define HAVE_STDINT_H 1
| #define HAVE_UNISTD_H 1
| #define HAVE_DLFCN_H 1
| #define LT_OBJDIR ".libs/"
| /* end confdefs.h.  */
| #include <pthread.h>
|                         static void routine(void *a) { a = 0; }
|                         static void *start_routine(void *a) { return a; }
| int
| main ()
| {
| pthread_t th; pthread_attr_t attr;
|                         pthread_create(&th, 0, start_routine, 0);
|                         pthread_join(th, 0);
|                         pthread_attr_init(&attr);
|                         pthread_cleanup_push(routine, 0);
|                         pthread_cleanup_pop(0) /* ; */
|   ;
|   return 0;
| }
configure:12480: result: no
configure:12383: checking whether pthreads work with -pthread
configure:12471: gcc -o conftest -g -O2 -pthread    conftest.c   >&5
configure:12471: $? = 0
configure:12480: result: yes
configure:12499: checking for joinable pthread attribute
configure:12514: gcc -o conftest -g -O2 -pthread   conftest.c   >&5
configure:12514: $? = 0
configure:12520: result: PTHREAD_CREATE_JOINABLE
configure:12530: checking if more special flags are required for pthreads
configure:12545: result: no
configure:12551: checking for PTHREAD_PRIO_INHERIT
configure:12568: gcc -o conftest -g -O2 -pthread   conftest.c   >&5
configure:12568: $? = 0
configure:12577: result: yes
configure:12693: checking semaphore.h usability
configure:12693: gcc -c -g -O2 -pthread  conftest.c >&5
configure:12693: $? = 0
configure:12693: result: yes
configure:12693: checking semaphore.h presence
configure:12693: gcc -E  conftest.c
configure:12693: $? = 0
configure:12693: result: yes
configure:12693: checking for semaphore.h
configure:12693: result: yes
configure:12705: checking sys/sem.h usability
configure:12705: gcc -c -g -O2 -pthread  conftest.c >&5
configure:12705: $? = 0
configure:12705: result: yes
configure:12705: checking sys/sem.h presence
configure:12705: gcc -E  conftest.c
configure:12705: $? = 0
configure:12705: result: yes
configure:12705: checking for sys/sem.h
configure:12705: result: yes
configure:12810: checking for sem_open in -lposix4
configure:12835: gcc -o conftest -g -O2 -pthread   conftest.c -lposix4    >&5
/usr/bin/ld: cannot find -lposix4
collect2: error: ld returned 1 exit status
configure:12835: $? = 1
configure: failed program was:
| /* confdefs.h */
| #define PACKAGE_NAME "libeXosip2"
| #define PACKAGE_TARNAME "libexosip2"
| #define PACKAGE_VERSION "5.1.0"
| #define PACKAGE_STRING "libeXosip2 5.1.0"
| #define PACKAGE_BUGREPORT ""
| #define PACKAGE_URL ""
| #define PACKAGE "libexosip2"
| #define VERSION "5.1.0"
| #define STDC_HEADERS 1
| #define HAVE_SYS_TYPES_H 1
| #define HAVE_SYS_STAT_H 1
| #define HAVE_STDLIB_H 1
| #define HAVE_STRING_H 1
| #define HAVE_MEMORY_H 1
| #define HAVE_STRINGS_H 1
| #define HAVE_INTTYPES_H 1
| #define HAVE_STDINT_H 1
| #define HAVE_UNISTD_H 1
| #define HAVE_DLFCN_H 1
| #define LT_OBJDIR ".libs/"
| #define HAVE_PTHREAD_PRIO_INHERIT 1
| #define HAVE_PTHREAD 1
| #define HAVE_SEMAPHORE_H 1
| #define HAVE_SYS_SEM_H 1
| /* end confdefs.h.  */
| 
| /* Override any GCC internal prototype to avoid an error.
|    Use char because int might match the return type of a GCC
|    builtin and then its argument prototype would still apply.  */
| #ifdef __cplusplus
| extern "C"
| #endif
| char sem_open ();
| int
| main ()
| {
| return sem_open ();
|   ;
|   return 0;
| }
configure:12844: result: no
configure:12850: checking for nis_add in -lnsl
configure:12875: gcc -o conftest -g -O2 -pthread   conftest.c -lnsl    >&5
configure:12875: $? = 0
configure:12884: result: yes
configure:12890: checking for sendto in -lsocket
configure:12915: gcc -o conftest -g -O2 -pthread   conftest.c -lsocket    >&5
/usr/bin/ld: cannot find -lsocket
collect2: error: ld returned 1 exit status
configure:12915: $? = 1
configure: failed program was:
| /* confdefs.h */
| #define PACKAGE_NAME "libeXosip2"
| #define PACKAGE_TARNAME "libexosip2"
| #define PACKAGE_VERSION "5.1.0"
| #define PACKAGE_STRING "libeXosip2 5.1.0"
| #define PACKAGE_BUGREPORT ""
| #define PACKAGE_URL ""
| #define PACKAGE "libexosip2"
| #define VERSION "5.1.0"
| #define STDC_HEADERS 1
| #define HAVE_SYS_TYPES_H 1
| #define HAVE_SYS_STAT_H 1
| #define HAVE_STDLIB_H 1
| #define HAVE_STRING_H 1
| #define HAVE_MEMORY_H 1
| #define HAVE_STRINGS_H 1
| #define HAVE_INTTYPES_H 1
| #define HAVE_STDINT_H 1
| #define HAVE_UNISTD_H 1
| #define HAVE_DLFCN_H 1
| #define LT_OBJDIR ".libs/"
| #define HAVE_PTHREAD_PRIO_INHERIT 1
| #define HAVE_PTHREAD 1
| #define HAVE_SEMAPHORE_H 1
| #define HAVE_SYS_SEM_H 1
| /* end confdefs.h.  */
| 
| /* Override any GCC internal prototype to avoid an error.
|    Use char because int might match the return type of a GCC
|    builtin and then its argument prototype would still apply.  */
| #ifdef __cplusplus
| extern "C"
| #endif
| char sendto ();
| int
| main ()
| {
| return sendto ();
|   ;
|   return 0;
| }
configure:12924: result: no
configure:12930: checking for clock_gettime in -lrt
configure:12955: gcc -o conftest -g -O2 -pthread   conftest.c -lrt    >&5
configure:12955: $? = 0
configure:12964: result: yes
configure:12975: checking for res_query in -lresolv
configure:13000: gcc -o conftest -g -O2 -pthread   conftest.c -lresolv    >&5
/tmp/ccvTbaZu.o: In function `main':
/home/xhw/gb28181_2016/libs/libexosip2-5.1.0/conftest.c:38: undefined reference to `res_query'
collect2: error: ld returned 1 exit status
configure:13000: $? = 1
configure: failed program was:
| /* confdefs.h */
| #define PACKAGE_NAME "libeXosip2"
| #define PACKAGE_TARNAME "libexosip2"
| #define PACKAGE_VERSION "5.1.0"
| #define PACKAGE_STRING "libeXosip2 5.1.0"
| #define PACKAGE_BUGREPORT ""
| #define PACKAGE_URL ""
| #define PACKAGE "libexosip2"
| #define VERSION "5.1.0"
| #define STDC_HEADERS 1
| #define HAVE_SYS_TYPES_H 1
| #define HAVE_SYS_STAT_H 1
| #define HAVE_STDLIB_H 1
| #define HAVE_STRING_H 1
| #define HAVE_MEMORY_H 1
| #define HAVE_STRINGS_H 1
| #define HAVE_INTTYPES_H 1
| #define HAVE_STDINT_H 1
| #define HAVE_UNISTD_H 1
| #define HAVE_DLFCN_H 1
| #define LT_OBJDIR ".libs/"
| #define HAVE_PTHREAD_PRIO_INHERIT 1
| #define HAVE_PTHREAD 1
| #define HAVE_SEMAPHORE_H 1
| #define HAVE_SYS_SEM_H 1
| /* end confdefs.h.  */
| 
| /* Override any GCC internal prototype to avoid an error.
|    Use char because int might match the return type of a GCC
|    builtin and then its argument prototype would still apply.  */
| #ifdef __cplusplus
| extern "C"
| #endif
| char res_query ();
| int
| main ()
| {
| return res_query ();
|   ;
|   return 0;
| }
configure:13009: result: no
configure:13015: checking for __res_query in -lresolv
configure:13040: gcc -o conftest -g -O2 -pthread   conftest.c -lresolv    >&5
configure:13040: $? = 0
configure:13049: result: yes
configure:13058: checking for ares_init in -lcares
configure:13083: gcc -o conftest -g -O2 -pthread   conftest.c -lcares    >&5
/usr/bin/ld: cannot find -lcares
collect2: error: ld returned 1 exit status
configure:13083: $? = 1
configure: failed program was:
| /* confdefs.h */
| #define PACKAGE_NAME "libeXosip2"
| #define PACKAGE_TARNAME "libexosip2"
| #define PACKAGE_VERSION "5.1.0"
| #define PACKAGE_STRING "libeXosip2 5.1.0"
| #define PACKAGE_BUGREPORT ""
| #define PACKAGE_URL ""
| #define PACKAGE "libexosip2"
| #define VERSION "5.1.0"
| #define STDC_HEADERS 1
| #define HAVE_SYS_TYPES_H 1
| #define HAVE_SYS_STAT_H 1
| #define HAVE_STDLIB_H 1
| #define HAVE_STRING_H 1
| #define HAVE_MEMORY_H 1
| #define HAVE_STRINGS_H 1
| #define HAVE_INTTYPES_H 1
| #define HAVE_STDINT_H 1
| #define HAVE_UNISTD_H 1
| #define HAVE_DLFCN_H 1
| #define LT_OBJDIR ".libs/"
| #define HAVE_PTHREAD_PRIO_INHERIT 1
| #define HAVE_PTHREAD 1
| #define HAVE_SEMAPHORE_H 1
| #define HAVE_SYS_SEM_H 1
| /* end confdefs.h.  */
| 
| /* Override any GCC internal prototype to avoid an error.
|    Use char because int might match the return type of a GCC
|    builtin and then its argument prototype would still apply.  */
| #ifdef __cplusplus
| extern "C"
| #endif
| char ares_init ();
| int
| main ()
| {
| return ares_init ();
|   ;
|   return 0;
| }
configure:13092: result: no
configure:13112: WARNING: c-ares library is not installed
configure:13172: checking for pkg-config
configure:13205: result: no
configure:13240: checking for OSIP
configure:13304: result: no
configure:13307: WARNING: assuming osip can be found in -I${prefix}/include and -L${exec_prefix}/lib
configure:13322: checking whether -Wall works
configure:13341: gcc -c -g -O2 -pthread -Wall conftest.c >&5
configure:13341: $? = 0
configure:13350: result: yes
configure:13357: checking whether -Wcast-align works
configure:13376: gcc -c -g -O2 -pthread -Wcast-align conftest.c >&5
configure:13376: $? = 0
configure:13385: result: yes
configure:13392: checking whether -Wchar-subscripts works
configure:13411: gcc -c -g -O2 -pthread -Wchar-subscripts conftest.c >&5
configure:13411: $? = 0
configure:13420: result: yes
configure:13427: checking whether -Wformat works
configure:13446: gcc -c -g -O2 -pthread -Wformat conftest.c >&5
configure:13446: $? = 0
configure:13455: result: yes
configure:13462: checking whether -Winline works
configure:13481: gcc -c -g -O2 -pthread -Winline conftest.c >&5
configure:13481: $? = 0
configure:13490: result: yes
configure:13497: checking whether -Wmissing-declarations works
configure:13516: gcc -c -g -O2 -pthread -Wmissing-declarations conftest.c >&5
configure:13516: $? = 0
configure:13525: result: yes
configure:13532: checking whether -Wmissing-prototypes works
configure:13551: gcc -c -g -O2 -pthread -Wmissing-prototypes conftest.c >&5
configure:13551: $? = 0
configure:13560: result: yes
configure:13567: checking whether -Wnested-externs works
configure:13586: gcc -c -g -O2 -pthread -Wnested-externs conftest.c >&5
configure:13586: $? = 0
configure:13595: result: yes
configure:13602: checking whether -Wpointer-arith works
configure:13621: gcc -c -g -O2 -pthread -Wpointer-arith conftest.c >&5
configure:13621: $? = 0
configure:13630: result: yes
configure:13640: checking for ANSI C header files
configure:13744: result: yes
configure:13754: checking for memory.h
configure:13754: result: yes
configure:13766: checking ctype.h usability
configure:13766: gcc -c -g -O2 -pthread  -Wall -Wcast-align -Wchar-subscripts -Wformat -Winline -Wmissing-declarations -Wmissing-prototypes -Wnested-externs -Wpointer-arith conftest.c >&5
configure:13766: $? = 0
configure:13766: result: yes
configure:13766: checking ctype.h presence
configure:13766: gcc -E  -Wall -Wcast-align -Wchar-subscripts -Wformat -Winline -Wmissing-declarations -Wmissing-prototypes -Wnested-externs -Wpointer-arith conftest.c
configure:13766: $? = 0
configure:13766: result: yes
configure:13766: checking for ctype.h
configure:13766: result: yes
configure:13778: checking for string.h
configure:13778: result: yes
configure:13790: checking for strings.h
configure:13790: result: yes
configure:13802: checking stdio.h usability
configure:13802: gcc -c -g -O2 -pthread  -Wall -Wcast-align -Wchar-subscripts -Wformat -Winline -Wmissing-declarations -Wmissing-prototypes -Wnested-externs -Wpointer-arith conftest.c >&5
configure:13802: $? = 0
configure:13802: result: yes
configure:13802: checking stdio.h presence
configure:13802: gcc -E  -Wall -Wcast-align -Wchar-subscripts -Wformat -Winline -Wmissing-declarations -Wmissing-prototypes -Wnested-externs -Wpointer-arith conftest.c
configure:13802: $? = 0
configure:13802: result: yes
configure:13802: checking for stdio.h
configure:13802: result: yes
configure:13814: checking for stdlib.h
configure:13814: result: yes
configure:13826: checking limits.h usability
configure:13826: gcc -c -g -O2 -pthread  -Wall -Wcast-align -Wchar-subscripts -Wformat -Winline -Wmissing-declarations -Wmissing-prototypes -Wnested-externs -Wpointer-arith conftest.c >&5
configure:13826: $? = 0
configure:13826: result: yes
configure:13826: checking limits.h presence
configure:13826: gcc -E  -Wall -Wcast-align -Wchar-subscripts -Wformat -Winline -Wmissing-declarations -Wmissing-prototypes -Wnested-externs -Wpointer-arith conftest.c
configure:13826: $? = 0
configure:13826: result: yes
configure:13826: checking for limits.h
configure:13826: result: yes
configure:13838: checking for unistd.h
configure:13838: result: yes
configure:13850: checking stdarg.h usability
configure:13850: gcc -c -g -O2 -pthread  -Wall -Wcast-align -Wchar-subscripts -Wformat -Winline -Wmissing-declarations -Wmissing-prototypes -Wnested-externs -Wpointer-arith conftest.c >&5
configure:13850: $? = 0
configure:13850: result: yes
configure:13850: checking stdarg.h presence
configure:13850: gcc -E  -Wall -Wcast-align -Wchar-subscripts -Wformat -Winline -Wmissing-declarations -Wmissing-prototypes -Wnested-externs -Wpointer-arith conftest.c
configure:13850: $? = 0
configure:13850: result: yes
configure:13850: checking for stdarg.h
configure:13850: result: yes
configure:13862: checking varargs.h usability
configure:13862: gcc -c -g -O2 -pthread  -Wall -Wcast-align -Wchar-subscripts -Wformat -Winline -Wmissing-declarations -Wmissing-prototypes -Wnested-externs -Wpointer-arith conftest.c >&5
In file included from conftest.c:70:0:
/usr/lib/gcc/x86_64-linux-gnu/7/include/varargs.h:4:2: error: #error "GCC no longer implements <varargs.h>."
 #error "GCC no longer implements <varargs.h>."
  ^~~~~
/usr/lib/gcc/x86_64-linux-gnu/7/include/varargs.h:5:2: error: #error "Revise your code to use <stdarg.h>."
 #error "Revise your code to use <stdarg.h>."
  ^~~~~
configure:13862: $? = 1
configure: failed program was:
| /* confdefs.h */
| #define PACKAGE_NAME "libeXosip2"
| #define PACKAGE_TARNAME "libexosip2"
| #define PACKAGE_VERSION "5.1.0"
| #define PACKAGE_STRING "libeXosip2 5.1.0"
| #define PACKAGE_BUGREPORT ""
| #define PACKAGE_URL ""
| #define PACKAGE "libexosip2"
| #define VERSION "5.1.0"
| #define STDC_HEADERS 1
| #define HAVE_SYS_TYPES_H 1
| #define HAVE_SYS_STAT_H 1
| #define HAVE_STDLIB_H 1
| #define HAVE_STRING_H 1
| #define HAVE_MEMORY_H 1
| #define HAVE_STRINGS_H 1
| #define HAVE_INTTYPES_H 1
| #define HAVE_STDINT_H 1
| #define HAVE_UNISTD_H 1
| #define HAVE_DLFCN_H 1
| #define LT_OBJDIR ".libs/"
| #define HAVE_PTHREAD_PRIO_INHERIT 1
| #define HAVE_PTHREAD 1
| #define HAVE_SEMAPHORE_H 1
| #define HAVE_SYS_SEM_H 1
| #define STDC_HEADERS 1
| #define HAVE_MEMORY_H 1
| #define HAVE_CTYPE_H 1
| #define HAVE_STRING_H 1
| #define HAVE_STRINGS_H 1
| #define HAVE_STDIO_H 1
| #define HAVE_STDLIB_H 1
| #define HAVE_LIMITS_H 1
| #define HAVE_UNISTD_H 1
| #define HAVE_STDARG_H 1
| /* end confdefs.h.  */
| #include <stdio.h>
| #ifdef HAVE_SYS_TYPES_H
| # include <sys/types.h>
| #endif
| #ifdef HAVE_SYS_STAT_H
| # include <sys/stat.h>
| #endif
| #ifdef STDC_HEADERS
| # include <stdlib.h>
| # include <stddef.h>
| #else
| # ifdef HAVE_STDLIB_H
| #  include <stdlib.h>
| # endif
| #endif
| #ifdef HAVE_STRING_H
| # if !defined STDC_HEADERS && defined HAVE_MEMORY_H
| #  include <memory.h>
| # endif
| # include <string.h>
| #endif
| #ifdef HAVE_STRINGS_H
| # include <strings.h>
| #endif
| #ifdef HAVE_INTTYPES_H
| # include <inttypes.h>
| #endif
| #ifdef HAVE_STDINT_H
| # include <stdint.h>
| #endif
| #ifdef HAVE_UNISTD_H
| # include <unistd.h>
| #endif
| #include <varargs.h>
configure:13862: result: no
configure:13862: checking varargs.h presence
configure:13862: gcc -E  -Wall -Wcast-align -Wchar-subscripts -Wformat -Winline -Wmissing-declarations -Wmissing-prototypes -Wnested-externs -Wpointer-arith conftest.c
In file included from conftest.c:37:0:
/usr/lib/gcc/x86_64-linux-gnu/7/include/varargs.h:4:2: error: #error "GCC no longer implements <varargs.h>."
 #error "GCC no longer implements <varargs.h>."
  ^~~~~
/usr/lib/gcc/x86_64-linux-gnu/7/include/varargs.h:5:2: error: #error "Revise your code to use <stdarg.h>."
 #error "Revise your code to use <stdarg.h>."
  ^~~~~
configure:13862: $? = 1
configure: failed program was:
| /* confdefs.h */
| #define PACKAGE_NAME "libeXosip2"
| #define PACKAGE_TARNAME "libexosip2"
| #define PACKAGE_VERSION "5.1.0"
| #define PACKAGE_STRING "libeXosip2 5.1.0"
| #define PACKAGE_BUGREPORT ""
| #define PACKAGE_URL ""
| #define PACKAGE "libexosip2"
| #define VERSION "5.1.0"
| #define STDC_HEADERS 1
| #define HAVE_SYS_TYPES_H 1
| #define HAVE_SYS_STAT_H 1
| #define HAVE_STDLIB_H 1
| #define HAVE_STRING_H 1
| #define HAVE_MEMORY_H 1
| #define HAVE_STRINGS_H 1
| #define HAVE_INTTYPES_H 1
| #define HAVE_STDINT_H 1
| #define HAVE_UNISTD_H 1
| #define HAVE_DLFCN_H 1
| #define LT_OBJDIR ".libs/"
| #define HAVE_PTHREAD_PRIO_INHERIT 1
| #define HAVE_PTHREAD 1
| #define HAVE_SEMAPHORE_H 1
| #define HAVE_SYS_SEM_H 1
| #define STDC_HEADERS 1
| #define HAVE_MEMORY_H 1
| #define HAVE_CTYPE_H 1
| #define HAVE_STRING_H 1
| #define HAVE_STRINGS_H 1
| #define HAVE_STDIO_H 1
| #define HAVE_STDLIB_H 1
| #define HAVE_LIMITS_H 1
| #define HAVE_UNISTD_H 1
| #define HAVE_STDARG_H 1
| /* end confdefs.h.  */
| #include <varargs.h>
configure:13862: result: no
configure:13862: checking for varargs.h
configure:13862: result: no
configure:13874: checking sys/time.h usability
configure:13874: gcc -c -g -O2 -pthread  -Wall -Wcast-align -Wchar-subscripts -Wformat -Winline -Wmissing-declarations -Wmissing-prototypes -Wnested-externs -Wpointer-arith conftest.c >&5
configure:13874: $? = 0
configure:13874: result: yes
configure:13874: checking sys/time.h presence
configure:13874: gcc -E  -Wall -Wcast-align -Wchar-subscripts -Wformat -Winline -Wmissing-declarations -Wmissing-prototypes -Wnested-externs -Wpointer-arith conftest.c
configure:13874: $? = 0
configure:13874: result: yes
configure:13874: checking for sys/time.h
configure:13874: result: yes
configure:13886: checking assert.h usability
configure:13886: gcc -c -g -O2 -pthread  -Wall -Wcast-align -Wchar-subscripts -Wformat -Winline -Wmissing-declarations -Wmissing-prototypes -Wnested-externs -Wpointer-arith conftest.c >&5
configure:13886: $? = 0
configure:13886: result: yes
configure:13886: checking assert.h presence
configure:13886: gcc -E  -Wall -Wcast-align -Wchar-subscripts -Wformat -Winline -Wmissing-declarations -Wmissing-prototypes -Wnested-externs -Wpointer-arith conftest.c
configure:13886: $? = 0
configure:13886: result: yes
configure:13886: checking for assert.h
configure:13886: result: yes
configure:13898: checking signal.h usability
configure:13898: gcc -c -g -O2 -pthread  -Wall -Wcast-align -Wchar-subscripts -Wformat -Winline -Wmissing-declarations -Wmissing-prototypes -Wnested-externs -Wpointer-arith conftest.c >&5
configure:13898: $? = 0
configure:13898: result: yes
configure:13898: checking signal.h presence
configure:13898: gcc -E  -Wall -Wcast-align -Wchar-subscripts -Wformat -Winline -Wmissing-declarations -Wmissing-prototypes -Wnested-externs -Wpointer-arith conftest.c
configure:13898: $? = 0
configure:13898: result: yes
configure:13898: checking for signal.h
configure:13898: result: yes
configure:13910: checking sys/signal.h usability
configure:13910: gcc -c -g -O2 -pthread  -Wall -Wcast-align -Wchar-subscripts -Wformat -Winline -Wmissing-declarations -Wmissing-prototypes -Wnested-externs -Wpointer-arith conftest.c >&5
configure:13910: $? = 0
configure:13910: result: yes
configure:13910: checking sys/signal.h presence
configure:13910: gcc -E  -Wall -Wcast-align -Wchar-subscripts -Wformat -Winline -Wmissing-declarations -Wmissing-prototypes -Wnested-externs -Wpointer-arith conftest.c
configure:13910: $? = 0
configure:13910: result: yes
configure:13910: checking for sys/signal.h
configure:13910: result: yes
configure:13922: checking malloc.h usability
configure:13922: gcc -c -g -O2 -pthread  -Wall -Wcast-align -Wchar-subscripts -Wformat -Winline -Wmissing-declarations -Wmissing-prototypes -Wnested-externs -Wpointer-arith conftest.c >&5
configure:13922: $? = 0
configure:13922: result: yes
configure:13922: checking malloc.h presence
configure:13922: gcc -E  -Wall -Wcast-align -Wchar-subscripts -Wformat -Winline -Wmissing-declarations -Wmissing-prototypes -Wnested-externs -Wpointer-arith conftest.c
configure:13922: $? = 0
configure:13922: result: yes
configure:13922: checking for malloc.h
configure:13922: result: yes
configure:13934: checking sys/select.h usability
configure:13934: gcc -c -g -O2 -pthread  -Wall -Wcast-align -Wchar-subscripts -Wformat -Winline -Wmissing-declarations -Wmissing-prototypes -Wnested-externs -Wpointer-arith conftest.c >&5
configure:13934: $? = 0
configure:13934: result: yes
configure:13934: checking sys/select.h presence
configure:13934: gcc -E  -Wall -Wcast-align -Wchar-subscripts -Wformat -Winline -Wmissing-declarations -Wmissing-prototypes -Wnested-externs -Wpointer-arith conftest.c
configure:13934: $? = 0
configure:13934: result: yes
configure:13934: checking for sys/select.h
configure:13934: result: yes
configure:13946: checking for sys/types.h
configure:13946: result: yes
configure:13958: checking sys/socket.h usability
configure:13958: gcc -c -g -O2 -pthread  -Wall -Wcast-align -Wchar-subscripts -Wformat -Winline -Wmissing-declarations -Wmissing-prototypes -Wnested-externs -Wpointer-arith conftest.c >&5
configure:13958: $? = 0
configure:13958: result: yes
configure:13958: checking sys/socket.h presence
configure:13958: gcc -E  -Wall -Wcast-align -Wchar-subscripts -Wformat -Winline -Wmissing-declarations -Wmissing-prototypes -Wnested-externs -Wpointer-arith conftest.c
configure:13958: $? = 0
configure:13958: result: yes
configure:13958: checking for sys/socket.h
configure:13958: result: yes
configure:13970: checking sys/ioctl.h usability
configure:13970: gcc -c -g -O2 -pthread  -Wall -Wcast-align -Wchar-subscripts -Wformat -Winline -Wmissing-declarations -Wmissing-prototypes -Wnested-externs -Wpointer-arith conftest.c >&5
configure:13970: $? = 0
configure:13970: result: yes
configure:13970: checking sys/ioctl.h presence
configure:13970: gcc -E  -Wall -Wcast-align -Wchar-subscripts -Wformat -Winline -Wmissing-declarations -Wmissing-prototypes -Wnested-externs -Wpointer-arith conftest.c
configure:13970: $? = 0
configure:13970: result: yes
configure:13970: checking for sys/ioctl.h
configure:13970: result: yes
configure:13982: checking sys/param.h usability
configure:13982: gcc -c -g -O2 -pthread  -Wall -Wcast-align -Wchar-subscripts -Wformat -Winline -Wmissing-declarations -Wmissing-prototypes -Wnested-externs -Wpointer-arith conftest.c >&5
configure:13982: $? = 0
configure:13982: result: yes
configure:13982: checking sys/param.h presence
configure:13982: gcc -E  -Wall -Wcast-align -Wchar-subscripts -Wformat -Winline -Wmissing-declarations -Wmissing-prototypes -Wnested-externs -Wpointer-arith conftest.c
configure:13982: $? = 0
configure:13982: result: yes
configure:13982: checking for sys/param.h
configure:13982: result: yes
configure:13994: checking fcntl.h usability
configure:13994: gcc -c -g -O2 -pthread  -Wall -Wcast-align -Wchar-subscripts -Wformat -Winline -Wmissing-declarations -Wmissing-prototypes -Wnested-externs -Wpointer-arith conftest.c >&5
configure:13994: $? = 0
configure:13994: result: yes
configure:13994: checking fcntl.h presence
configure:13994: gcc -E  -Wall -Wcast-align -Wchar-subscripts -Wformat -Winline -Wmissing-declarations -Wmissing-prototypes -Wnested-externs -Wpointer-arith conftest.c
configure:13994: $? = 0
configure:13994: result: yes
configure:13994: checking for fcntl.h
configure:13994: result: yes
configure:14006: checking sys/soundcard.h usability
configure:14006: gcc -c -g -O2 -pthread  -Wall -Wcast-align -Wchar-subscripts -Wformat -Winline -Wmissing-declarations -Wmissing-prototypes -Wnested-externs -Wpointer-arith conftest.c >&5
configure:14006: $? = 0
configure:14006: result: yes
configure:14006: checking sys/soundcard.h presence
configure:14006: gcc -E  -Wall -Wcast-align -Wchar-subscripts -Wformat -Winline -Wmissing-declarations -Wmissing-prototypes -Wnested-externs -Wpointer-arith conftest.c
configure:14006: $? = 0
configure:14006: result: yes
configure:14006: checking for sys/soundcard.h
configure:14006: result: yes
configure:14018: checking arpa/inet.h usability
configure:14018: gcc -c -g -O2 -pthread  -Wall -Wcast-align -Wchar-subscripts -Wformat -Winline -Wmissing-declarations -Wmissing-prototypes -Wnested-externs -Wpointer-arith conftest.c >&5
configure:14018: $? = 0
configure:14018: result: yes
configure:14018: checking arpa/inet.h presence
configure:14018: gcc -E  -Wall -Wcast-align -Wchar-subscripts -Wformat -Winline -Wmissing-declarations -Wmissing-prototypes -Wnested-externs -Wpointer-arith conftest.c
configure:14018: $? = 0
configure:14018: result: yes
configure:14018: checking for arpa/inet.h
configure:14018: result: yes
configure:14030: checking arpa/nameser.h usability
configure:14030: gcc -c -g -O2 -pthread  -Wall -Wcast-align -Wchar-subscripts -Wformat -Winline -Wmissing-declarations -Wmissing-prototypes -Wnested-externs -Wpointer-arith conftest.c >&5
configure:14030: $? = 0
configure:14030: result: yes
configure:14030: checking arpa/nameser.h presence
configure:14030: gcc -E  -Wall -Wcast-align -Wchar-subscripts -Wformat -Winline -Wmissing-declarations -Wmissing-prototypes -Wnested-externs -Wpointer-arith conftest.c
configure:14030: $? = 0
configure:14030: result: yes
configure:14030: checking for arpa/nameser.h
configure:14030: result: yes
configure:14042: checking netdb.h usability
configure:14042: gcc -c -g -O2 -pthread  -Wall -Wcast-align -Wchar-subscripts -Wformat -Winline -Wmissing-declarations -Wmissing-prototypes -Wnested-externs -Wpointer-arith conftest.c >&5
configure:14042: $? = 0
configure:14042: result: yes
configure:14042: checking netdb.h presence
configure:14042: gcc -E  -Wall -Wcast-align -Wchar-subscripts -Wformat -Winline -Wmissing-declarations -Wmissing-prototypes -Wnested-externs -Wpointer-arith conftest.c
configure:14042: $? = 0
configure:14042: result: yes
configure:14042: checking for netdb.h
configure:14042: result: yes
configure:14054: checking nameser8_compat.h usability
configure:14054: gcc -c -g -O2 -pthread  -Wall -Wcast-align -Wchar-subscripts -Wformat -Winline -Wmissing-declarations -Wmissing-prototypes -Wnested-externs -Wpointer-arith conftest.c >&5
conftest.c:85:10: fatal error: nameser8_compat.h: No such file or directory
 #include <nameser8_compat.h>
          ^~~~~~~~~~~~~~~~~~~
compilation terminated.
configure:14054: $? = 1
configure: failed program was:
| /* confdefs.h */
| #define PACKAGE_NAME "libeXosip2"
| #define PACKAGE_TARNAME "libexosip2"
| #define PACKAGE_VERSION "5.1.0"
| #define PACKAGE_STRING "libeXosip2 5.1.0"
| #define PACKAGE_BUGREPORT ""
| #define PACKAGE_URL ""
| #define PACKAGE "libexosip2"
| #define VERSION "5.1.0"
| #define STDC_HEADERS 1
| #define HAVE_SYS_TYPES_H 1
| #define HAVE_SYS_STAT_H 1
| #define HAVE_STDLIB_H 1
| #define HAVE_STRING_H 1
| #define HAVE_MEMORY_H 1
| #define HAVE_STRINGS_H 1
| #define HAVE_INTTYPES_H 1
| #define HAVE_STDINT_H 1
| #define HAVE_UNISTD_H 1
| #define HAVE_DLFCN_H 1
| #define LT_OBJDIR ".libs/"
| #define HAVE_PTHREAD_PRIO_INHERIT 1
| #define HAVE_PTHREAD 1
| #define HAVE_SEMAPHORE_H 1
| #define HAVE_SYS_SEM_H 1
| #define STDC_HEADERS 1
| #define HAVE_MEMORY_H 1
| #define HAVE_CTYPE_H 1
| #define HAVE_STRING_H 1
| #define HAVE_STRINGS_H 1
| #define HAVE_STDIO_H 1
| #define HAVE_STDLIB_H 1
| #define HAVE_LIMITS_H 1
| #define HAVE_UNISTD_H 1
| #define HAVE_STDARG_H 1
| #define HAVE_SYS_TIME_H 1
| #define HAVE_ASSERT_H 1
| #define HAVE_SIGNAL_H 1
| #define HAVE_SYS_SIGNAL_H 1
| #define HAVE_MALLOC_H 1
| #define HAVE_SYS_SELECT_H 1
| #define HAVE_SYS_TYPES_H 1
| #define HAVE_SYS_SOCKET_H 1
| #define HAVE_SYS_IOCTL_H 1
| #define HAVE_SYS_PARAM_H 1
| #define HAVE_FCNTL_H 1
| #define HAVE_SYS_SOUNDCARD_H 1
| #define HAVE_ARPA_INET_H 1
| #define HAVE_ARPA_NAMESER_H 1
| #define HAVE_NETDB_H 1
| /* end confdefs.h.  */
| #include <stdio.h>
| #ifdef HAVE_SYS_TYPES_H
| # include <sys/types.h>
| #endif
| #ifdef HAVE_SYS_STAT_H
| # include <sys/stat.h>
| #endif
| #ifdef STDC_HEADERS
| # include <stdlib.h>
| # include <stddef.h>
| #else
| # ifdef HAVE_STDLIB_H
| #  include <stdlib.h>
| # endif
| #endif
| #ifdef HAVE_STRING_H
| # if !defined STDC_HEADERS && defined HAVE_MEMORY_H
| #  include <memory.h>
| # endif
| # include <string.h>
| #endif
| #ifdef HAVE_STRINGS_H
| # include <strings.h>
| #endif
| #ifdef HAVE_INTTYPES_H
| # include <inttypes.h>
| #endif
| #ifdef HAVE_STDINT_H
| # include <stdint.h>
| #endif
| #ifdef HAVE_UNISTD_H
| # include <unistd.h>
| #endif
| #include <nameser8_compat.h>
configure:14054: result: no
configure:14054: checking nameser8_compat.h presence
configure:14054: gcc -E  -Wall -Wcast-align -Wchar-subscripts -Wformat -Winline -Wmissing-declarations -Wmissing-prototypes -Wnested-externs -Wpointer-arith conftest.c
conftest.c:52:10: fatal error: nameser8_compat.h: No such file or directory
 #include <nameser8_compat.h>
          ^~~~~~~~~~~~~~~~~~~
compilation terminated.
configure:14054: $? = 1
configure: failed program was:
| /* confdefs.h */
| #define PACKAGE_NAME "libeXosip2"
| #define PACKAGE_TARNAME "libexosip2"
| #define PACKAGE_VERSION "5.1.0"
| #define PACKAGE_STRING "libeXosip2 5.1.0"
| #define PACKAGE_BUGREPORT ""
| #define PACKAGE_URL ""
| #define PACKAGE "libexosip2"
| #define VERSION "5.1.0"
| #define STDC_HEADERS 1
| #define HAVE_SYS_TYPES_H 1
| #define HAVE_SYS_STAT_H 1
| #define HAVE_STDLIB_H 1
| #define HAVE_STRING_H 1
| #define HAVE_MEMORY_H 1
| #define HAVE_STRINGS_H 1
| #define HAVE_INTTYPES_H 1
| #define HAVE_STDINT_H 1
| #define HAVE_UNISTD_H 1
| #define HAVE_DLFCN_H 1
| #define LT_OBJDIR ".libs/"
| #define HAVE_PTHREAD_PRIO_INHERIT 1
| #define HAVE_PTHREAD 1
| #define HAVE_SEMAPHORE_H 1
| #define HAVE_SYS_SEM_H 1
| #define STDC_HEADERS 1
| #define HAVE_MEMORY_H 1
| #define HAVE_CTYPE_H 1
| #define HAVE_STRING_H 1
| #define HAVE_STRINGS_H 1
| #define HAVE_STDIO_H 1
| #define HAVE_STDLIB_H 1
| #define HAVE_LIMITS_H 1
| #define HAVE_UNISTD_H 1
| #define HAVE_STDARG_H 1
| #define HAVE_SYS_TIME_H 1
| #define HAVE_ASSERT_H 1
| #define HAVE_SIGNAL_H 1
| #define HAVE_SYS_SIGNAL_H 1
| #define HAVE_MALLOC_H 1
| #define HAVE_SYS_SELECT_H 1
| #define HAVE_SYS_TYPES_H 1
| #define HAVE_SYS_SOCKET_H 1
| #define HAVE_SYS_IOCTL_H 1
| #define HAVE_SYS_PARAM_H 1
| #define HAVE_FCNTL_H 1
| #define HAVE_SYS_SOUNDCARD_H 1
| #define HAVE_ARPA_INET_H 1
| #define HAVE_ARPA_NAMESER_H 1
| #define HAVE_NETDB_H 1
| /* end confdefs.h.  */
| #include <nameser8_compat.h>
configure:14054: result: no
configure:14054: checking for nameser8_compat.h
configure:14054: result: no
configure:14066: checking arpa/nameser_compat.h usability
configure:14066: gcc -c -g -O2 -pthread  -Wall -Wcast-align -Wchar-subscripts -Wformat -Winline -Wmissing-declarations -Wmissing-prototypes -Wnested-externs -Wpointer-arith conftest.c >&5
configure:14066: $? = 0
configure:14066: result: yes
configure:14066: checking arpa/nameser_compat.h presence
configure:14066: gcc -E  -Wall -Wcast-align -Wchar-subscripts -Wformat -Winline -Wmissing-declarations -Wmissing-prototypes -Wnested-externs -Wpointer-arith conftest.c
configure:14066: $? = 0
configure:14066: result: yes
configure:14066: checking for arpa/nameser_compat.h
configure:14066: result: yes
configure:14078: checking netinet/tcp.h usability
configure:14078: gcc -c -g -O2 -pthread  -Wall -Wcast-align -Wchar-subscripts -Wformat -Winline -Wmissing-declarations -Wmissing-prototypes -Wnested-externs -Wpointer-arith conftest.c >&5
configure:14078: $? = 0
configure:14078: result: yes
configure:14078: checking netinet/tcp.h presence
configure:14078: gcc -E  -Wall -Wcast-align -Wchar-subscripts -Wformat -Winline -Wmissing-declarations -Wmissing-prototypes -Wnested-externs -Wpointer-arith conftest.c
configure:14078: $? = 0
configure:14078: result: yes
configure:14078: checking for netinet/tcp.h
configure:14078: result: yes
configure:14090: checking netinet/in.h usability
configure:14090: gcc -c -g -O2 -pthread  -Wall -Wcast-align -Wchar-subscripts -Wformat -Winline -Wmissing-declarations -Wmissing-prototypes -Wnested-externs -Wpointer-arith conftest.c >&5
configure:14090: $? = 0
configure:14090: result: yes
configure:14090: checking netinet/in.h presence
configure:14090: gcc -E  -Wall -Wcast-align -Wchar-subscripts -Wformat -Winline -Wmissing-declarations -Wmissing-prototypes -Wnested-externs -Wpointer-arith conftest.c
configure:14090: $? = 0
configure:14090: result: yes
configure:14090: checking for netinet/in.h
configure:14090: result: yes
configure:14102: checking regex.h usability
configure:14102: gcc -c -g -O2 -pthread  -Wall -Wcast-align -Wchar-subscripts -Wformat -Winline -Wmissing-declarations -Wmissing-prototypes -Wnested-externs -Wpointer-arith conftest.c >&5
configure:14102: $? = 0
configure:14102: result: yes
configure:14102: checking regex.h presence
configure:14102: gcc -E  -Wall -Wcast-align -Wchar-subscripts -Wformat -Winline -Wmissing-declarations -Wmissing-prototypes -Wnested-externs -Wpointer-arith conftest.c
configure:14102: $? = 0
configure:14102: result: yes
configure:14102: checking for regex.h
configure:14102: result: yes
configure:14115: checking for resolv.h
configure:14115: gcc -c -g -O2 -pthread  -Wall -Wcast-align -Wchar-subscripts -Wformat -Winline -Wmissing-declarations -Wmissing-prototypes -Wnested-externs -Wpointer-arith conftest.c >&5
configure:14115: $? = 0
configure:14115: result: yes
configure:14138: checking for getifaddrs
configure:14138: gcc -o conftest -g -O2 -pthread  -Wall -Wcast-align -Wchar-subscripts -Wformat -Winline -Wmissing-declarations -Wmissing-prototypes -Wnested-externs -Wpointer-arith  conftest.c   >&5
configure:14138: $? = 0
configure:14138: result: yes
configure:14149: checking for gmtime_r
configure:14149: gcc -o conftest -g -O2 -pthread  -Wall -Wcast-align -Wchar-subscripts -Wformat -Winline -Wmissing-declarations -Wmissing-prototypes -Wnested-externs -Wpointer-arith  conftest.c   >&5
configure:14149: $? = 0
configure:14149: result: yes
configure:14160: checking for gmtime
configure:14160: gcc -o conftest -g -O2 -pthread  -Wall -Wcast-align -Wchar-subscripts -Wformat -Winline -Wmissing-declarations -Wmissing-prototypes -Wnested-externs -Wpointer-arith  conftest.c   >&5
configure:14160: $? = 0
configure:14160: result: yes
configure:14173: checking for SSL
configure:14329: result: no
configure:14332: WARNING: can not find openssl with pkgconfig
configure:14336: checking openssl/ssl.h usability
configure:14336: gcc -c -g -O2 -pthread  -Wall -Wcast-align -Wchar-subscripts -Wformat -Winline -Wmissing-declarations -Wmissing-prototypes -Wnested-externs -Wpointer-arith conftest.c >&5
conftest.c:93:10: fatal error: openssl/ssl.h: No such file or directory
 #include <openssl/ssl.h>
          ^~~~~~~~~~~~~~~
compilation terminated.
configure:14336: $? = 1
configure: failed program was:
| /* confdefs.h */
| #define PACKAGE_NAME "libeXosip2"
| #define PACKAGE_TARNAME "libexosip2"
| #define PACKAGE_VERSION "5.1.0"
| #define PACKAGE_STRING "libeXosip2 5.1.0"
| #define PACKAGE_BUGREPORT ""
| #define PACKAGE_URL ""
| #define PACKAGE "libexosip2"
| #define VERSION "5.1.0"
| #define STDC_HEADERS 1
| #define HAVE_SYS_TYPES_H 1
| #define HAVE_SYS_STAT_H 1
| #define HAVE_STDLIB_H 1
| #define HAVE_STRING_H 1
| #define HAVE_MEMORY_H 1
| #define HAVE_STRINGS_H 1
| #define HAVE_INTTYPES_H 1
| #define HAVE_STDINT_H 1
| #define HAVE_UNISTD_H 1
| #define HAVE_DLFCN_H 1
| #define LT_OBJDIR ".libs/"
| #define HAVE_PTHREAD_PRIO_INHERIT 1
| #define HAVE_PTHREAD 1
| #define HAVE_SEMAPHORE_H 1
| #define HAVE_SYS_SEM_H 1
| #define STDC_HEADERS 1
| #define HAVE_MEMORY_H 1
| #define HAVE_CTYPE_H 1
| #define HAVE_STRING_H 1
| #define HAVE_STRINGS_H 1
| #define HAVE_STDIO_H 1
| #define HAVE_STDLIB_H 1
| #define HAVE_LIMITS_H 1
| #define HAVE_UNISTD_H 1
| #define HAVE_STDARG_H 1
| #define HAVE_SYS_TIME_H 1
| #define HAVE_ASSERT_H 1
| #define HAVE_SIGNAL_H 1
| #define HAVE_SYS_SIGNAL_H 1
| #define HAVE_MALLOC_H 1
| #define HAVE_SYS_SELECT_H 1
| #define HAVE_SYS_TYPES_H 1
| #define HAVE_SYS_SOCKET_H 1
| #define HAVE_SYS_IOCTL_H 1
| #define HAVE_SYS_PARAM_H 1
| #define HAVE_FCNTL_H 1
| #define HAVE_SYS_SOUNDCARD_H 1
| #define HAVE_ARPA_INET_H 1
| #define HAVE_ARPA_NAMESER_H 1
| #define HAVE_NETDB_H 1
| #define HAVE_ARPA_NAMESER_COMPAT_H 1
| #define HAVE_NETINET_TCP_H 1
| #define HAVE_NETINET_IN_H 1
| #define HAVE_REGEX_H 1
| #define HAVE_RESOLV_H 1
| #define HAVE_GETIFADDRS 1
| #define HAVE_GMTIME_R 1
| #define HAVE_GMTIME 1
| /* end confdefs.h.  */
| #include <stdio.h>
| #ifdef HAVE_SYS_TYPES_H
| # include <sys/types.h>
| #endif
| #ifdef HAVE_SYS_STAT_H
| # include <sys/stat.h>
| #endif
| #ifdef STDC_HEADERS
| # include <stdlib.h>
| # include <stddef.h>
| #else
| # ifdef HAVE_STDLIB_H
| #  include <stdlib.h>
| # endif
| #endif
| #ifdef HAVE_STRING_H
| # if !defined STDC_HEADERS && defined HAVE_MEMORY_H
| #  include <memory.h>
| # endif
| # include <string.h>
| #endif
| #ifdef HAVE_STRINGS_H
| # include <strings.h>
| #endif
| #ifdef HAVE_INTTYPES_H
| # include <inttypes.h>
| #endif
| #ifdef HAVE_STDINT_H
| # include <stdint.h>
| #endif
| #ifdef HAVE_UNISTD_H
| # include <unistd.h>
| #endif
| #include <openssl/ssl.h>
configure:14336: result: no
configure:14336: checking openssl/ssl.h presence
configure:14336: gcc -E  -Wall -Wcast-align -Wchar-subscripts -Wformat -Winline -Wmissing-declarations -Wmissing-prototypes -Wnested-externs -Wpointer-arith conftest.c
conftest.c:60:10: fatal error: openssl/ssl.h: No such file or directory
 #include <openssl/ssl.h>
          ^~~~~~~~~~~~~~~
compilation terminated.
configure:14336: $? = 1
configure: failed program was:
| /* confdefs.h */
| #define PACKAGE_NAME "libeXosip2"
| #define PACKAGE_TARNAME "libexosip2"
| #define PACKAGE_VERSION "5.1.0"
| #define PACKAGE_STRING "libeXosip2 5.1.0"
| #define PACKAGE_BUGREPORT ""
| #define PACKAGE_URL ""
| #define PACKAGE "libexosip2"
| #define VERSION "5.1.0"
| #define STDC_HEADERS 1
| #define HAVE_SYS_TYPES_H 1
| #define HAVE_SYS_STAT_H 1
| #define HAVE_STDLIB_H 1
| #define HAVE_STRING_H 1
| #define HAVE_MEMORY_H 1
| #define HAVE_STRINGS_H 1
| #define HAVE_INTTYPES_H 1
| #define HAVE_STDINT_H 1
| #define HAVE_UNISTD_H 1
| #define HAVE_DLFCN_H 1
| #define LT_OBJDIR ".libs/"
| #define HAVE_PTHREAD_PRIO_INHERIT 1
| #define HAVE_PTHREAD 1
| #define HAVE_SEMAPHORE_H 1
| #define HAVE_SYS_SEM_H 1
| #define STDC_HEADERS 1
| #define HAVE_MEMORY_H 1
| #define HAVE_CTYPE_H 1
| #define HAVE_STRING_H 1
| #define HAVE_STRINGS_H 1
| #define HAVE_STDIO_H 1
| #define HAVE_STDLIB_H 1
| #define HAVE_LIMITS_H 1
| #define HAVE_UNISTD_H 1
| #define HAVE_STDARG_H 1
| #define HAVE_SYS_TIME_H 1
| #define HAVE_ASSERT_H 1
| #define HAVE_SIGNAL_H 1
| #define HAVE_SYS_SIGNAL_H 1
| #define HAVE_MALLOC_H 1
| #define HAVE_SYS_SELECT_H 1
| #define HAVE_SYS_TYPES_H 1
| #define HAVE_SYS_SOCKET_H 1
| #define HAVE_SYS_IOCTL_H 1
| #define HAVE_SYS_PARAM_H 1
| #define HAVE_FCNTL_H 1
| #define HAVE_SYS_SOUNDCARD_H 1
| #define HAVE_ARPA_INET_H 1
| #define HAVE_ARPA_NAMESER_H 1
| #define HAVE_NETDB_H 1
| #define HAVE_ARPA_NAMESER_COMPAT_H 1
| #define HAVE_NETINET_TCP_H 1
| #define HAVE_NETINET_IN_H 1
| #define HAVE_REGEX_H 1
| #define HAVE_RESOLV_H 1
| #define HAVE_GETIFADDRS 1
| #define HAVE_GMTIME_R 1
| #define HAVE_GMTIME 1
| /* end confdefs.h.  */
| #include <openssl/ssl.h>
configure:14336: result: no
configure:14336: checking for openssl/ssl.h
configure:14336: result: no
configure:14346: checking for SSL_CTX_new in -lssl
configure:14371: gcc -o conftest -g -O2 -pthread  -Wall -Wcast-align -Wchar-subscripts -Wformat -Winline -Wmissing-declarations -Wmissing-prototypes -Wnested-externs -Wpointer-arith  conftest.c -lssl    >&5
/usr/bin/ld: cannot find -lssl
collect2: error: ld returned 1 exit status
configure:14371: $? = 1
configure: failed program was:
| /* confdefs.h */
| #define PACKAGE_NAME "libeXosip2"
| #define PACKAGE_TARNAME "libexosip2"
| #define PACKAGE_VERSION "5.1.0"
| #define PACKAGE_STRING "libeXosip2 5.1.0"
| #define PACKAGE_BUGREPORT ""
| #define PACKAGE_URL ""
| #define PACKAGE "libexosip2"
| #define VERSION "5.1.0"
| #define STDC_HEADERS 1
| #define HAVE_SYS_TYPES_H 1
| #define HAVE_SYS_STAT_H 1
| #define HAVE_STDLIB_H 1
| #define HAVE_STRING_H 1
| #define HAVE_MEMORY_H 1
| #define HAVE_STRINGS_H 1
| #define HAVE_INTTYPES_H 1
| #define HAVE_STDINT_H 1
| #define HAVE_UNISTD_H 1
| #define HAVE_DLFCN_H 1
| #define LT_OBJDIR ".libs/"
| #define HAVE_PTHREAD_PRIO_INHERIT 1
| #define HAVE_PTHREAD 1
| #define HAVE_SEMAPHORE_H 1
| #define HAVE_SYS_SEM_H 1
| #define STDC_HEADERS 1
| #define HAVE_MEMORY_H 1
| #define HAVE_CTYPE_H 1
| #define HAVE_STRING_H 1
| #define HAVE_STRINGS_H 1
| #define HAVE_STDIO_H 1
| #define HAVE_STDLIB_H 1
| #define HAVE_LIMITS_H 1
| #define HAVE_UNISTD_H 1
| #define HAVE_STDARG_H 1
| #define HAVE_SYS_TIME_H 1
| #define HAVE_ASSERT_H 1
| #define HAVE_SIGNAL_H 1
| #define HAVE_SYS_SIGNAL_H 1
| #define HAVE_MALLOC_H 1
| #define HAVE_SYS_SELECT_H 1
| #define HAVE_SYS_TYPES_H 1
| #define HAVE_SYS_SOCKET_H 1
| #define HAVE_SYS_IOCTL_H 1
| #define HAVE_SYS_PARAM_H 1
| #define HAVE_FCNTL_H 1
| #define HAVE_SYS_SOUNDCARD_H 1
| #define HAVE_ARPA_INET_H 1
| #define HAVE_ARPA_NAMESER_H 1
| #define HAVE_NETDB_H 1
| #define HAVE_ARPA_NAMESER_COMPAT_H 1
| #define HAVE_NETINET_TCP_H 1
| #define HAVE_NETINET_IN_H 1
| #define HAVE_REGEX_H 1
| #define HAVE_RESOLV_H 1
| #define HAVE_GETIFADDRS 1
| #define HAVE_GMTIME_R 1
| #define HAVE_GMTIME 1
| /* end confdefs.h.  */
| 
| /* Override any GCC internal prototype to avoid an error.
|    Use char because int might match the return type of a GCC
|    builtin and then its argument prototype would still apply.  */
| #ifdef __cplusplus
| extern "C"
| #endif
| char SSL_CTX_new ();
| int
| main ()
| {
| return SSL_CTX_new ();
|   ;
|   return 0;
| }
configure:14380: result: no
configure:14386: checking for MD5 in -lcrypto
configure:14411: gcc -o conftest -g -O2 -pthread  -Wall -Wcast-align -Wchar-subscripts -Wformat -Winline -Wmissing-declarations -Wmissing-prototypes -Wnested-externs -Wpointer-arith  conftest.c -lcrypto    >&5
/usr/bin/ld: cannot find -lcrypto
collect2: error: ld returned 1 exit status
configure:14411: $? = 1
configure: failed program was:
| /* confdefs.h */
| #define PACKAGE_NAME "libeXosip2"
| #define PACKAGE_TARNAME "libexosip2"
| #define PACKAGE_VERSION "5.1.0"
| #define PACKAGE_STRING "libeXosip2 5.1.0"
| #define PACKAGE_BUGREPORT ""
| #define PACKAGE_URL ""
| #define PACKAGE "libexosip2"
| #define VERSION "5.1.0"
| #define STDC_HEADERS 1
| #define HAVE_SYS_TYPES_H 1
| #define HAVE_SYS_STAT_H 1
| #define HAVE_STDLIB_H 1
| #define HAVE_STRING_H 1
| #define HAVE_MEMORY_H 1
| #define HAVE_STRINGS_H 1
| #define HAVE_INTTYPES_H 1
| #define HAVE_STDINT_H 1
| #define HAVE_UNISTD_H 1
| #define HAVE_DLFCN_H 1
| #define LT_OBJDIR ".libs/"
| #define HAVE_PTHREAD_PRIO_INHERIT 1
| #define HAVE_PTHREAD 1
| #define HAVE_SEMAPHORE_H 1
| #define HAVE_SYS_SEM_H 1
| #define STDC_HEADERS 1
| #define HAVE_MEMORY_H 1
| #define HAVE_CTYPE_H 1
| #define HAVE_STRING_H 1
| #define HAVE_STRINGS_H 1
| #define HAVE_STDIO_H 1
| #define HAVE_STDLIB_H 1
| #define HAVE_LIMITS_H 1
| #define HAVE_UNISTD_H 1
| #define HAVE_STDARG_H 1
| #define HAVE_SYS_TIME_H 1
| #define HAVE_ASSERT_H 1
| #define HAVE_SIGNAL_H 1
| #define HAVE_SYS_SIGNAL_H 1
| #define HAVE_MALLOC_H 1
| #define HAVE_SYS_SELECT_H 1
| #define HAVE_SYS_TYPES_H 1
| #define HAVE_SYS_SOCKET_H 1
| #define HAVE_SYS_IOCTL_H 1
| #define HAVE_SYS_PARAM_H 1
| #define HAVE_FCNTL_H 1
| #define HAVE_SYS_SOUNDCARD_H 1
| #define HAVE_ARPA_INET_H 1
| #define HAVE_ARPA_NAMESER_H 1
| #define HAVE_NETDB_H 1
| #define HAVE_ARPA_NAMESER_COMPAT_H 1
| #define HAVE_NETINET_TCP_H 1
| #define HAVE_NETINET_IN_H 1
| #define HAVE_REGEX_H 1
| #define HAVE_RESOLV_H 1
| #define HAVE_GETIFADDRS 1
| #define HAVE_GMTIME_R 1
| #define HAVE_GMTIME 1
| /* end confdefs.h.  */
| 
| /* Override any GCC internal prototype to avoid an error.
|    Use char because int might match the return type of a GCC
|    builtin and then its argument prototype would still apply.  */
| #ifdef __cplusplus
| extern "C"
| #endif
| char MD5 ();
| int
| main ()
| {
| return MD5 ();
|   ;
|   return 0;
| }
configure:14420: result: no
configure:14568: checking that generated files are newer than configure
configure:14574: result: done
configure:14605: creating ./config.status

## ---------------------- ##
## Running config.status. ##
## ---------------------- ##

This file was extended by libeXosip2 config.status 5.1.0, which was
generated by GNU Autoconf 2.69.  Invocation command line was

  CONFIG_FILES    = 
  CONFIG_HEADERS  = 
  CONFIG_LINKS    = 
  CONFIG_COMMANDS = 
  $ ./config.status 

on ubuntu

config.status:1151: creating Makefile
config.status:1151: creating scripts/Makefile
config.status:1151: creating platform/Makefile
config.status:1151: creating platform/vsnet/Makefile
config.status:1151: creating include/Makefile
config.status:1151: creating include/eXosip2/Makefile
config.status:1151: creating src/Makefile
config.status:1151: creating tools/Makefile
config.status:1151: creating help/Makefile
config.status:1151: creating help/doxygen/Makefile
config.status:1151: creating help/doxygen/doxygen.dox
config.status:1151: creating exosip-config.h
config.status:1380: executing depfiles commands
config.status:1380: executing libtool commands

## ---------------- ##
## Cache variables. ##
## ---------------- ##

Wall_cv_flag=yes
Wcast_align_cv_flag=yes
Wchar_subscripts_cv_flag=yes
Wformat_cv_flag=yes
Winline_cv_flag=yes
Wmissing_declarations_cv_flag=yes
Wmissing_prototypes_cv_flag=yes
Wnested_externs_cv_flag=yes
Wpointer_arith_cv_flag=yes
ac_cv_build=x86_64-unknown-linux-gnu
ac_cv_c_compiler_gnu=yes
ac_cv_env_CC_set=
ac_cv_env_CC_value=
ac_cv_env_CFLAGS_set=
ac_cv_env_CFLAGS_value=
ac_cv_env_CPPFLAGS_set=
ac_cv_env_CPPFLAGS_value=
ac_cv_env_CPP_set=
ac_cv_env_CPP_value=
ac_cv_env_LDFLAGS_set=
ac_cv_env_LDFLAGS_value=
ac_cv_env_LIBS_set=
ac_cv_env_LIBS_value=
ac_cv_env_LT_SYS_LIBRARY_PATH_set=
ac_cv_env_LT_SYS_LIBRARY_PATH_value=
ac_cv_env_OSIP_CFLAGS_set=
ac_cv_env_OSIP_CFLAGS_value=
ac_cv_env_OSIP_LIBS_set=
ac_cv_env_OSIP_LIBS_value=
ac_cv_env_PKG_CONFIG_LIBDIR_set=
ac_cv_env_PKG_CONFIG_LIBDIR_value=
ac_cv_env_PKG_CONFIG_PATH_set=
ac_cv_env_PKG_CONFIG_PATH_value=
ac_cv_env_PKG_CONFIG_set=
ac_cv_env_PKG_CONFIG_value=
ac_cv_env_SSL_CFLAGS_set=
ac_cv_env_SSL_CFLAGS_value=
ac_cv_env_SSL_LIBS_set=
ac_cv_env_SSL_LIBS_value=
ac_cv_env_build_alias_set=
ac_cv_env_build_alias_value=
ac_cv_env_host_alias_set=
ac_cv_env_host_alias_value=
ac_cv_env_target_alias_set=
ac_cv_env_target_alias_value=
ac_cv_func_getifaddrs=yes
ac_cv_func_gmtime=yes
ac_cv_func_gmtime_r=yes
ac_cv_header_arpa_inet_h=yes
ac_cv_header_arpa_nameser_compat_h=yes
ac_cv_header_arpa_nameser_h=yes
ac_cv_header_assert_h=yes
ac_cv_header_ctype_h=yes
ac_cv_header_dlfcn_h=yes
ac_cv_header_fcntl_h=yes
ac_cv_header_inttypes_h=yes
ac_cv_header_limits_h=yes
ac_cv_header_malloc_h=yes
ac_cv_header_memory_h=yes
ac_cv_header_nameser8_compat_h=no
ac_cv_header_netdb_h=yes
ac_cv_header_netinet_in_h=yes
ac_cv_header_netinet_tcp_h=yes
ac_cv_header_openssl_ssl_h=no
ac_cv_header_regex_h=yes
ac_cv_header_resolv_h=yes
ac_cv_header_semaphore_h=yes
ac_cv_header_signal_h=yes
ac_cv_header_stdarg_h=yes
ac_cv_header_stdc=yes
ac_cv_header_stdint_h=yes
ac_cv_header_stdio_h=yes
ac_cv_header_stdlib_h=yes
ac_cv_header_string_h=yes
ac_cv_header_strings_h=yes
ac_cv_header_sys_ioctl_h=yes
ac_cv_header_sys_param_h=yes
ac_cv_header_sys_select_h=yes
ac_cv_header_sys_sem_h=yes
ac_cv_header_sys_signal_h=yes
ac_cv_header_sys_socket_h=yes
ac_cv_header_sys_soundcard_h=yes
ac_cv_header_sys_stat_h=yes
ac_cv_header_sys_time_h=yes
ac_cv_header_sys_types_h=yes
ac_cv_header_unistd_h=yes
ac_cv_header_varargs_h=no
ac_cv_host=x86_64-unknown-linux-gnu
ac_cv_lib_cares_ares_init=no
ac_cv_lib_crypto_MD5=no
ac_cv_lib_nsl_nis_add=yes
ac_cv_lib_posix4_sem_open=no
ac_cv_lib_resolv___res_query=yes
ac_cv_lib_resolv_res_query=no
ac_cv_lib_rt_clock_gettime=yes
ac_cv_lib_socket_sendto=no
ac_cv_lib_ssl_SSL_CTX_new=no
ac_cv_objext=o
ac_cv_path_EGREP='/bin/grep -E'
ac_cv_path_FGREP='/bin/grep -F'
ac_cv_path_GREP=/bin/grep
ac_cv_path_SED=/bin/sed
ac_cv_path_install='/usr/bin/install -c'
ac_cv_path_lt_DD=/bin/dd
ac_cv_path_mkdir=/bin/mkdir
ac_cv_prog_AWK=mawk
ac_cv_prog_CPP='gcc -E'
ac_cv_prog_ac_ct_AR=ar
ac_cv_prog_ac_ct_CC=gcc
ac_cv_prog_ac_ct_MANIFEST_TOOL=mt
ac_cv_prog_ac_ct_OBJDUMP=objdump
ac_cv_prog_ac_ct_RANLIB=ranlib
ac_cv_prog_ac_ct_STRIP=strip
ac_cv_prog_cc_c89=
ac_cv_prog_cc_g=yes
ac_cv_prog_make_make_set=yes
am_cv_CC_dependencies_compiler_type=gcc3
am_cv_make_support_nested_variables=yes
am_cv_prog_cc_c_o=yes
ax_cv_PTHREAD_PRIO_INHERIT=yes
lt_cv_ar_at_file=@
lt_cv_archive_cmds_need_lc=no
lt_cv_deplibs_check_method=pass_all
lt_cv_file_magic_cmd='$MAGIC_CMD'
lt_cv_file_magic_test_file=
lt_cv_ld_reload_flag=-r
lt_cv_nm_interface='BSD nm'
lt_cv_objdir=.libs
lt_cv_path_LD=/usr/bin/ld
lt_cv_path_NM='/usr/bin/nm -B'
lt_cv_path_mainfest_tool=no
lt_cv_prog_compiler_c_o=yes
lt_cv_prog_compiler_pic='-fPIC -DPIC'
lt_cv_prog_compiler_pic_works=yes
lt_cv_prog_compiler_rtti_exceptions=no
lt_cv_prog_compiler_static_works=yes
lt_cv_prog_gnu_ld=yes
lt_cv_sharedlib_from_linklib_cmd='printf %s\n'
lt_cv_shlibpath_overrides_runpath=yes
lt_cv_sys_global_symbol_pipe='sed -n -e '\''s/^.*[	 ]\([ABCDGIRSTW][ABCDGIRSTW]*\)[	 ][	 ]*\([_A-Za-z][_A-Za-z0-9]*\)$/\1 \2 \2/p'\'' | sed '\''/ __gnu_lto/d'\'''
lt_cv_sys_global_symbol_to_c_name_address='sed -n -e '\''s/^: \(.*\) .*$/  {"\1", (void *) 0},/p'\'' -e '\''s/^[ABCDGIRSTW][ABCDGIRSTW]* .* \(.*\)$/  {"\1", (void *) \&\1},/p'\'''
lt_cv_sys_global_symbol_to_c_name_address_lib_prefix='sed -n -e '\''s/^: \(.*\) .*$/  {"\1", (void *) 0},/p'\'' -e '\''s/^[ABCDGIRSTW][ABCDGIRSTW]* .* \(lib.*\)$/  {"\1", (void *) \&\1},/p'\'' -e '\''s/^[ABCDGIRSTW][ABCDGIRSTW]* .* \(.*\)$/  {"lib\1", (void *) \&\1},/p'\'''
lt_cv_sys_global_symbol_to_cdecl='sed -n -e '\''s/^T .* \(.*\)$/extern int \1();/p'\'' -e '\''s/^[ABCDGIRSTW][ABCDGIRSTW]* .* \(.*\)$/extern char \1;/p'\'''
lt_cv_sys_global_symbol_to_import=
lt_cv_sys_max_cmd_len=1572864
lt_cv_to_host_file_cmd=func_convert_file_noop
lt_cv_to_tool_file_cmd=func_convert_file_noop
lt_cv_truncate_bin='/bin/dd bs=4096 count=1'

## ----------------- ##
## Output variables. ##
## ----------------- ##

ACLOCAL='${SHELL} /home/xhw/gb28181_2016/libs/libexosip2-5.1.0/scripts/missing aclocal-1.15'
AMDEPBACKSLASH='\'
AMDEP_FALSE='#'
AMDEP_TRUE=''
AMTAR='$${TAR-tar}'
AM_BACKSLASH='\'
AM_DEFAULT_V='$(AM_DEFAULT_VERBOSITY)'
AM_DEFAULT_VERBOSITY='0'
AM_V='$(V)'
AR='ar'
AUTOCONF='${SHELL} /home/xhw/gb28181_2016/libs/libexosip2-5.1.0/scripts/missing autoconf'
AUTOHEADER='${SHELL} /home/xhw/gb28181_2016/libs/libexosip2-5.1.0/scripts/missing autoheader'
AUTOMAKE='${SHELL} /home/xhw/gb28181_2016/libs/libexosip2-5.1.0/scripts/missing automake-1.15'
AWK='mawk'
BUILD_MAXSIZE_FALSE='#'
BUILD_MAXSIZE_TRUE=''
CC='gcc'
CCDEPMODE='depmode=gcc3'
CFLAGS='-g -O2 -pthread'
COMPILE_TOOLS_FALSE='#'
COMPILE_TOOLS_TRUE=''
CPP='gcc -E'
CPPFLAGS=' -Wall -Wcast-align -Wchar-subscripts -Wformat -Winline -Wmissing-declarations -Wmissing-prototypes -Wnested-externs -Wpointer-arith'
CYGPATH_W='echo'
DEFS='-DHAVE_CONFIG_H'
DEPDIR='.deps'
DLLTOOL='false'
DSYMUTIL=''
DUMPBIN=''
ECHO_C=''
ECHO_N='-n'
ECHO_T=''
EGREP='/bin/grep -E'
EXEEXT=''
EXOSIP_FLAGS=' -DENABLE_TRACE'
EXOSIP_LIB=' -lnsl -lrt -lresolv'
EXOSIP_VERSION=''
FGREP='/bin/grep -F'
GREP='/bin/grep'
INSTALL_DATA='${INSTALL} -m 644'
INSTALL_PROGRAM='${INSTALL}'
INSTALL_SCRIPT='${INSTALL}'
INSTALL_STRIP_PROGRAM='$(install_sh) -c -s'
LD='/usr/bin/ld -m elf_x86_64'
LDFLAGS=''
LIBEXOSIP_SO_VERSION='12:0:0'
LIBOBJS=''
LIBS=' '
LIBTOOL='$(SHELL) $(top_builddir)/libtool'
LIPO=''
LN_S='ln -s'
LTLIBOBJS=''
LT_SYS_LIBRARY_PATH=''
MAKEINFO='${SHELL} /home/xhw/gb28181_2016/libs/libexosip2-5.1.0/scripts/missing makeinfo'
MANIFEST_TOOL=':'
MKDIR_P='/bin/mkdir -p'
NM='/usr/bin/nm -B'
NMEDIT=''
OBJDUMP='objdump'
OBJEXT='o'
OSIP_CFLAGS='-I$(includedir) -I$(prefix)/include'
OSIP_LIBS='-L$(libdir) -L$(prefix)/lib -losip2 -losipparser2'
OTOOL64=''
OTOOL=''
PACKAGE='libexosip2'
PACKAGE_BUGREPORT=''
PACKAGE_NAME='libeXosip2'
PACKAGE_STRING='libeXosip2 5.1.0'
PACKAGE_TARNAME='libexosip2'
PACKAGE_URL=''
PACKAGE_VERSION='5.1.0'
PATH_SEPARATOR=':'
PKG_CONFIG=''
PKG_CONFIG_LIBDIR=''
PKG_CONFIG_PATH=''
PTHREAD_CC='gcc'
PTHREAD_CFLAGS='-pthread'
PTHREAD_LIBS=''
RANLIB='ranlib'
SED='/bin/sed'
SET_MAKE=''
SHELL='/bin/bash'
SSL_CFLAGS=''
SSL_LIBS=''
STRIP='strip'
VERSION='5.1.0'
ac_ct_AR='ar'
ac_ct_CC='gcc'
ac_ct_DUMPBIN=''
am__EXEEXT_FALSE=''
am__EXEEXT_TRUE='#'
am__fastdepCC_FALSE='#'
am__fastdepCC_TRUE=''
am__include='include'
am__isrc=''
am__leading_dot='.'
am__nodep='_no'
am__quote=''
am__tar='$${TAR-tar} chof - "$$tardir"'
am__untar='$${TAR-tar} xf -'
ax_pthread_config=''
bindir='${exec_prefix}/bin'
build='x86_64-unknown-linux-gnu'
build_alias=''
build_cpu='x86_64'
build_os='linux-gnu'
build_vendor='unknown'
datadir='${datarootdir}'
datarootdir='${prefix}/share'
docdir='${datarootdir}/doc/${PACKAGE_TARNAME}'
dvidir='${docdir}'
exec_prefix='${prefix}'
host='x86_64-unknown-linux-gnu'
host_alias=''
host_cpu='x86_64'
host_os='linux-gnu'
host_vendor='unknown'
htmldir='${docdir}'
includedir='${prefix}/include'
infodir='${datarootdir}/info'
install_sh='${SHELL} /home/xhw/gb28181_2016/libs/libexosip2-5.1.0/scripts/install-sh'
libdir='${exec_prefix}/lib'
libexecdir='${exec_prefix}/libexec'
localedir='${datarootdir}/locale'
localstatedir='${prefix}/var'
mandir='${datarootdir}/man'
mkdir_p='$(MKDIR_P)'
oldincludedir='/usr/include'
pdfdir='${docdir}'
prefix='/usr/local'
program_transform_name='s,x,x,'
psdir='${docdir}'
runstatedir='${localstatedir}/run'
sbindir='${exec_prefix}/sbin'
sharedstatedir='${prefix}/com'
sysconfdir='${prefix}/etc'
target_alias=''

## ----------- ##
## confdefs.h. ##
## ----------- ##

/* confdefs.h */
#define PACKAGE_NAME "libeXosip2"
#define PACKAGE_TARNAME "libexosip2"
#define PACKAGE_VERSION "5.1.0"
#define PACKAGE_STRING "libeXosip2 5.1.0"
#define PACKAGE_BUGREPORT ""
#define PACKAGE_URL ""
#define PACKAGE "libexosip2"
#define VERSION "5.1.0"
#define STDC_HEADERS 1
#define HAVE_SYS_TYPES_H 1
#define HAVE_SYS_STAT_H 1
#define HAVE_STDLIB_H 1
#define HAVE_STRING_H 1
#define HAVE_MEMORY_H 1
#define HAVE_STRINGS_H 1
#define HAVE_INTTYPES_H 1
#define HAVE_STDINT_H 1
#define HAVE_UNISTD_H 1
#define HAVE_DLFCN_H 1
#define LT_OBJDIR ".libs/"
#define HAVE_PTHREAD_PRIO_INHERIT 1
#define HAVE_PTHREAD 1
#define HAVE_SEMAPHORE_H 1
#define HAVE_SYS_SEM_H 1
#define STDC_HEADERS 1
#define HAVE_MEMORY_H 1
#define HAVE_CTYPE_H 1
#define HAVE_STRING_H 1
#define HAVE_STRINGS_H 1
#define HAVE_STDIO_H 1
#define HAVE_STDLIB_H 1
#define HAVE_LIMITS_H 1
#define HAVE_UNISTD_H 1
#define HAVE_STDARG_H 1
#define HAVE_SYS_TIME_H 1
#define HAVE_ASSERT_H 1
#define HAVE_SIGNAL_H 1
#define HAVE_SYS_SIGNAL_H 1
#define HAVE_MALLOC_H 1
#define HAVE_SYS_SELECT_H 1
#define HAVE_SYS_TYPES_H 1
#define HAVE_SYS_SOCKET_H 1
#define HAVE_SYS_IOCTL_H 1
#define HAVE_SYS_PARAM_H 1
#define HAVE_FCNTL_H 1
#define HAVE_SYS_SOUNDCARD_H 1
#define HAVE_ARPA_INET_H 1
#define HAVE_ARPA_NAMESER_H 1
#define HAVE_NETDB_H 1
#define HAVE_ARPA_NAMESER_COMPAT_H 1
#define HAVE_NETINET_TCP_H 1
#define HAVE_NETINET_IN_H 1
#define HAVE_REGEX_H 1
#define HAVE_RESOLV_H 1
#define HAVE_GETIFADDRS 1
#define HAVE_GMTIME_R 1
#define HAVE_GMTIME 1
#define SRV_RECORD 1

configure: exit 0
