This file contains any messages produced by compilers while
running configure, to aid debugging if configure makes a mistake.

It was created by tdbcpostgres configure 1.0.0, which was
generated by GNU Autoconf 2.68.  Invocation command line was

  $ /home/xhw/redis/tcl8.6.1/pkgs/tdbcpostgres1.0.0/configure --with-tcl=../.. --with-tclinclude=/home/xhw/redis/tcl8.6.1/generic --libdir=/usr/local/lib --enable-shared --enable-threads

## --------- ##
## Platform. ##
## --------- ##

hostname = ubuntu
uname -m = x86_64
uname -r = 4.15.0-20-generic
uname -s = Linux
uname -v = #21-Ubuntu SMP Tue Apr 24 06:16:15 UTC 2018

/usr/bin/uname -p = unknown
/bin/uname -X     = unknown

/bin/arch              = unknown
/usr/bin/arch -k       = unknown
/usr/convex/getsysinfo = unknown
/usr/bin/hostinfo      = unknown
/bin/machine           = unknown
/usr/bin/oslevel       = unknown
/bin/universe          = unknown

PATH: /usr/local/sbin
PATH: /usr/local/bin
PATH: /usr/sbin
PATH: /usr/bin
PATH: /sbin
PATH: /bin
PATH: /snap/bin


## ----------- ##
## Core tests. ##
## ----------- ##

configure:2436: checking for correct TEA configuration
configure:2449: result: ok (TEA 3.9)
configure:2532: configuring tdbcpostgres 1.0.0
configure:2575: checking for Tcl configuration
configure:2698: result: found /home/xhw/redis/tcl8.6.1/unix/tclConfig.sh
configure:2751: checking for gcc
configure:2767: found /usr/bin/gcc
configure:2778: result: gcc
configure:3007: checking for C compiler version
configure:3016: gcc --version >&5
gcc (Ubuntu 7.3.0-27ubuntu1~18.04) 7.3.0
Copyright (C) 2017 Free Software Foundation, Inc.
This is free software; see the source for copying conditions.  There is NO
warranty; not even for MERCHANTABILITY or FITNESS FOR A PARTICULAR PURPOSE.

configure:3027: $? = 0
configure:3016: gcc -v >&5
Using built-in specs.
COLLECT_GCC=gcc
COLLECT_LTO_WRAPPER=/usr/lib/gcc/x86_64-linux-gnu/7/lto-wrapper
OFFLOAD_TARGET_NAMES=nvptx-none
OFFLOAD_TARGET_DEFAULT=1
Target: x86_64-linux-gnu
Configured with: ../src/configure -v --with-pkgversion='Ubuntu 7.3.0-27ubuntu1~18.04' --with-bugurl=file:///usr/share/doc/gcc-7/README.Bugs --enable-languages=c,ada,c++,go,brig,d,fortran,objc,obj-c++ --prefix=/usr --with-gcc-major-version-only --program-suffix=-7 --program-prefix=x86_64-linux-gnu- --enable-shared --enable-linker-build-id --libexecdir=/usr/lib --without-included-gettext --enable-threads=posix --libdir=/usr/lib --enable-nls --with-sysroot=/ --enable-clocale=gnu --enable-libstdcxx-debug --enable-libstdcxx-time=yes --with-default-libstdcxx-abi=new --enable-gnu-unique-object --disable-vtable-verify --enable-libmpx --enable-plugin --enable-default-pie --with-system-zlib --with-target-system-zlib --enable-objc-gc=auto --enable-multiarch --disable-werror --with-arch-32=i686 --with-abi=m64 --with-multilib-list=m32,m64,mx32 --enable-multilib --with-tune=generic --enable-offload-targets=nvptx-none --without-cuda-driver --enable-checking=release --build=x86_64-linux-gnu --host=x86_64-linux-gnu --target=x86_64-linux-gnu
Thread model: posix
gcc version 7.3.0 (Ubuntu 7.3.0-27ubuntu1~18.04) 
configure:3027: $? = 0
configure:3016: gcc -V >&5
gcc: error: unrecognized command line option '-V'
gcc: fatal error: no input files
compilation terminated.
configure:3027: $? = 1
configure:3016: gcc -qversion >&5
gcc: error: unrecognized command line option '-qversion'; did you mean '--version'?
gcc: fatal error: no input files
compilation terminated.
configure:3027: $? = 1
configure:3047: checking whether the C compiler works
configure:3069: gcc    conftest.c  >&5
configure:3073: $? = 0
configure:3121: result: yes
configure:3124: checking for C compiler default output file name
configure:3126: result: a.out
configure:3132: checking for suffix of executables
configure:3139: gcc -o conftest    conftest.c  >&5
configure:3143: $? = 0
configure:3165: result: 
configure:3187: checking whether we are cross compiling
configure:3195: gcc -o conftest    conftest.c  >&5
configure:3199: $? = 0
configure:3206: ./conftest
configure:3210: $? = 0
configure:3225: result: no
configure:3230: checking for suffix of object files
configure:3252: gcc -c   conftest.c >&5
configure:3256: $? = 0
configure:3277: result: o
configure:3281: checking whether we are using the GNU C compiler
configure:3300: gcc -c   conftest.c >&5
configure:3300: $? = 0
configure:3309: result: yes
configure:3318: checking whether gcc accepts -g
configure:3338: gcc -c -g  conftest.c >&5
configure:3338: $? = 0
configure:3379: result: yes
configure:3396: checking for gcc option to accept ISO C89
configure:3460: gcc  -c   conftest.c >&5
configure:3460: $? = 0
configure:3473: result: none needed
configure:3495: checking for existence of /home/xhw/redis/tcl8.6.1/unix/tclConfig.sh
configure:3499: result: loading
configure:3563: checking platform
configure:3581: gcc -c   conftest.c >&5
configure:3581: $? = 0
configure:3589: result: unix
configure:3648: checking for tdbc configuration
configure:3735: result: found /home/xhw/redis/tcl8.6.1/unix/pkgs/tdbc1.0.0/tdbcConfig.sh
configure:3741: checking for existence of /home/xhw/redis/tcl8.6.1/unix/pkgs/tdbc1.0.0/tdbcConfig.sh
configure:3745: result: loading
configure:3763: WARNING: Found Makefile - using build library specs for tdbc
configure:3834: checking For tdbc_STUB library for LIBS
configure:3867: result: using tdbc_STUB_LIB_SPEC -L/home/xhw/redis/tcl8.6.1/unix/pkgs/tdbc1.0.0 -ltdbcstub1.0.0
configure:3880: WARNING: Looking for "/home/xhw/redis/tcl8.6.1/unix/pkgs/tdbc1.0.0/Makefile"
configure:3883: WARNING: Found Makefile - using build include spec and lib specs for tdbc
configure:3902: --prefix defaulting to TCL_PREFIX /usr/local
configure:3914: --exec-prefix defaulting to TCL_EXEC_PREFIX /usr/local
configure:3984: checking for gcc
configure:4011: result: gcc
configure:4240: checking for C compiler version
configure:4249: gcc --version >&5
gcc (Ubuntu 7.3.0-27ubuntu1~18.04) 7.3.0
Copyright (C) 2017 Free Software Foundation, Inc.
This is free software; see the source for copying conditions.  There is NO
warranty; not even for MERCHANTABILITY or FITNESS FOR A PARTICULAR PURPOSE.

configure:4260: $? = 0
configure:4249: gcc -v >&5
Using built-in specs.
COLLECT_GCC=gcc
COLLECT_LTO_WRAPPER=/usr/lib/gcc/x86_64-linux-gnu/7/lto-wrapper
OFFLOAD_TARGET_NAMES=nvptx-none
OFFLOAD_TARGET_DEFAULT=1
Target: x86_64-linux-gnu
Configured with: ../src/configure -v --with-pkgversion='Ubuntu 7.3.0-27ubuntu1~18.04' --with-bugurl=file:///usr/share/doc/gcc-7/README.Bugs --enable-languages=c,ada,c++,go,brig,d,fortran,objc,obj-c++ --prefix=/usr --with-gcc-major-version-only --program-suffix=-7 --program-prefix=x86_64-linux-gnu- --enable-shared --enable-linker-build-id --libexecdir=/usr/lib --without-included-gettext --enable-threads=posix --libdir=/usr/lib --enable-nls --with-sysroot=/ --enable-clocale=gnu --enable-libstdcxx-debug --enable-libstdcxx-time=yes --with-default-libstdcxx-abi=new --enable-gnu-unique-object --disable-vtable-verify --enable-libmpx --enable-plugin --enable-default-pie --with-system-zlib --with-target-system-zlib --enable-objc-gc=auto --enable-multiarch --disable-werror --with-arch-32=i686 --with-abi=m64 --with-multilib-list=m32,m64,mx32 --enable-multilib --with-tune=generic --enable-offload-targets=nvptx-none --without-cuda-driver --enable-checking=release --build=x86_64-linux-gnu --host=x86_64-linux-gnu --target=x86_64-linux-gnu
Thread model: posix
gcc version 7.3.0 (Ubuntu 7.3.0-27ubuntu1~18.04) 
configure:4260: $? = 0
configure:4249: gcc -V >&5
gcc: error: unrecognized command line option '-V'
gcc: fatal error: no input files
compilation terminated.
configure:4260: $? = 1
configure:4249: gcc -qversion >&5
gcc: error: unrecognized command line option '-qversion'; did you mean '--version'?
gcc: fatal error: no input files
compilation terminated.
configure:4260: $? = 1
configure:4264: checking whether we are using the GNU C compiler
configure:4292: result: yes
configure:4301: checking whether gcc accepts -g
configure:4362: result: yes
configure:4379: checking for gcc option to accept ISO C89
configure:4456: result: none needed
configure:4481: checking how to run the C preprocessor
configure:4512: gcc -E  conftest.c
configure:4512: $? = 0
configure:4526: gcc -E  conftest.c
conftest.c:10:10: fatal error: ac_nonexistent.h: No such file or directory
 #include <ac_nonexistent.h>
          ^~~~~~~~~~~~~~~~~~
compilation terminated.
configure:4526: $? = 1
configure: failed program was:
| /* confdefs.h */
| #define PACKAGE_NAME "tdbcpostgres"
| #define PACKAGE_TARNAME "tdbcpostgres"
| #define PACKAGE_VERSION "1.0.0"
| #define PACKAGE_STRING "tdbcpostgres 1.0.0"
| #define PACKAGE_BUGREPORT ""
| #define PACKAGE_URL ""
| #define BUILD_tdbcpostgres /**/
| /* end confdefs.h.  */
| #include <ac_nonexistent.h>
configure:4551: result: gcc -E
configure:4571: gcc -E  conftest.c
configure:4571: $? = 0
configure:4585: gcc -E  conftest.c
conftest.c:10:10: fatal error: ac_nonexistent.h: No such file or directory
 #include <ac_nonexistent.h>
          ^~~~~~~~~~~~~~~~~~
compilation terminated.
configure:4585: $? = 1
configure: failed program was:
| /* confdefs.h */
| #define PACKAGE_NAME "tdbcpostgres"
| #define PACKAGE_TARNAME "tdbcpostgres"
| #define PACKAGE_VERSION "1.0.0"
| #define PACKAGE_STRING "tdbcpostgres 1.0.0"
| #define PACKAGE_BUGREPORT ""
| #define PACKAGE_URL ""
| #define BUILD_tdbcpostgres /**/
| /* end confdefs.h.  */
| #include <ac_nonexistent.h>
configure:4618: checking whether make sets $(MAKE)
configure:4640: result: yes
configure:4697: checking for ranlib
configure:4713: found /usr/bin/ranlib
configure:4724: result: ranlib
configure:4755: checking for grep that handles long lines and -e
configure:4813: result: /bin/grep
configure:4818: checking for egrep
configure:4880: result: /bin/grep -E
configure:4885: checking for ANSI C header files
configure:4905: gcc -c   conftest.c >&5
configure:4905: $? = 0
configure:4978: gcc -o conftest    conftest.c  >&5
configure:4978: $? = 0
configure:4978: ./conftest
configure:4978: $? = 0
configure:4989: result: yes
configure:5002: checking for sys/types.h
configure:5002: gcc -c   conftest.c >&5
configure:5002: $? = 0
configure:5002: result: yes
configure:5002: checking for sys/stat.h
configure:5002: gcc -c   conftest.c >&5
configure:5002: $? = 0
configure:5002: result: yes
configure:5002: checking for stdlib.h
configure:5002: gcc -c   conftest.c >&5
configure:5002: $? = 0
configure:5002: result: yes
configure:5002: checking for string.h
configure:5002: gcc -c   conftest.c >&5
configure:5002: $? = 0
configure:5002: result: yes
configure:5002: checking for memory.h
configure:5002: gcc -c   conftest.c >&5
configure:5002: $? = 0
configure:5002: result: yes
configure:5002: checking for strings.h
configure:5002: gcc -c   conftest.c >&5
configure:5002: $? = 0
configure:5002: result: yes
configure:5002: checking for inttypes.h
configure:5002: gcc -c   conftest.c >&5
configure:5002: $? = 0
configure:5002: result: yes
configure:5002: checking for stdint.h
configure:5002: gcc -c   conftest.c >&5
configure:5002: $? = 0
configure:5002: result: yes
configure:5002: checking for unistd.h
configure:5002: gcc -c   conftest.c >&5
configure:5002: $? = 0
configure:5002: result: yes
configure:5024: checking if the compiler understands -pipe
configure:5042: gcc -c  -pipe  conftest.c >&5
configure:5042: $? = 0
configure:5050: result: yes
configure:5061: checking whether byte ordering is bigendian
configure:5076: gcc -c  -pipe  conftest.c >&5
conftest.c:21:9: error: unknown type name 'not'
         not a universal capable compiler
         ^~~
conftest.c:21:15: error: expected '=', ',', ';', 'asm' or '__attribute__' before 'universal'
         not a universal capable compiler
               ^~~~~~~~~
conftest.c:21:15: error: unknown type name 'universal'
configure:5076: $? = 1
configure: failed program was:
| /* confdefs.h */
| #define PACKAGE_NAME "tdbcpostgres"
| #define PACKAGE_TARNAME "tdbcpostgres"
| #define PACKAGE_VERSION "1.0.0"
| #define PACKAGE_STRING "tdbcpostgres 1.0.0"
| #define PACKAGE_BUGREPORT ""
| #define PACKAGE_URL ""
| #define BUILD_tdbcpostgres /**/
| #define STDC_HEADERS 1
| #define HAVE_SYS_TYPES_H 1
| #define HAVE_SYS_STAT_H 1
| #define HAVE_STDLIB_H 1
| #define HAVE_STRING_H 1
| #define HAVE_MEMORY_H 1
| #define HAVE_STRINGS_H 1
| #define HAVE_INTTYPES_H 1
| #define HAVE_STDINT_H 1
| #define HAVE_UNISTD_H 1
| /* end confdefs.h.  */
| #ifndef __APPLE_CC__
| 	       not a universal capable compiler
| 	     #endif
| 	     typedef int dummy;
| 
configure:5121: gcc -c  -pipe  conftest.c >&5
configure:5121: $? = 0
configure:5139: gcc -c  -pipe  conftest.c >&5
conftest.c: In function 'main':
conftest.c:27:4: error: unknown type name 'not'; did you mean 'ino_t'?
    not big endian
    ^~~
    ino_t
conftest.c:27:12: error: expected '=', ',', ';', 'asm' or '__attribute__' before 'endian'
    not big endian
            ^~~~~~
configure:5139: $? = 1
configure: failed program was:
| /* confdefs.h */
| #define PACKAGE_NAME "tdbcpostgres"
| #define PACKAGE_TARNAME "tdbcpostgres"
| #define PACKAGE_VERSION "1.0.0"
| #define PACKAGE_STRING "tdbcpostgres 1.0.0"
| #define PACKAGE_BUGREPORT ""
| #define PACKAGE_URL ""
| #define BUILD_tdbcpostgres /**/
| #define STDC_HEADERS 1
| #define HAVE_SYS_TYPES_H 1
| #define HAVE_SYS_STAT_H 1
| #define HAVE_STDLIB_H 1
| #define HAVE_STRING_H 1
| #define HAVE_MEMORY_H 1
| #define HAVE_STRINGS_H 1
| #define HAVE_INTTYPES_H 1
| #define HAVE_STDINT_H 1
| #define HAVE_UNISTD_H 1
| /* end confdefs.h.  */
| #include <sys/types.h>
| 		#include <sys/param.h>
| 
| int
| main ()
| {
| #if BYTE_ORDER != BIG_ENDIAN
| 		 not big endian
| 		#endif
| 
|   ;
|   return 0;
| }
configure:5267: result: no
configure:5294: checking for sin
configure:5294: gcc -o conftest  -pipe   conftest.c  >&5
conftest.c:43:6: warning: conflicting types for built-in function 'sin' [-Wbuiltin-declaration-mismatch]
 char sin ();
      ^~~
/tmp/ccLWbX6u.o: In function `main':
conftest.c:(.text+0xa): undefined reference to `sin'
collect2: error: ld returned 1 exit status
configure:5294: $? = 1
configure: failed program was:
| /* confdefs.h */
| #define PACKAGE_NAME "tdbcpostgres"
| #define PACKAGE_TARNAME "tdbcpostgres"
| #define PACKAGE_VERSION "1.0.0"
| #define PACKAGE_STRING "tdbcpostgres 1.0.0"
| #define PACKAGE_BUGREPORT ""
| #define PACKAGE_URL ""
| #define BUILD_tdbcpostgres /**/
| #define STDC_HEADERS 1
| #define HAVE_SYS_TYPES_H 1
| #define HAVE_SYS_STAT_H 1
| #define HAVE_STDLIB_H 1
| #define HAVE_STRING_H 1
| #define HAVE_MEMORY_H 1
| #define HAVE_STRINGS_H 1
| #define HAVE_INTTYPES_H 1
| #define HAVE_STDINT_H 1
| #define HAVE_UNISTD_H 1
| /* end confdefs.h.  */
| /* Define sin to an innocuous variant, in case <limits.h> declares sin.
|    For example, HP-UX 11i <limits.h> declares gettimeofday.  */
| #define sin innocuous_sin
| 
| /* System header to define __stub macros and hopefully few prototypes,
|     which can conflict with char sin (); below.
|     Prefer <limits.h> to <assert.h> if __STDC__ is defined, since
|     <limits.h> exists even on freestanding compilers.  */
| 
| #ifdef __STDC__
| # include <limits.h>
| #else
| # include <assert.h>
| #endif
| 
| #undef sin
| 
| /* Override any GCC internal prototype to avoid an error.
|    Use char because int might match the return type of a GCC
|    builtin and then its argument prototype would still apply.  */
| #ifdef __cplusplus
| extern "C"
| #endif
| char sin ();
| /* The GNU C library defines this for functions which it implements
|     to always fail with ENOSYS.  Some functions are actually named
|     something starting with __ and the normal name is an alias.  */
| #if defined __stub_sin || defined __stub___sin
| choke me
| #endif
| 
| int
| main ()
| {
| return sin ();
|   ;
|   return 0;
| }
configure:5294: result: no
configure:5301: checking for main in -lieee
configure:5320: gcc -o conftest  -pipe   conftest.c -lieee   >&5
/usr/bin/ld: cannot find -lieee
collect2: error: ld returned 1 exit status
configure:5320: $? = 1
configure: failed program was:
| /* confdefs.h */
| #define PACKAGE_NAME "tdbcpostgres"
| #define PACKAGE_TARNAME "tdbcpostgres"
| #define PACKAGE_VERSION "1.0.0"
| #define PACKAGE_STRING "tdbcpostgres 1.0.0"
| #define PACKAGE_BUGREPORT ""
| #define PACKAGE_URL ""
| #define BUILD_tdbcpostgres /**/
| #define STDC_HEADERS 1
| #define HAVE_SYS_TYPES_H 1
| #define HAVE_SYS_STAT_H 1
| #define HAVE_STDLIB_H 1
| #define HAVE_STRING_H 1
| #define HAVE_MEMORY_H 1
| #define HAVE_STRINGS_H 1
| #define HAVE_INTTYPES_H 1
| #define HAVE_STDINT_H 1
| #define HAVE_UNISTD_H 1
| /* end confdefs.h.  */
| 
| 
| int
| main ()
| {
| return main ();
|   ;
|   return 0;
| }
configure:5329: result: no
configure:5341: checking for main in -linet
configure:5360: gcc -o conftest  -pipe   conftest.c -linet   >&5
/usr/bin/ld: cannot find -linet
collect2: error: ld returned 1 exit status
configure:5360: $? = 1
configure: failed program was:
| /* confdefs.h */
| #define PACKAGE_NAME "tdbcpostgres"
| #define PACKAGE_TARNAME "tdbcpostgres"
| #define PACKAGE_VERSION "1.0.0"
| #define PACKAGE_STRING "tdbcpostgres 1.0.0"
| #define PACKAGE_BUGREPORT ""
| #define PACKAGE_URL ""
| #define BUILD_tdbcpostgres /**/
| #define STDC_HEADERS 1
| #define HAVE_SYS_TYPES_H 1
| #define HAVE_SYS_STAT_H 1
| #define HAVE_STDLIB_H 1
| #define HAVE_STRING_H 1
| #define HAVE_MEMORY_H 1
| #define HAVE_STRINGS_H 1
| #define HAVE_INTTYPES_H 1
| #define HAVE_STDINT_H 1
| #define HAVE_UNISTD_H 1
| /* end confdefs.h.  */
| 
| 
| int
| main ()
| {
| return main ();
|   ;
|   return 0;
| }
configure:5369: result: no
configure:5375: checking net/errno.h usability
configure:5375: gcc -c  -pipe  conftest.c >&5
conftest.c:53:10: fatal error: net/errno.h: No such file or directory
 #include <net/errno.h>
          ^~~~~~~~~~~~~
compilation terminated.
configure:5375: $? = 1
configure: failed program was:
| /* confdefs.h */
| #define PACKAGE_NAME "tdbcpostgres"
| #define PACKAGE_TARNAME "tdbcpostgres"
| #define PACKAGE_VERSION "1.0.0"
| #define PACKAGE_STRING "tdbcpostgres 1.0.0"
| #define PACKAGE_BUGREPORT ""
| #define PACKAGE_URL ""
| #define BUILD_tdbcpostgres /**/
| #define STDC_HEADERS 1
| #define HAVE_SYS_TYPES_H 1
| #define HAVE_SYS_STAT_H 1
| #define HAVE_STDLIB_H 1
| #define HAVE_STRING_H 1
| #define HAVE_MEMORY_H 1
| #define HAVE_STRINGS_H 1
| #define HAVE_INTTYPES_H 1
| #define HAVE_STDINT_H 1
| #define HAVE_UNISTD_H 1
| /* end confdefs.h.  */
| #include <stdio.h>
| #ifdef HAVE_SYS_TYPES_H
| # include <sys/types.h>
| #endif
| #ifdef HAVE_SYS_STAT_H
| # include <sys/stat.h>
| #endif
| #ifdef STDC_HEADERS
| # include <stdlib.h>
| # include <stddef.h>
| #else
| # ifdef HAVE_STDLIB_H
| #  include <stdlib.h>
| # endif
| #endif
| #ifdef HAVE_STRING_H
| # if !defined STDC_HEADERS && defined HAVE_MEMORY_H
| #  include <memory.h>
| # endif
| # include <string.h>
| #endif
| #ifdef HAVE_STRINGS_H
| # include <strings.h>
| #endif
| #ifdef HAVE_INTTYPES_H
| # include <inttypes.h>
| #endif
| #ifdef HAVE_STDINT_H
| # include <stdint.h>
| #endif
| #ifdef HAVE_UNISTD_H
| # include <unistd.h>
| #endif
| #include <net/errno.h>
configure:5375: result: no
configure:5375: checking net/errno.h presence
configure:5375: gcc -E  conftest.c
conftest.c:20:10: fatal error: net/errno.h: No such file or directory
 #include <net/errno.h>
          ^~~~~~~~~~~~~
compilation terminated.
configure:5375: $? = 1
configure: failed program was:
| /* confdefs.h */
| #define PACKAGE_NAME "tdbcpostgres"
| #define PACKAGE_TARNAME "tdbcpostgres"
| #define PACKAGE_VERSION "1.0.0"
| #define PACKAGE_STRING "tdbcpostgres 1.0.0"
| #define PACKAGE_BUGREPORT ""
| #define PACKAGE_URL ""
| #define BUILD_tdbcpostgres /**/
| #define STDC_HEADERS 1
| #define HAVE_SYS_TYPES_H 1
| #define HAVE_SYS_STAT_H 1
| #define HAVE_STDLIB_H 1
| #define HAVE_STRING_H 1
| #define HAVE_MEMORY_H 1
| #define HAVE_STRINGS_H 1
| #define HAVE_INTTYPES_H 1
| #define HAVE_STDINT_H 1
| #define HAVE_UNISTD_H 1
| /* end confdefs.h.  */
| #include <net/errno.h>
configure:5375: result: no
configure:5375: checking for net/errno.h
configure:5375: result: no
configure:5404: checking for connect
configure:5404: gcc -o conftest  -pipe   conftest.c  >&5
configure:5404: $? = 0
configure:5404: result: yes
configure:5472: checking for gethostbyname
configure:5472: gcc -o conftest  -pipe   conftest.c  >&5
configure:5472: $? = 0
configure:5472: result: yes
configure:5527: checking dirent.h
configure:5563: gcc -o conftest  -pipe   conftest.c  >&5
configure:5563: $? = 0
configure:5571: result: yes
configure:5581: checking errno.h usability
configure:5581: gcc -c  -pipe  conftest.c >&5
configure:5581: $? = 0
configure:5581: result: yes
configure:5581: checking errno.h presence
configure:5581: gcc -E  conftest.c
configure:5581: $? = 0
configure:5581: result: yes
configure:5581: checking for errno.h
configure:5581: result: yes
configure:5591: checking float.h usability
configure:5591: gcc -c  -pipe  conftest.c >&5
configure:5591: $? = 0
configure:5591: result: yes
configure:5591: checking float.h presence
configure:5591: gcc -E  conftest.c
configure:5591: $? = 0
configure:5591: result: yes
configure:5591: checking for float.h
configure:5591: result: yes
configure:5601: checking values.h usability
configure:5601: gcc -c  -pipe  conftest.c >&5
configure:5601: $? = 0
configure:5601: result: yes
configure:5601: checking values.h presence
configure:5601: gcc -E  conftest.c
configure:5601: $? = 0
configure:5601: result: yes
configure:5601: checking for values.h
configure:5601: result: yes
configure:5611: checking limits.h usability
configure:5611: gcc -c  -pipe  conftest.c >&5
configure:5611: $? = 0
configure:5611: result: yes
configure:5611: checking limits.h presence
configure:5611: gcc -E  conftest.c
configure:5611: $? = 0
configure:5611: result: yes
configure:5611: checking for limits.h
configure:5611: result: yes
configure:5623: checking for stdlib.h
configure:5623: result: yes
configure:5675: checking for string.h
configure:5675: result: yes
configure:5719: checking sys/wait.h usability
configure:5719: gcc -c  -pipe  conftest.c >&5
configure:5719: $? = 0
configure:5719: result: yes
configure:5719: checking sys/wait.h presence
configure:5719: gcc -E  conftest.c
configure:5719: $? = 0
configure:5719: result: yes
configure:5719: checking for sys/wait.h
configure:5719: result: yes
configure:5729: checking dlfcn.h usability
configure:5729: gcc -c  -pipe  conftest.c >&5
configure:5729: $? = 0
configure:5729: result: yes
configure:5729: checking dlfcn.h presence
configure:5729: gcc -E  conftest.c
configure:5729: $? = 0
configure:5729: result: yes
configure:5729: checking for dlfcn.h
configure:5729: result: yes
configure:5743: checking sys/param.h usability
configure:5743: gcc -c  -pipe  conftest.c >&5
configure:5743: $? = 0
configure:5743: result: yes
configure:5743: checking sys/param.h presence
configure:5743: gcc -E  conftest.c
configure:5743: $? = 0
configure:5743: result: yes
configure:5743: checking for sys/param.h
configure:5743: result: yes
configure:5760: checking for inline
configure:5776: gcc -c  -pipe  conftest.c >&5
configure:5776: $? = 0
configure:5784: result: inline
configure:5802: checking for long long
configure:5802: gcc -c  -pipe  conftest.c >&5
configure:5802: $? = 0
configure:5802: gcc -c  -pipe  conftest.c >&5
conftest.c: In function 'main':
conftest.c:58:24: error: expected expression before ')' token
 if (sizeof ((long long)))
                        ^
configure:5802: $? = 1
configure: failed program was:
| /* confdefs.h */
| #define PACKAGE_NAME "tdbcpostgres"
| #define PACKAGE_TARNAME "tdbcpostgres"
| #define PACKAGE_VERSION "1.0.0"
| #define PACKAGE_STRING "tdbcpostgres 1.0.0"
| #define PACKAGE_BUGREPORT ""
| #define PACKAGE_URL ""
| #define BUILD_tdbcpostgres /**/
| #define STDC_HEADERS 1
| #define HAVE_SYS_TYPES_H 1
| #define HAVE_SYS_STAT_H 1
| #define HAVE_STDLIB_H 1
| #define HAVE_STRING_H 1
| #define HAVE_MEMORY_H 1
| #define HAVE_STRINGS_H 1
| #define HAVE_INTTYPES_H 1
| #define HAVE_STDINT_H 1
| #define HAVE_UNISTD_H 1
| #define HAVE_LIMITS_H 1
| #define HAVE_SYS_PARAM_H 1
| /* end confdefs.h.  */
| #include <stdio.h>
| #ifdef HAVE_SYS_TYPES_H
| # include <sys/types.h>
| #endif
| #ifdef HAVE_SYS_STAT_H
| # include <sys/stat.h>
| #endif
| #ifdef STDC_HEADERS
| # include <stdlib.h>
| # include <stddef.h>
| #else
| # ifdef HAVE_STDLIB_H
| #  include <stdlib.h>
| # endif
| #endif
| #ifdef HAVE_STRING_H
| # if !defined STDC_HEADERS && defined HAVE_MEMORY_H
| #  include <memory.h>
| # endif
| # include <string.h>
| #endif
| #ifdef HAVE_STRINGS_H
| # include <strings.h>
| #endif
| #ifdef HAVE_INTTYPES_H
| # include <inttypes.h>
| #endif
| #ifdef HAVE_STDINT_H
| # include <stdint.h>
| #endif
| #ifdef HAVE_UNISTD_H
| # include <unistd.h>
| #endif
| int
| main ()
| {
| if (sizeof ((long long)))
| 	    return 0;
|   ;
|   return 0;
| }
configure:5802: result: yes
configure:5811: checking size of long long
configure:5816: gcc -o conftest  -pipe   conftest.c  >&5
configure:5816: $? = 0
configure:5816: ./conftest
configure:5816: $? = 0
configure:5830: result: 8
configure:5847: checking size of long
configure:5852: gcc -o conftest  -pipe   conftest.c  >&5
configure:5852: $? = 0
configure:5852: ./conftest
configure:5852: $? = 0
configure:5866: result: 8
configure:6063: checking for Tcl public headers
configure:6134: result: /home/xhw/redis/tcl8.6.1/generic
configure:6190: checking for pthread_mutex_init in -lpthread
configure:6215: gcc -o conftest  -pipe   conftest.c -lpthread   >&5
configure:6215: $? = 0
configure:6224: result: yes
configure:6433: checking for building with threads
configure:6439: result: yes (default)
configure:6480: checking how to build libraries
configure:6498: result: shared
configure:6561: checking for ranlib
configure:6588: result: ranlib
configure:6615: checking if 64bit support is requested
configure:6624: result: no
configure:6629: checking if 64bit Sparc VIS support is requested
configure:6638: result: no
configure:6648: checking if compiler supports visibility "hidden"
configure:6668: gcc -o conftest  -pipe -Werror   conftest.c  >&5
configure:6668: $? = 0
configure:6677: result: yes
configure:6689: checking if rpath support is requested
configure:6698: result: yes
configure:6723: checking system version
configure:6746: result: Linux-4.15.0-20-generic
configure:6826: checking for ar
configure:6842: found /usr/bin/ar
configure:6853: result: ar
configure:8468: checking for SEH support in compiler
configure:8495: gcc -o conftest  -pipe   -Wl,--export-dynamic  conftest.c  >&5
conftest.c:33:15: fatal error: windows.h: No such file or directory
      #include <windows.h>
               ^~~~~~~~~~~
compilation terminated.
configure:8495: $? = 1
configure: program exited with status 1
configure: failed program was:
| /* confdefs.h */
| #define PACKAGE_NAME "tdbcpostgres"
| #define PACKAGE_TARNAME "tdbcpostgres"
| #define PACKAGE_VERSION "1.0.0"
| #define PACKAGE_STRING "tdbcpostgres 1.0.0"
| #define PACKAGE_BUGREPORT ""
| #define PACKAGE_URL ""
| #define BUILD_tdbcpostgres /**/
| #define STDC_HEADERS 1
| #define HAVE_SYS_TYPES_H 1
| #define HAVE_SYS_STAT_H 1
| #define HAVE_STDLIB_H 1
| #define HAVE_STRING_H 1
| #define HAVE_MEMORY_H 1
| #define HAVE_STRINGS_H 1
| #define HAVE_INTTYPES_H 1
| #define HAVE_STDINT_H 1
| #define HAVE_UNISTD_H 1
| #define HAVE_LIMITS_H 1
| #define HAVE_SYS_PARAM_H 1
| #define HAVE_LONG_LONG 1
| #define SIZEOF_LONG_LONG 8
| #define SIZEOF_LONG 8
| #define DONT_TD_VOID 1
| #define USE_THREAD_ALLOC 1
| #define _REENTRANT 1
| #define _THREAD_SAFE 1
| #define TCL_THREADS 1
| #define MODULE_SCOPE extern __attribute__((__visibility__("hidden")))
| /* end confdefs.h.  */
| 
| 	    #define WIN32_LEAN_AND_MEAN
| 	    #include <windows.h>
| 	    #undef WIN32_LEAN_AND_MEAN
| 
| 	    int main(int argc, char** argv) {
| 		int a, b = 0;
| 		__try {
| 		    a = 666 / b;
| 		}
| 		__except (EXCEPTION_EXECUTE_HANDLER) {
| 		    return 0;
| 		}
| 		return 1;
| 	    }
| 
configure:8506: result: no
configure:8520: checking for EXCEPTION_DISPOSITION support in include files
configure:8542: gcc -c  -pipe  conftest.c >&5
conftest.c:34:15: fatal error: windows.h: No such file or directory
 #     include <windows.h>
               ^~~~~~~~~~~
compilation terminated.
configure:8542: $? = 1
configure: failed program was:
| /* confdefs.h */
| #define PACKAGE_NAME "tdbcpostgres"
| #define PACKAGE_TARNAME "tdbcpostgres"
| #define PACKAGE_VERSION "1.0.0"
| #define PACKAGE_STRING "tdbcpostgres 1.0.0"
| #define PACKAGE_BUGREPORT ""
| #define PACKAGE_URL ""
| #define BUILD_tdbcpostgres /**/
| #define STDC_HEADERS 1
| #define HAVE_SYS_TYPES_H 1
| #define HAVE_SYS_STAT_H 1
| #define HAVE_STDLIB_H 1
| #define HAVE_STRING_H 1
| #define HAVE_MEMORY_H 1
| #define HAVE_STRINGS_H 1
| #define HAVE_INTTYPES_H 1
| #define HAVE_STDINT_H 1
| #define HAVE_UNISTD_H 1
| #define HAVE_LIMITS_H 1
| #define HAVE_SYS_PARAM_H 1
| #define HAVE_LONG_LONG 1
| #define SIZEOF_LONG_LONG 8
| #define SIZEOF_LONG 8
| #define DONT_TD_VOID 1
| #define USE_THREAD_ALLOC 1
| #define _REENTRANT 1
| #define _THREAD_SAFE 1
| #define TCL_THREADS 1
| #define MODULE_SCOPE extern __attribute__((__visibility__("hidden")))
| #define HAVE_NO_SEH 1
| /* end confdefs.h.  */
| 
| #	    define WIN32_LEAN_AND_MEAN
| #	    include <windows.h>
| #	    undef WIN32_LEAN_AND_MEAN
| 
| int
| main ()
| {
| 
| 		EXCEPTION_DISPOSITION x;
| 
|   ;
|   return 0;
| }
configure:8550: result: no
configure:8562: checking for winnt.h that ignores VOID define
configure:8587: gcc -c  -pipe  conftest.c >&5
conftest.c:36:12: fatal error: windows.h: No such file or directory
   #include <windows.h>
            ^~~~~~~~~~~
compilation terminated.
configure:8587: $? = 1
configure: failed program was:
| /* confdefs.h */
| #define PACKAGE_NAME "tdbcpostgres"
| #define PACKAGE_TARNAME "tdbcpostgres"
| #define PACKAGE_VERSION "1.0.0"
| #define PACKAGE_STRING "tdbcpostgres 1.0.0"
| #define PACKAGE_BUGREPORT ""
| #define PACKAGE_URL ""
| #define BUILD_tdbcpostgres /**/
| #define STDC_HEADERS 1
| #define HAVE_SYS_TYPES_H 1
| #define HAVE_SYS_STAT_H 1
| #define HAVE_STDLIB_H 1
| #define HAVE_STRING_H 1
| #define HAVE_MEMORY_H 1
| #define HAVE_STRINGS_H 1
| #define HAVE_INTTYPES_H 1
| #define HAVE_STDINT_H 1
| #define HAVE_UNISTD_H 1
| #define HAVE_LIMITS_H 1
| #define HAVE_SYS_PARAM_H 1
| #define HAVE_LONG_LONG 1
| #define SIZEOF_LONG_LONG 8
| #define SIZEOF_LONG 8
| #define DONT_TD_VOID 1
| #define USE_THREAD_ALLOC 1
| #define _REENTRANT 1
| #define _THREAD_SAFE 1
| #define TCL_THREADS 1
| #define MODULE_SCOPE extern __attribute__((__visibility__("hidden")))
| #define HAVE_NO_SEH 1
| #define EXCEPTION_DISPOSITION int
| /* end confdefs.h.  */
| 
| 		#define VOID void
| 		#define WIN32_LEAN_AND_MEAN
| 		#include <windows.h>
| 		#undef WIN32_LEAN_AND_MEAN
| 
| int
| main ()
| {
| 
| 		CHAR c;
| 		SHORT s;
| 		LONG l;
| 
|   ;
|   return 0;
| }
configure:8595: result: no
configure:8607: checking for cast to union support
configure:8626: gcc -c  -pipe  conftest.c >&5
configure:8626: $? = 0
configure:8634: result: yes
configure:8658: checking for required early compiler flags
configure:8676: gcc -c  -pipe  conftest.c >&5
configure:8676: $? = 0
configure:8723: gcc -c  -pipe  conftest.c >&5
conftest.c: In function 'main':
conftest.c:38:15: error: storage size of 'buf' isn't known
 struct stat64 buf; int i = stat64("/", &buf);
               ^~~
conftest.c:38:28: warning: implicit declaration of function 'stat64'; did you mean 'stat'? [-Wimplicit-function-declaration]
 struct stat64 buf; int i = stat64("/", &buf);
                            ^~~~~~
                            stat
configure:8723: $? = 1
configure: failed program was:
| /* confdefs.h */
| #define PACKAGE_NAME "tdbcpostgres"
| #define PACKAGE_TARNAME "tdbcpostgres"
| #define PACKAGE_VERSION "1.0.0"
| #define PACKAGE_STRING "tdbcpostgres 1.0.0"
| #define PACKAGE_BUGREPORT ""
| #define PACKAGE_URL ""
| #define BUILD_tdbcpostgres /**/
| #define STDC_HEADERS 1
| #define HAVE_SYS_TYPES_H 1
| #define HAVE_SYS_STAT_H 1
| #define HAVE_STDLIB_H 1
| #define HAVE_STRING_H 1
| #define HAVE_MEMORY_H 1
| #define HAVE_STRINGS_H 1
| #define HAVE_INTTYPES_H 1
| #define HAVE_STDINT_H 1
| #define HAVE_UNISTD_H 1
| #define HAVE_LIMITS_H 1
| #define HAVE_SYS_PARAM_H 1
| #define HAVE_LONG_LONG 1
| #define SIZEOF_LONG_LONG 8
| #define SIZEOF_LONG 8
| #define DONT_TD_VOID 1
| #define USE_THREAD_ALLOC 1
| #define _REENTRANT 1
| #define _THREAD_SAFE 1
| #define TCL_THREADS 1
| #define MODULE_SCOPE extern __attribute__((__visibility__("hidden")))
| #define HAVE_NO_SEH 1
| #define EXCEPTION_DISPOSITION int
| #define HAVE_CAST_TO_UNION 1
| /* end confdefs.h.  */
| #include <sys/stat.h>
| int
| main ()
| {
| struct stat64 buf; int i = stat64("/", &buf);
|   ;
|   return 0;
| }
configure:8738: gcc -c  -pipe  conftest.c >&5
configure:8738: $? = 0
configure:8770: gcc -c  -pipe  conftest.c >&5
conftest.c: In function 'main':
conftest.c:39:19: error: 'open64' undeclared (first use in this function)
 char *p = (char *)open64;
                   ^~~~~~
conftest.c:39:19: note: each undeclared identifier is reported only once for each function it appears in
configure:8770: $? = 1
configure: failed program was:
| /* confdefs.h */
| #define PACKAGE_NAME "tdbcpostgres"
| #define PACKAGE_TARNAME "tdbcpostgres"
| #define PACKAGE_VERSION "1.0.0"
| #define PACKAGE_STRING "tdbcpostgres 1.0.0"
| #define PACKAGE_BUGREPORT ""
| #define PACKAGE_URL ""
| #define BUILD_tdbcpostgres /**/
| #define STDC_HEADERS 1
| #define HAVE_SYS_TYPES_H 1
| #define HAVE_SYS_STAT_H 1
| #define HAVE_STDLIB_H 1
| #define HAVE_STRING_H 1
| #define HAVE_MEMORY_H 1
| #define HAVE_STRINGS_H 1
| #define HAVE_INTTYPES_H 1
| #define HAVE_STDINT_H 1
| #define HAVE_UNISTD_H 1
| #define HAVE_LIMITS_H 1
| #define HAVE_SYS_PARAM_H 1
| #define HAVE_LONG_LONG 1
| #define SIZEOF_LONG_LONG 8
| #define SIZEOF_LONG 8
| #define DONT_TD_VOID 1
| #define USE_THREAD_ALLOC 1
| #define _REENTRANT 1
| #define _THREAD_SAFE 1
| #define TCL_THREADS 1
| #define MODULE_SCOPE extern __attribute__((__visibility__("hidden")))
| #define HAVE_NO_SEH 1
| #define EXCEPTION_DISPOSITION int
| #define HAVE_CAST_TO_UNION 1
| #define _LARGEFILE64_SOURCE 1
| /* end confdefs.h.  */
| #include <sys/stat.h>
| int
| main ()
| {
| char *p = (char *)open64;
|   ;
|   return 0;
| }
configure:8785: gcc -c  -pipe  conftest.c >&5
conftest.c: In function 'main':
conftest.c:40:19: error: 'open64' undeclared (first use in this function)
 char *p = (char *)open64;
                   ^~~~~~
conftest.c:40:19: note: each undeclared identifier is reported only once for each function it appears in
configure:8785: $? = 1
configure: failed program was:
| /* confdefs.h */
| #define PACKAGE_NAME "tdbcpostgres"
| #define PACKAGE_TARNAME "tdbcpostgres"
| #define PACKAGE_VERSION "1.0.0"
| #define PACKAGE_STRING "tdbcpostgres 1.0.0"
| #define PACKAGE_BUGREPORT ""
| #define PACKAGE_URL ""
| #define BUILD_tdbcpostgres /**/
| #define STDC_HEADERS 1
| #define HAVE_SYS_TYPES_H 1
| #define HAVE_SYS_STAT_H 1
| #define HAVE_STDLIB_H 1
| #define HAVE_STRING_H 1
| #define HAVE_MEMORY_H 1
| #define HAVE_STRINGS_H 1
| #define HAVE_INTTYPES_H 1
| #define HAVE_STDINT_H 1
| #define HAVE_UNISTD_H 1
| #define HAVE_LIMITS_H 1
| #define HAVE_SYS_PARAM_H 1
| #define HAVE_LONG_LONG 1
| #define SIZEOF_LONG_LONG 8
| #define SIZEOF_LONG 8
| #define DONT_TD_VOID 1
| #define USE_THREAD_ALLOC 1
| #define _REENTRANT 1
| #define _THREAD_SAFE 1
| #define TCL_THREADS 1
| #define MODULE_SCOPE extern __attribute__((__visibility__("hidden")))
| #define HAVE_NO_SEH 1
| #define EXCEPTION_DISPOSITION int
| #define HAVE_CAST_TO_UNION 1
| #define _LARGEFILE64_SOURCE 1
| /* end confdefs.h.  */
| #define _LARGEFILE_SOURCE64 1
| #include <sys/stat.h>
| int
| main ()
| {
| char *p = (char *)open64;
|   ;
|   return 0;
| }
configure:8806: result:  _LARGEFILE64_SOURCE
configure:8811: checking for 64-bit integer type
configure:8830: gcc -c  -pipe  conftest.c >&5
conftest.c: In function 'main':
conftest.c:39:1: error: unknown type name '__int64'; did you mean '__int128'?
 __int64 value = (__int64) 0;
 ^~~~~~~
 __int128
conftest.c:39:18: error: '__int64' undeclared (first use in this function); did you mean '__int128'?
 __int64 value = (__int64) 0;
                  ^~~~~~~
                  __int128
conftest.c:39:18: note: each undeclared identifier is reported only once for each function it appears in
conftest.c:39:27: error: expected ',' or ';' before numeric constant
 __int64 value = (__int64) 0;
                           ^
configure:8830: $? = 1
configure: failed program was:
| /* confdefs.h */
| #define PACKAGE_NAME "tdbcpostgres"
| #define PACKAGE_TARNAME "tdbcpostgres"
| #define PACKAGE_VERSION "1.0.0"
| #define PACKAGE_STRING "tdbcpostgres 1.0.0"
| #define PACKAGE_BUGREPORT ""
| #define PACKAGE_URL ""
| #define BUILD_tdbcpostgres /**/
| #define STDC_HEADERS 1
| #define HAVE_SYS_TYPES_H 1
| #define HAVE_SYS_STAT_H 1
| #define HAVE_STDLIB_H 1
| #define HAVE_STRING_H 1
| #define HAVE_MEMORY_H 1
| #define HAVE_STRINGS_H 1
| #define HAVE_INTTYPES_H 1
| #define HAVE_STDINT_H 1
| #define HAVE_UNISTD_H 1
| #define HAVE_LIMITS_H 1
| #define HAVE_SYS_PARAM_H 1
| #define HAVE_LONG_LONG 1
| #define SIZEOF_LONG_LONG 8
| #define SIZEOF_LONG 8
| #define DONT_TD_VOID 1
| #define USE_THREAD_ALLOC 1
| #define _REENTRANT 1
| #define _THREAD_SAFE 1
| #define TCL_THREADS 1
| #define MODULE_SCOPE extern __attribute__((__visibility__("hidden")))
| #define HAVE_NO_SEH 1
| #define EXCEPTION_DISPOSITION int
| #define HAVE_CAST_TO_UNION 1
| #define _LARGEFILE64_SOURCE 1
| /* end confdefs.h.  */
| 
| int
| main ()
| {
| __int64 value = (__int64) 0;
|   ;
|   return 0;
| }
configure:8852: gcc -c  -pipe  conftest.c >&5
conftest.c: In function 'main':
conftest.c:40:21: error: duplicate case value
             case 1: case (sizeof(long long)==sizeof(long)): ;
                     ^~~~
conftest.c:40:13: note: previously used here
             case 1: case (sizeof(long long)==sizeof(long)): ;
             ^~~~
configure:8852: $? = 1
configure: failed program was:
| /* confdefs.h */
| #define PACKAGE_NAME "tdbcpostgres"
| #define PACKAGE_TARNAME "tdbcpostgres"
| #define PACKAGE_VERSION "1.0.0"
| #define PACKAGE_STRING "tdbcpostgres 1.0.0"
| #define PACKAGE_BUGREPORT ""
| #define PACKAGE_URL ""
| #define BUILD_tdbcpostgres /**/
| #define STDC_HEADERS 1
| #define HAVE_SYS_TYPES_H 1
| #define HAVE_SYS_STAT_H 1
| #define HAVE_STDLIB_H 1
| #define HAVE_STRING_H 1
| #define HAVE_MEMORY_H 1
| #define HAVE_STRINGS_H 1
| #define HAVE_INTTYPES_H 1
| #define HAVE_STDINT_H 1
| #define HAVE_UNISTD_H 1
| #define HAVE_LIMITS_H 1
| #define HAVE_SYS_PARAM_H 1
| #define HAVE_LONG_LONG 1
| #define SIZEOF_LONG_LONG 8
| #define SIZEOF_LONG 8
| #define DONT_TD_VOID 1
| #define USE_THREAD_ALLOC 1
| #define _REENTRANT 1
| #define _THREAD_SAFE 1
| #define TCL_THREADS 1
| #define MODULE_SCOPE extern __attribute__((__visibility__("hidden")))
| #define HAVE_NO_SEH 1
| #define EXCEPTION_DISPOSITION int
| #define HAVE_CAST_TO_UNION 1
| #define _LARGEFILE64_SOURCE 1
| /* end confdefs.h.  */
| 
| int
| main ()
| {
| switch (0) {
|             case 1: case (sizeof(long long)==sizeof(long)): ;
|         }
|   ;
|   return 0;
| }
configure:8862: result: using long
configure:9006: checking for build with symbols
configure:9019: result: no
configure:9072: checking for main in -lws2_32
configure:9091: gcc -o conftest  -pipe   -Wl,--export-dynamic  conftest.c -lws2_32   >&5
/usr/bin/ld: cannot find -lws2_32
collect2: error: ld returned 1 exit status
configure:9091: $? = 1
configure: failed program was:
| /* confdefs.h */
| #define PACKAGE_NAME "tdbcpostgres"
| #define PACKAGE_TARNAME "tdbcpostgres"
| #define PACKAGE_VERSION "1.0.0"
| #define PACKAGE_STRING "tdbcpostgres 1.0.0"
| #define PACKAGE_BUGREPORT ""
| #define PACKAGE_URL ""
| #define BUILD_tdbcpostgres /**/
| #define STDC_HEADERS 1
| #define HAVE_SYS_TYPES_H 1
| #define HAVE_SYS_STAT_H 1
| #define HAVE_STDLIB_H 1
| #define HAVE_STRING_H 1
| #define HAVE_MEMORY_H 1
| #define HAVE_STRINGS_H 1
| #define HAVE_INTTYPES_H 1
| #define HAVE_STDINT_H 1
| #define HAVE_UNISTD_H 1
| #define HAVE_LIMITS_H 1
| #define HAVE_SYS_PARAM_H 1
| #define HAVE_LONG_LONG 1
| #define SIZEOF_LONG_LONG 8
| #define SIZEOF_LONG 8
| #define DONT_TD_VOID 1
| #define USE_THREAD_ALLOC 1
| #define _REENTRANT 1
| #define _THREAD_SAFE 1
| #define TCL_THREADS 1
| #define MODULE_SCOPE extern __attribute__((__visibility__("hidden")))
| #define HAVE_NO_SEH 1
| #define EXCEPTION_DISPOSITION int
| #define HAVE_CAST_TO_UNION 1
| #define _LARGEFILE64_SOURCE 1
| #define TCL_WIDE_INT_IS_LONG 1
| #define USE_TCL_STUBS 1
| #define USE_TK_STUBS 1
| /* end confdefs.h.  */
| 
| 
| int
| main ()
| {
| return main ();
|   ;
|   return 0;
| }
configure:9100: result: no
configure:9116: checking for main in -lwinsock
configure:9135: gcc -o conftest  -pipe   -Wl,--export-dynamic  conftest.c -lwinsock   >&5
/usr/bin/ld: cannot find -lwinsock
collect2: error: ld returned 1 exit status
configure:9135: $? = 1
configure: failed program was:
| /* confdefs.h */
| #define PACKAGE_NAME "tdbcpostgres"
| #define PACKAGE_TARNAME "tdbcpostgres"
| #define PACKAGE_VERSION "1.0.0"
| #define PACKAGE_STRING "tdbcpostgres 1.0.0"
| #define PACKAGE_BUGREPORT ""
| #define PACKAGE_URL ""
| #define BUILD_tdbcpostgres /**/
| #define STDC_HEADERS 1
| #define HAVE_SYS_TYPES_H 1
| #define HAVE_SYS_STAT_H 1
| #define HAVE_STDLIB_H 1
| #define HAVE_STRING_H 1
| #define HAVE_MEMORY_H 1
| #define HAVE_STRINGS_H 1
| #define HAVE_INTTYPES_H 1
| #define HAVE_STDINT_H 1
| #define HAVE_UNISTD_H 1
| #define HAVE_LIMITS_H 1
| #define HAVE_SYS_PARAM_H 1
| #define HAVE_LONG_LONG 1
| #define SIZEOF_LONG_LONG 8
| #define SIZEOF_LONG 8
| #define DONT_TD_VOID 1
| #define USE_THREAD_ALLOC 1
| #define _REENTRANT 1
| #define _THREAD_SAFE 1
| #define TCL_THREADS 1
| #define MODULE_SCOPE extern __attribute__((__visibility__("hidden")))
| #define HAVE_NO_SEH 1
| #define EXCEPTION_DISPOSITION int
| #define HAVE_CAST_TO_UNION 1
| #define _LARGEFILE64_SOURCE 1
| #define TCL_WIDE_INT_IS_LONG 1
| #define USE_TCL_STUBS 1
| #define USE_TK_STUBS 1
| /* end confdefs.h.  */
| 
| 
| int
| main ()
| {
| return main ();
|   ;
|   return 0;
| }
configure:9144: result: no
configure:9333: checking for tclsh
configure:9360: result: /home/xhw/redis/tcl8.6.1/unix/tclsh
configure:9528: creating ./config.status

## ---------------------- ##
## Running config.status. ##
## ---------------------- ##

This file was extended by tdbcpostgres config.status 1.0.0, which was
generated by GNU Autoconf 2.68.  Invocation command line was

  CONFIG_FILES    = 
  CONFIG_HEADERS  = 
  CONFIG_LINKS    = 
  CONFIG_COMMANDS = 
  $ ./config.status 

on ubuntu

config.status:821: creating Makefile
config.status:821: creating pkgIndex.tcl

## ---------------- ##
## Cache variables. ##
## ---------------- ##

ac_cv_c_bigendian=no
ac_cv_c_compiler_gnu=yes
ac_cv_c_inline=inline
ac_cv_c_tclconfig=/home/xhw/redis/tcl8.6.1/unix
ac_cv_c_tclh=/home/xhw/redis/tcl8.6.1/generic
ac_cv_c_tdbcconfig=/home/xhw/redis/tcl8.6.1/unix/pkgs/tdbc1.0.0
ac_cv_env_CC_set=
ac_cv_env_CC_value=
ac_cv_env_CFLAGS_set=
ac_cv_env_CFLAGS_value=
ac_cv_env_CPPFLAGS_set=
ac_cv_env_CPPFLAGS_value=
ac_cv_env_CPP_set=
ac_cv_env_CPP_value=
ac_cv_env_LDFLAGS_set=
ac_cv_env_LDFLAGS_value=
ac_cv_env_LIBS_set=
ac_cv_env_LIBS_value=
ac_cv_env_build_alias_set=
ac_cv_env_build_alias_value=
ac_cv_env_host_alias_set=
ac_cv_env_host_alias_value=
ac_cv_env_target_alias_set=
ac_cv_env_target_alias_value=
ac_cv_func_connect=yes
ac_cv_func_gethostbyname=yes
ac_cv_func_sin=no
ac_cv_header_dlfcn_h=yes
ac_cv_header_errno_h=yes
ac_cv_header_float_h=yes
ac_cv_header_inttypes_h=yes
ac_cv_header_limits_h=yes
ac_cv_header_memory_h=yes
ac_cv_header_net_errno_h=no
ac_cv_header_stdc=yes
ac_cv_header_stdint_h=yes
ac_cv_header_stdlib_h=yes
ac_cv_header_string_h=yes
ac_cv_header_strings_h=yes
ac_cv_header_sys_param_h=yes
ac_cv_header_sys_stat_h=yes
ac_cv_header_sys_types_h=yes
ac_cv_header_sys_wait_h=yes
ac_cv_header_unistd_h=yes
ac_cv_header_values_h=yes
ac_cv_lib_ieee_main=no
ac_cv_lib_inet_main=no
ac_cv_lib_pthread_pthread_mutex_init=yes
ac_cv_lib_winsock_main=no
ac_cv_lib_ws2_32_main=no
ac_cv_objext=o
ac_cv_path_EGREP='/bin/grep -E'
ac_cv_path_GREP=/bin/grep
ac_cv_prog_CPP='gcc -E'
ac_cv_prog_ac_ct_AR=ar
ac_cv_prog_ac_ct_CC=gcc
ac_cv_prog_ac_ct_RANLIB=ranlib
ac_cv_prog_cc_c89=
ac_cv_prog_cc_g=yes
ac_cv_prog_make_make_set=yes
ac_cv_sizeof_long=8
ac_cv_sizeof_long_long=8
ac_cv_type_long_long=yes
tcl_cv_cast_to_union=yes
tcl_cv_cc_pipe=yes
tcl_cv_cc_visibility_hidden=yes
tcl_cv_dirent_h=yes
tcl_cv_eh_disposition=no
tcl_cv_flag__isoc99_source=no
tcl_cv_flag__largefile64_source=yes
tcl_cv_flag__largefile_source64=no
tcl_cv_seh=no
tcl_cv_sys_version=Linux-4.15.0-20-generic
tcl_cv_type_64bit=none
tcl_cv_winnt_ignore_void=no

## ----------------- ##
## Output variables. ##
## ----------------- ##

ADD_MANIFEST=':'
AR='ar'
CC='gcc'
CELIB_DIR=''
CFLAGS=' -pipe ${CFLAGS_DEFAULT} ${CFLAGS_WARNING} ${SHLIB_CFLAGS} '
CFLAGS_DEBUG='-g'
CFLAGS_DEFAULT='-O2 -fomit-frame-pointer -DNDEBUG'
CFLAGS_OPTIMIZE='-O2 -fomit-frame-pointer'
CFLAGS_WARNING='-Wall'
CLEANFILES=''
CONFIGURE_OUTPUTS='Makefile pkgIndex.tcl tdbcConfig.sh config.cache config.log config.status'
CPP='gcc -E'
CPPFLAGS=''
CYGPATH='echo'
DEFS='-DPACKAGE_NAME=\"tdbcpostgres\" -DPACKAGE_TARNAME=\"tdbcpostgres\" -DPACKAGE_VERSION=\"1.0.0\" -DPACKAGE_STRING=\"tdbcpostgres\ 1.0.0\" -DPACKAGE_BUGREPORT=\"\" -DPACKAGE_URL=\"\" -DBUILD_tdbcpostgres=/\*\*/ -DSTDC_HEADERS=1 -DHAVE_SYS_TYPES_H=1 -DHAVE_SYS_STAT_H=1 -DHAVE_STDLIB_H=1 -DHAVE_STRING_H=1 -DHAVE_MEMORY_H=1 -DHAVE_STRINGS_H=1 -DHAVE_INTTYPES_H=1 -DHAVE_STDINT_H=1 -DHAVE_UNISTD_H=1 -DHAVE_LIMITS_H=1 -DHAVE_SYS_PARAM_H=1 -DHAVE_LONG_LONG=1 -DSIZEOF_LONG_LONG=8 -DSIZEOF_LONG=8 -DDONT_TD_VOID=1 -DUSE_THREAD_ALLOC=1 -D_REENTRANT=1 -D_THREAD_SAFE=1 -DTCL_THREADS=1 -DMODULE_SCOPE=extern\ __attribute__\(\(__visibility__\(\"hidden\"\)\)\) -DHAVE_NO_SEH=1 -DEXCEPTION_DISPOSITION=int -DHAVE_CAST_TO_UNION=1 -D_LARGEFILE64_SOURCE=1 -DTCL_WIDE_INT_IS_LONG=1 -DUSE_TCL_STUBS=1 -DUSE_TK_STUBS=1'
ECHO_C=''
ECHO_N='-n'
ECHO_T=''
EGREP='/bin/grep -E'
EXEEXT=''
GREP='/bin/grep'
LDFLAGS=' -Wl,--export-dynamic '
LDFLAGS_DEFAULT=' -Wl,--export-dynamic '
LD_LIBRARY_PATH_VAR='LD_LIBRARY_PATH'
LIBOBJS=''
LIBS=''
LTLIBOBJS=''
MAKE_LIB='${SHLIB_LD} -o $@ $(PKG_OBJECTS) ${SHLIB_LD_LIBS} '
MAKE_SHARED_LIB='${SHLIB_LD} -o $@ $(PKG_OBJECTS) ${SHLIB_LD_LIBS}'
MAKE_STATIC_LIB='${STLIB_LD} $@ $(PKG_OBJECTS)'
MAKE_STUB_LIB='${STLIB_LD} $@ $(PKG_STUB_OBJECTS)'
MATH_LIBS='-lm'
MT=''
OBJEXT='o'
PACKAGE_BUGREPORT=''
PACKAGE_NAME='tdbcpostgres'
PACKAGE_STRING='tdbcpostgres 1.0.0'
PACKAGE_TARNAME='tdbcpostgres'
PACKAGE_URL=''
PACKAGE_VERSION='1.0.0'
PATH_SEPARATOR=':'
PKG_CFLAGS='  '
PKG_HEADERS=' generic/fakepq.h generic/pqStubs.h'
PKG_INCLUDES=' -I/home/xhw/redis/tcl8.6.1/pkgs/tdbc1.0.0/generic'
PKG_LIBS=' -L/home/xhw/redis/tcl8.6.1/unix/pkgs/tdbc1.0.0 -ltdbcstub1.0.0 -L/home/xhw/redis/tcl8.6.1/unix/pkgs/tdbc1.0.0 -ltdbcstub1.0.0'
PKG_LIB_FILE='libtdbcpostgres1.0.0.so'
PKG_OBJECTS=' tdbcpostgres.o pqStubInit.o'
PKG_SOURCES=' generic/tdbcpostgres.c generic/pqStubInit.c'
PKG_STUB_LIB_FILE='libtdbcpostgresstub1.0.0.a'
PKG_STUB_OBJECTS=''
PKG_STUB_SOURCES=''
PKG_TCL_SOURCES=' library/tdbcpostgres.tcl'
RANLIB=':'
RANLIB_STUB='ranlib'
RC=''
SET_MAKE=''
SHARED_BUILD='1'
SHELL='/bin/bash'
SHLIB_CFLAGS='-fPIC'
SHLIB_LD='${CC} -shared ${CFLAGS} ${LDFLAGS_DEFAULT}'
SHLIB_LD_LIBS='${LIBS} -L/home/xhw/redis/tcl8.6.1/unix -ltclstub8.6'
STLIB_LD='${AR} cr'
TCLSH_PROG='/home/xhw/redis/tcl8.6.1/unix/tclsh'
TCL_BIN_DIR='/home/xhw/redis/tcl8.6.1/unix'
TCL_DBGX=''
TCL_DEFS='-DPACKAGE_NAME=\"tcl\" -DPACKAGE_TARNAME=\"tcl\" -DPACKAGE_VERSION=\"8.6\" -DPACKAGE_STRING=\"tcl\ 8.6\" -DPACKAGE_BUGREPORT=\"\" -DSTDC_HEADERS=1 -DHAVE_SYS_TYPES_H=1 -DHAVE_SYS_STAT_H=1 -DHAVE_STDLIB_H=1 -DHAVE_STRING_H=1 -DHAVE_MEMORY_H=1 -DHAVE_STRINGS_H=1 -DHAVE_INTTYPES_H=1 -DHAVE_STDINT_H=1 -DHAVE_UNISTD_H=1 -DHAVE_LIMITS_H=1 -DHAVE_SYS_PARAM_H=1 -DUSE_THREAD_ALLOC=1 -D_REENTRANT=1 -D_THREAD_SAFE=1 -DHAVE_PTHREAD_ATTR_SETSTACKSIZE=1 -DHAVE_PTHREAD_ATFORK=1 -DTCL_THREADS=1 -DTCL_CFGVAL_ENCODING=\"iso8859-1\" -DHAVE_ZLIB=1 -DMODULE_SCOPE=extern -DHAVE_CAST_TO_UNION=1 -DTCL_SHLIB_EXT=\".so\" -DNDEBUG=1 -DTCL_CFG_OPTIMIZED=1 -DTCL_TOMMATH=1 -DMP_PREC=4 -D_LARGEFILE64_SOURCE=1 -DTCL_WIDE_INT_IS_LONG=1 -DHAVE_GETCWD=1 -DHAVE_MKSTEMP=1 -DHAVE_OPENDIR=1 -DHAVE_STRTOL=1 -DHAVE_WAITPID=1 -DHAVE_GETNAMEINFO=1 -DHAVE_GETADDRINFO=1 -DHAVE_FREEADDRINFO=1 -DHAVE_GAI_STRERROR=1 -DHAVE_STRUCT_ADDRINFO=1 -DHAVE_STRUCT_IN6_ADDR=1 -DHAVE_STRUCT_SOCKADDR_IN6=1 -DHAVE_STRUCT_SOCKADDR_STORAGE=1 -DHAVE_GETPWUID_R_5=1 -DHAVE_GETPWUID_R=1 -DHAVE_GETPWNAM_R_5=1 -DHAVE_GETPWNAM_R=1 -DHAVE_GETGRGID_R_5=1 -DHAVE_GETGRGID_R=1 -DHAVE_GETGRNAM_R_5=1 -DHAVE_GETGRNAM_R=1 -DHAVE_GETHOSTBYNAME_R_6=1 -DHAVE_GETHOSTBYNAME_R=1 -DHAVE_GETHOSTBYADDR_R_8=1 -DHAVE_GETHOSTBYADDR_R=1 -DHAVE_TERMIOS_H=1 -DHAVE_SYS_IOCTL_H=1 -DHAVE_SYS_TIME_H=1 -DTIME_WITH_SYS_TIME=1 -DHAVE_GMTIME_R=1 -DHAVE_LOCALTIME_R=1 -DHAVE_MKTIME=1 -DHAVE_TM_GMTOFF=1 -DHAVE_TIMEZONE_VAR=1 -DHAVE_STRUCT_STAT_ST_BLOCKS=1 -DHAVE_STRUCT_STAT_ST_BLKSIZE=1 -DHAVE_BLKCNT_T=1 -DHAVE_INTPTR_T=1 -DHAVE_UINTPTR_T=1 -DNO_UNION_WAIT=1 -DHAVE_SIGNED_CHAR=1 -DHAVE_LANGINFO=1 -DHAVE_MKSTEMPS=1 -DHAVE_FTS=1 -DHAVE_SYS_IOCTL_H=1 -DTCL_UNLOAD_DLLS=1 -DHAVE_CPUID=1 '
TCL_EXTRA_CFLAGS=' -pipe -fvisibility=hidden '
TCL_INCLUDES='-I"/home/xhw/redis/tcl8.6.1/generic"'
TCL_LD_FLAGS=' -Wl,--export-dynamic '
TCL_LIBS='${DL_LIBS} ${LIBS} ${MATH_LIBS}'
TCL_LIB_FILE='libtcl8.6.so'
TCL_LIB_FLAG='-ltcl8.6'
TCL_LIB_SPEC='-L/home/xhw/redis/tcl8.6.1/unix -ltcl8.6'
TCL_PATCH_LEVEL='.1'
TCL_SHLIB_LD_LIBS='${LIBS}'
TCL_SRC_DIR='/home/xhw/redis/tcl8.6.1'
TCL_STUB_LIB_FILE='libtclstub8.6.a'
TCL_STUB_LIB_FLAG='-ltclstub8.6'
TCL_STUB_LIB_SPEC='-L/home/xhw/redis/tcl8.6.1/unix -ltclstub8.6'
TCL_THREADS='1'
TCL_VERSION='8.6'
TCL_VERSION_REQ='8.6'
TDBC_LIB_FILE='libtdbc1.0.0.so'
TDBC_VERSION='1.0.0'
VC_MANIFEST_EMBED_DLL=''
VC_MANIFEST_EMBED_EXE=''
ac_ct_CC='gcc'
bindir='${exec_prefix}/bin'
build_alias=''
datadir='${datarootdir}'
datarootdir='${prefix}/share'
docdir='${datarootdir}/doc/${PACKAGE_TARNAME}'
dvidir='${docdir}'
exec_prefix='/usr/local'
host_alias=''
htmldir='${docdir}'
includedir='${prefix}/include'
infodir='${datarootdir}/info'
libdir='/usr/local/lib'
libexecdir='${exec_prefix}/libexec'
localedir='${datarootdir}/locale'
localstatedir='${prefix}/var'
mandir='${datarootdir}/man'
oldincludedir='/usr/include'
pdfdir='${docdir}'
prefix='/usr/local'
program_transform_name='s,x,x,'
psdir='${docdir}'
sbindir='${exec_prefix}/sbin'
sharedstatedir='${prefix}/com'
sysconfdir='${prefix}/etc'
target_alias=''
tdbc_BIN_DIR='/home/xhw/redis/tcl8.6.1/unix/pkgs/tdbc1.0.0'
tdbc_LIBRARY_PATH='/home/xhw/redis/tcl8.6.1/pkgs/tdbc1.0.0/library'
tdbc_LIB_FILE='libtdbc1.0.0.so'
tdbc_LIB_SPEC=''
tdbc_SRC_DIR='/home/xhw/redis/tcl8.6.1/pkgs/tdbc1.0.0'
tdbc_STUB_LIB_FILE='libtdbcstub1.0.0.a'
tdbc_STUB_LIB_PATH='/home/xhw/redis/tcl8.6.1/unix/pkgs/tdbc1.0.0/libtdbcstub1.0.0.a'
tdbc_STUB_LIB_SPEC='-L/home/xhw/redis/tcl8.6.1/unix/pkgs/tdbc1.0.0 -ltdbcstub1.0.0'
tdbc_VERSION='1.0.0'

## ----------- ##
## confdefs.h. ##
## ----------- ##

/* confdefs.h */
#define PACKAGE_NAME "tdbcpostgres"
#define PACKAGE_TARNAME "tdbcpostgres"
#define PACKAGE_VERSION "1.0.0"
#define PACKAGE_STRING "tdbcpostgres 1.0.0"
#define PACKAGE_BUGREPORT ""
#define PACKAGE_URL ""
#define BUILD_tdbcpostgres /**/
#define STDC_HEADERS 1
#define HAVE_SYS_TYPES_H 1
#define HAVE_SYS_STAT_H 1
#define HAVE_STDLIB_H 1
#define HAVE_STRING_H 1
#define HAVE_MEMORY_H 1
#define HAVE_STRINGS_H 1
#define HAVE_INTTYPES_H 1
#define HAVE_STDINT_H 1
#define HAVE_UNISTD_H 1
#define HAVE_LIMITS_H 1
#define HAVE_SYS_PARAM_H 1
#define HAVE_LONG_LONG 1
#define SIZEOF_LONG_LONG 8
#define SIZEOF_LONG 8
#define DONT_TD_VOID 1
#define USE_THREAD_ALLOC 1
#define _REENTRANT 1
#define _THREAD_SAFE 1
#define TCL_THREADS 1
#define MODULE_SCOPE extern __attribute__((__visibility__("hidden")))
#define HAVE_NO_SEH 1
#define EXCEPTION_DISPOSITION int
#define HAVE_CAST_TO_UNION 1
#define _LARGEFILE64_SOURCE 1
#define TCL_WIDE_INT_IS_LONG 1
#define USE_TCL_STUBS 1
#define USE_TK_STUBS 1

configure: exit 0
