This file contains any messages produced by compilers while
running configure, to aid debugging if configure makes a mistake.

It was created by libosip2 configure 5.1.0, which was
generated by GNU Autoconf 2.69.  Invocation command line was

  $ ./configure 

## --------- ##
## Platform. ##
## --------- ##

hostname = ubuntu
uname -m = x86_64
uname -r = 4.15.0-20-generic
uname -s = Linux
uname -v = #21-Ubuntu SMP Tue Apr 24 06:16:15 UTC 2018

/usr/bin/uname -p = unknown
/bin/uname -X     = unknown

/bin/arch              = unknown
/usr/bin/arch -k       = unknown
/usr/convex/getsysinfo = unknown
/usr/bin/hostinfo      = unknown
/bin/machine           = unknown
/usr/bin/oslevel       = unknown
/bin/universe          = unknown

PATH: /usr/local/sbin
PATH: /usr/local/bin
PATH: /usr/sbin
PATH: /usr/bin
PATH: /sbin
PATH: /bin
PATH: /usr/games
PATH: /usr/local/games
PATH: /snap/bin


## ----------- ##
## Core tests. ##
## ----------- ##

configure:2319: libosip2                The GNU Open SIP library.
configure:2321: Copyright (C) 2001-2015 Aymeric MOIZARD - <amoizard@antisip.com>
configure:2329: result: Configuring  
configure:2332: result: Building Package on linux
configure:2383: checking for a BSD-compatible install
configure:2451: result: /usr/bin/install -c
configure:2462: checking whether build environment is sane
configure:2517: result: yes
configure:2668: checking for a thread-safe mkdir -p
configure:2707: result: /bin/mkdir -p
configure:2714: checking for gawk
configure:2744: result: no
configure:2714: checking for mawk
configure:2730: found /usr/bin/mawk
configure:2741: result: mawk
configure:2752: checking whether make sets $(MAKE)
configure:2778: result: no
configure:2803: checking whether make supports nested variables
configure:2820: result: no
configure:2957: checking whether make supports nested variables
configure:2974: result: no
configure:2991: checking build system type
configure:3005: result: x86_64-unknown-linux-gnu
configure:3025: checking host system type
configure:3038: result: x86_64-unknown-linux-gnu
configure:3108: checking for gcc
configure:3124: found /usr/bin/gcc
configure:3135: result: gcc
configure:3364: checking for C compiler version
configure:3373: gcc --version >&5
gcc (Ubuntu 7.3.0-27ubuntu1~18.04) 7.3.0
Copyright (C) 2017 Free Software Foundation, Inc.
This is free software; see the source for copying conditions.  There is NO
warranty; not even for MERCHANTABILITY or FITNESS FOR A PARTICULAR PURPOSE.

configure:3384: $? = 0
configure:3373: gcc -v >&5
Using built-in specs.
COLLECT_GCC=gcc
COLLECT_LTO_WRAPPER=/usr/lib/gcc/x86_64-linux-gnu/7/lto-wrapper
OFFLOAD_TARGET_NAMES=nvptx-none
OFFLOAD_TARGET_DEFAULT=1
Target: x86_64-linux-gnu
Configured with: ../src/configure -v --with-pkgversion='Ubuntu 7.3.0-27ubuntu1~18.04' --with-bugurl=file:///usr/share/doc/gcc-7/README.Bugs --enable-languages=c,ada,c++,go,brig,d,fortran,objc,obj-c++ --prefix=/usr --with-gcc-major-version-only --program-suffix=-7 --program-prefix=x86_64-linux-gnu- --enable-shared --enable-linker-build-id --libexecdir=/usr/lib --without-included-gettext --enable-threads=posix --libdir=/usr/lib --enable-nls --with-sysroot=/ --enable-clocale=gnu --enable-libstdcxx-debug --enable-libstdcxx-time=yes --with-default-libstdcxx-abi=new --enable-gnu-unique-object --disable-vtable-verify --enable-libmpx --enable-plugin --enable-default-pie --with-system-zlib --with-target-system-zlib --enable-objc-gc=auto --enable-multiarch --disable-werror --with-arch-32=i686 --with-abi=m64 --with-multilib-list=m32,m64,mx32 --enable-multilib --with-tune=generic --enable-offload-targets=nvptx-none --without-cuda-driver --enable-checking=release --build=x86_64-linux-gnu --host=x86_64-linux-gnu --target=x86_64-linux-gnu
Thread model: posix
gcc version 7.3.0 (Ubuntu 7.3.0-27ubuntu1~18.04) 
configure:3384: $? = 0
configure:3373: gcc -V >&5
gcc: error: unrecognized command line option '-V'
gcc: fatal error: no input files
compilation terminated.
configure:3384: $? = 1
configure:3373: gcc -qversion >&5
gcc: error: unrecognized command line option '-qversion'; did you mean '--version'?
gcc: fatal error: no input files
compilation terminated.
configure:3384: $? = 1
configure:3404: checking whether the C compiler works
configure:3426: gcc    conftest.c  >&5
configure:3430: $? = 0
configure:3478: result: yes
configure:3481: checking for C compiler default output file name
configure:3483: result: a.out
configure:3489: checking for suffix of executables
configure:3496: gcc -o conftest    conftest.c  >&5
configure:3500: $? = 0
configure:3522: result: 
configure:3544: checking whether we are cross compiling
configure:3552: gcc -o conftest    conftest.c  >&5
configure:3556: $? = 0
configure:3563: ./conftest
configure:3567: $? = 0
configure:3582: result: no
configure:3587: checking for suffix of object files
configure:3609: gcc -c   conftest.c >&5
configure:3613: $? = 0
configure:3634: result: o
configure:3638: checking whether we are using the GNU C compiler
configure:3657: gcc -c   conftest.c >&5
configure:3657: $? = 0
configure:3666: result: yes
configure:3675: checking whether gcc accepts -g
configure:3695: gcc -c -g  conftest.c >&5
configure:3695: $? = 0
configure:3736: result: yes
configure:3753: checking for gcc option to accept ISO C89
configure:3816: gcc  -c -g -O2  conftest.c >&5
configure:3816: $? = 0
configure:3829: result: none needed
configure:3854: checking whether gcc understands -c and -o together
configure:3876: gcc -c conftest.c -o conftest2.o
configure:3879: $? = 0
configure:3876: gcc -c conftest.c -o conftest2.o
configure:3879: $? = 0
configure:3891: result: yes
configure:3919: checking for style of include used by make
configure:3947: result: none
configure:3973: checking dependency style of gcc
configure:4084: result: none
configure:4104: checking how to run the C preprocessor
configure:4135: gcc -E  conftest.c
configure:4135: $? = 0
configure:4149: gcc -E  conftest.c
conftest.c:11:10: fatal error: ac_nonexistent.h: No such file or directory
 #include <ac_nonexistent.h>
          ^~~~~~~~~~~~~~~~~~
compilation terminated.
configure:4149: $? = 1
configure: failed program was:
| /* confdefs.h */
| #define PACKAGE_NAME "libosip2"
| #define PACKAGE_TARNAME "libosip2"
| #define PACKAGE_VERSION "5.1.0"
| #define PACKAGE_STRING "libosip2 5.1.0"
| #define PACKAGE_BUGREPORT ""
| #define PACKAGE_URL ""
| #define PACKAGE "libosip2"
| #define VERSION "5.1.0"
| /* end confdefs.h.  */
| #include <ac_nonexistent.h>
configure:4174: result: gcc -E
configure:4194: gcc -E  conftest.c
configure:4194: $? = 0
configure:4208: gcc -E  conftest.c
conftest.c:11:10: fatal error: ac_nonexistent.h: No such file or directory
 #include <ac_nonexistent.h>
          ^~~~~~~~~~~~~~~~~~
compilation terminated.
configure:4208: $? = 1
configure: failed program was:
| /* confdefs.h */
| #define PACKAGE_NAME "libosip2"
| #define PACKAGE_TARNAME "libosip2"
| #define PACKAGE_VERSION "5.1.0"
| #define PACKAGE_STRING "libosip2 5.1.0"
| #define PACKAGE_BUGREPORT ""
| #define PACKAGE_URL ""
| #define PACKAGE "libosip2"
| #define VERSION "5.1.0"
| /* end confdefs.h.  */
| #include <ac_nonexistent.h>
configure:4239: checking for a sed that does not truncate output
configure:4303: result: /bin/sed
configure:4354: checking how to print strings
configure:4381: result: printf
configure:4402: checking for a sed that does not truncate output
configure:4466: result: /bin/sed
configure:4484: checking for grep that handles long lines and -e
configure:4542: result: /bin/grep
configure:4547: checking for egrep
configure:4609: result: /bin/grep -E
configure:4614: checking for fgrep
configure:4676: result: /bin/grep -F
configure:4711: checking for ld used by gcc
configure:4778: result: /usr/bin/ld
configure:4785: checking if the linker (/usr/bin/ld) is GNU ld
configure:4800: result: yes
configure:4812: checking for BSD- or MS-compatible name lister (nm)
configure:4866: result: /usr/bin/nm -B
configure:4996: checking the name lister (/usr/bin/nm -B) interface
configure:5003: gcc -c -g -O2  conftest.c >&5
configure:5006: /usr/bin/nm -B "conftest.o"
configure:5009: output
0000000000000000 B some_variable
configure:5016: result: BSD nm
configure:5019: checking whether ln -s works
configure:5023: result: yes
configure:5031: checking the maximum length of command line arguments
configure:5162: result: 1572864
configure:5210: checking how to convert x86_64-unknown-linux-gnu file names to x86_64-unknown-linux-gnu format
configure:5250: result: func_convert_file_noop
configure:5257: checking how to convert x86_64-unknown-linux-gnu file names to toolchain format
configure:5277: result: func_convert_file_noop
configure:5284: checking for /usr/bin/ld option to reload object files
configure:5291: result: -r
configure:5365: checking for objdump
configure:5381: found /usr/bin/objdump
configure:5392: result: objdump
configure:5424: checking how to recognize dependent libraries
configure:5624: result: pass_all
configure:5709: checking for dlltool
configure:5739: result: no
configure:5769: checking how to associate runtime and link libraries
configure:5796: result: printf %s\n
configure:5857: checking for ar
configure:5873: found /usr/bin/ar
configure:5884: result: ar
configure:5921: checking for archiver @FILE support
configure:5938: gcc -c -g -O2  conftest.c >&5
configure:5938: $? = 0
configure:5941: ar cru libconftest.a @conftest.lst >&5
ar: `u' modifier ignored since `D' is the default (see `U')
configure:5944: $? = 0
configure:5949: ar cru libconftest.a @conftest.lst >&5
ar: `u' modifier ignored since `D' is the default (see `U')
ar: conftest.o: No such file or directory
configure:5952: $? = 1
configure:5964: result: @
configure:6022: checking for strip
configure:6038: found /usr/bin/strip
configure:6049: result: strip
configure:6121: checking for ranlib
configure:6137: found /usr/bin/ranlib
configure:6148: result: ranlib
configure:6250: checking command to parse /usr/bin/nm -B output from gcc object
configure:6403: gcc -c -g -O2  conftest.c >&5
configure:6406: $? = 0
configure:6410: /usr/bin/nm -B conftest.o \| sed -n -e 's/^.*[ ]\([ABCDGIRSTW][ABCDGIRSTW]*\)[ ][ ]*\([_A-Za-z][_A-Za-z0-9]*\)$/\1 \2 \2/p' | sed '/ __gnu_lto/d' \> conftest.nm
configure:6413: $? = 0
configure:6479: gcc -o conftest -g -O2   conftest.c conftstm.o >&5
configure:6482: $? = 0
configure:6520: result: ok
configure:6567: checking for sysroot
configure:6597: result: no
configure:6604: checking for a working dd
configure:6642: result: /bin/dd
configure:6646: checking how to truncate binary pipes
configure:6661: result: /bin/dd bs=4096 count=1
configure:6797: gcc -c -g -O2  conftest.c >&5
configure:6800: $? = 0
configure:6990: checking for mt
configure:7006: found /bin/mt
configure:7017: result: mt
configure:7040: checking if mt is a manifest tool
configure:7046: mt '-?'
configure:7054: result: no
configure:7727: checking for ANSI C header files
configure:7747: gcc -c -g -O2  conftest.c >&5
configure:7747: $? = 0
configure:7820: gcc -o conftest -g -O2   conftest.c  >&5
configure:7820: $? = 0
configure:7820: ./conftest
configure:7820: $? = 0
configure:7831: result: yes
configure:7844: checking for sys/types.h
configure:7844: gcc -c -g -O2  conftest.c >&5
configure:7844: $? = 0
configure:7844: result: yes
configure:7844: checking for sys/stat.h
configure:7844: gcc -c -g -O2  conftest.c >&5
configure:7844: $? = 0
configure:7844: result: yes
configure:7844: checking for stdlib.h
configure:7844: gcc -c -g -O2  conftest.c >&5
configure:7844: $? = 0
configure:7844: result: yes
configure:7844: checking for string.h
configure:7844: gcc -c -g -O2  conftest.c >&5
configure:7844: $? = 0
configure:7844: result: yes
configure:7844: checking for memory.h
configure:7844: gcc -c -g -O2  conftest.c >&5
configure:7844: $? = 0
configure:7844: result: yes
configure:7844: checking for strings.h
configure:7844: gcc -c -g -O2  conftest.c >&5
configure:7844: $? = 0
configure:7844: result: yes
configure:7844: checking for inttypes.h
configure:7844: gcc -c -g -O2  conftest.c >&5
configure:7844: $? = 0
configure:7844: result: yes
configure:7844: checking for stdint.h
configure:7844: gcc -c -g -O2  conftest.c >&5
configure:7844: $? = 0
configure:7844: result: yes
configure:7844: checking for unistd.h
configure:7844: gcc -c -g -O2  conftest.c >&5
configure:7844: $? = 0
configure:7844: result: yes
configure:7858: checking for dlfcn.h
configure:7858: gcc -c -g -O2  conftest.c >&5
configure:7858: $? = 0
configure:7858: result: yes
configure:8114: checking for objdir
configure:8129: result: .libs
configure:8393: checking if gcc supports -fno-rtti -fno-exceptions
configure:8411: gcc -c -g -O2  -fno-rtti -fno-exceptions conftest.c >&5
cc1: warning: command line option '-fno-rtti' is valid for C++/ObjC++ but not for C
configure:8415: $? = 0
configure:8428: result: no
configure:8786: checking for gcc option to produce PIC
configure:8793: result: -fPIC -DPIC
configure:8801: checking if gcc PIC flag -fPIC -DPIC works
configure:8819: gcc -c -g -O2  -fPIC -DPIC -DPIC conftest.c >&5
configure:8823: $? = 0
configure:8836: result: yes
configure:8865: checking if gcc static flag -static works
configure:8893: result: yes
configure:8908: checking if gcc supports -c -o file.o
configure:8929: gcc -c -g -O2  -o out/conftest2.o conftest.c >&5
configure:8933: $? = 0
configure:8955: result: yes
configure:8963: checking if gcc supports -c -o file.o
configure:9010: result: yes
configure:9043: checking whether the gcc linker (/usr/bin/ld -m elf_x86_64) supports shared libraries
configure:10306: result: yes
configure:10343: checking whether -lc should be explicitly linked in
configure:10351: gcc -c -g -O2  conftest.c >&5
configure:10354: $? = 0
configure:10369: gcc -shared  -fPIC -DPIC conftest.o  -v -Wl,-soname -Wl,conftest -o conftest 2\>\&1 \| /bin/grep  -lc  \>/dev/null 2\>\&1
configure:10372: $? = 0
configure:10386: result: no
configure:10546: checking dynamic linker characteristics
configure:11127: gcc -o conftest -g -O2   -Wl,-rpath -Wl,/foo conftest.c  >&5
configure:11127: $? = 0
configure:11376: result: GNU/Linux ld.so
configure:11498: checking how to hardcode library paths into programs
configure:11523: result: immediate
configure:12071: checking whether stripping libraries is possible
configure:12076: result: yes
configure:12111: checking if libtool supports shared libraries
configure:12113: result: yes
configure:12116: checking whether to build shared libraries
configure:12141: result: yes
configure:12144: checking whether to build static libraries
configure:12148: result: yes
configure:12384: checking if compiler needs -Werror to reject unknown flags
configure:12400: gcc -c -g -O2 -Werror -Wunknown-warning-option -Wsizeof-array-argument  conftest.c >&5
gcc: error: unrecognized command line option '-Wunknown-warning-option'
configure:12400: $? = 1
configure: failed program was:
| /* confdefs.h */
| #define PACKAGE_NAME "libosip2"
| #define PACKAGE_TARNAME "libosip2"
| #define PACKAGE_VERSION "5.1.0"
| #define PACKAGE_STRING "libosip2 5.1.0"
| #define PACKAGE_BUGREPORT ""
| #define PACKAGE_URL ""
| #define PACKAGE "libosip2"
| #define VERSION "5.1.0"
| #define STDC_HEADERS 1
| #define HAVE_SYS_TYPES_H 1
| #define HAVE_SYS_STAT_H 1
| #define HAVE_STDLIB_H 1
| #define HAVE_STRING_H 1
| #define HAVE_MEMORY_H 1
| #define HAVE_STRINGS_H 1
| #define HAVE_INTTYPES_H 1
| #define HAVE_STDINT_H 1
| #define HAVE_UNISTD_H 1
| #define HAVE_DLFCN_H 1
| #define LT_OBJDIR ".libs/"
| /* end confdefs.h.  */
| int foo(void);
| int
| main ()
| {
| foo()
|   ;
|   return 0;
| }
configure:12405: result: no
configure:12471: checking for the pthreads library -lpthreads
configure:12509: gcc -o conftest -g -O2     conftest.c -lpthreads  >&5
/usr/bin/ld: cannot find -lpthreads
collect2: error: ld returned 1 exit status
configure:12509: $? = 1
configure: failed program was:
| /* confdefs.h */
| #define PACKAGE_NAME "libosip2"
| #define PACKAGE_TARNAME "libosip2"
| #define PACKAGE_VERSION "5.1.0"
| #define PACKAGE_STRING "libosip2 5.1.0"
| #define PACKAGE_BUGREPORT ""
| #define PACKAGE_URL ""
| #define PACKAGE "libosip2"
| #define VERSION "5.1.0"
| #define STDC_HEADERS 1
| #define HAVE_SYS_TYPES_H 1
| #define HAVE_SYS_STAT_H 1
| #define HAVE_STDLIB_H 1
| #define HAVE_STRING_H 1
| #define HAVE_MEMORY_H 1
| #define HAVE_STRINGS_H 1
| #define HAVE_INTTYPES_H 1
| #define HAVE_STDINT_H 1
| #define HAVE_UNISTD_H 1
| #define HAVE_DLFCN_H 1
| #define LT_OBJDIR ".libs/"
| /* end confdefs.h.  */
| #include <pthread.h>
|                         static void routine(void *a) { a = 0; }
|                         static void *start_routine(void *a) { return a; }
| int
| main ()
| {
| pthread_t th; pthread_attr_t attr;
|                         pthread_create(&th, 0, start_routine, 0);
|                         pthread_join(th, 0);
|                         pthread_attr_init(&attr);
|                         pthread_cleanup_push(routine, 0);
|                         pthread_cleanup_pop(0) /* ; */
|   ;
|   return 0;
| }
configure:12518: result: no
configure:12416: checking whether pthreads work without any flags
configure:12509: gcc -o conftest -g -O2     conftest.c   >&5
/tmp/ccm8M218.o: In function `main':
/home/xhw/gb28181_2016/libs/libosip2-5.1.0/conftest.c:30: undefined reference to `pthread_create'
/home/xhw/gb28181_2016/libs/libosip2-5.1.0/conftest.c:31: undefined reference to `pthread_join'
/home/xhw/gb28181_2016/libs/libosip2-5.1.0/conftest.c:33: undefined reference to `__pthread_register_cancel'
/home/xhw/gb28181_2016/libs/libosip2-5.1.0/conftest.c:34: undefined reference to `__pthread_unregister_cancel'
collect2: error: ld returned 1 exit status
configure:12509: $? = 1
configure: failed program was:
| /* confdefs.h */
| #define PACKAGE_NAME "libosip2"
| #define PACKAGE_TARNAME "libosip2"
| #define PACKAGE_VERSION "5.1.0"
| #define PACKAGE_STRING "libosip2 5.1.0"
| #define PACKAGE_BUGREPORT ""
| #define PACKAGE_URL ""
| #define PACKAGE "libosip2"
| #define VERSION "5.1.0"
| #define STDC_HEADERS 1
| #define HAVE_SYS_TYPES_H 1
| #define HAVE_SYS_STAT_H 1
| #define HAVE_STDLIB_H 1
| #define HAVE_STRING_H 1
| #define HAVE_MEMORY_H 1
| #define HAVE_STRINGS_H 1
| #define HAVE_INTTYPES_H 1
| #define HAVE_STDINT_H 1
| #define HAVE_UNISTD_H 1
| #define HAVE_DLFCN_H 1
| #define LT_OBJDIR ".libs/"
| /* end confdefs.h.  */
| #include <pthread.h>
|                         static void routine(void *a) { a = 0; }
|                         static void *start_routine(void *a) { return a; }
| int
| main ()
| {
| pthread_t th; pthread_attr_t attr;
|                         pthread_create(&th, 0, start_routine, 0);
|                         pthread_join(th, 0);
|                         pthread_attr_init(&attr);
|                         pthread_cleanup_push(routine, 0);
|                         pthread_cleanup_pop(0) /* ; */
|   ;
|   return 0;
| }
configure:12518: result: no
configure:12421: checking whether pthreads work with -Kthread
configure:12509: gcc -o conftest -g -O2 -Kthread    conftest.c   >&5
gcc: error: unrecognized command line option '-Kthread'; did you mean '-pthread'?
configure:12509: $? = 1
configure: failed program was:
| /* confdefs.h */
| #define PACKAGE_NAME "libosip2"
| #define PACKAGE_TARNAME "libosip2"
| #define PACKAGE_VERSION "5.1.0"
| #define PACKAGE_STRING "libosip2 5.1.0"
| #define PACKAGE_BUGREPORT ""
| #define PACKAGE_URL ""
| #define PACKAGE "libosip2"
| #define VERSION "5.1.0"
| #define STDC_HEADERS 1
| #define HAVE_SYS_TYPES_H 1
| #define HAVE_SYS_STAT_H 1
| #define HAVE_STDLIB_H 1
| #define HAVE_STRING_H 1
| #define HAVE_MEMORY_H 1
| #define HAVE_STRINGS_H 1
| #define HAVE_INTTYPES_H 1
| #define HAVE_STDINT_H 1
| #define HAVE_UNISTD_H 1
| #define HAVE_DLFCN_H 1
| #define LT_OBJDIR ".libs/"
| /* end confdefs.h.  */
| #include <pthread.h>
|                         static void routine(void *a) { a = 0; }
|                         static void *start_routine(void *a) { return a; }
| int
| main ()
| {
| pthread_t th; pthread_attr_t attr;
|                         pthread_create(&th, 0, start_routine, 0);
|                         pthread_join(th, 0);
|                         pthread_attr_init(&attr);
|                         pthread_cleanup_push(routine, 0);
|                         pthread_cleanup_pop(0) /* ; */
|   ;
|   return 0;
| }
configure:12518: result: no
configure:12421: checking whether pthreads work with -kthread
configure:12509: gcc -o conftest -g -O2 -kthread    conftest.c   >&5
gcc: error: unrecognized command line option '-kthread'; did you mean '-pthread'?
configure:12509: $? = 1
configure: failed program was:
| /* confdefs.h */
| #define PACKAGE_NAME "libosip2"
| #define PACKAGE_TARNAME "libosip2"
| #define PACKAGE_VERSION "5.1.0"
| #define PACKAGE_STRING "libosip2 5.1.0"
| #define PACKAGE_BUGREPORT ""
| #define PACKAGE_URL ""
| #define PACKAGE "libosip2"
| #define VERSION "5.1.0"
| #define STDC_HEADERS 1
| #define HAVE_SYS_TYPES_H 1
| #define HAVE_SYS_STAT_H 1
| #define HAVE_STDLIB_H 1
| #define HAVE_STRING_H 1
| #define HAVE_MEMORY_H 1
| #define HAVE_STRINGS_H 1
| #define HAVE_INTTYPES_H 1
| #define HAVE_STDINT_H 1
| #define HAVE_UNISTD_H 1
| #define HAVE_DLFCN_H 1
| #define LT_OBJDIR ".libs/"
| /* end confdefs.h.  */
| #include <pthread.h>
|                         static void routine(void *a) { a = 0; }
|                         static void *start_routine(void *a) { return a; }
| int
| main ()
| {
| pthread_t th; pthread_attr_t attr;
|                         pthread_create(&th, 0, start_routine, 0);
|                         pthread_join(th, 0);
|                         pthread_attr_init(&attr);
|                         pthread_cleanup_push(routine, 0);
|                         pthread_cleanup_pop(0) /* ; */
|   ;
|   return 0;
| }
configure:12518: result: no
configure:12471: checking for the pthreads library -llthread
configure:12509: gcc -o conftest -g -O2     conftest.c -llthread  >&5
/usr/bin/ld: cannot find -llthread
collect2: error: ld returned 1 exit status
configure:12509: $? = 1
configure: failed program was:
| /* confdefs.h */
| #define PACKAGE_NAME "libosip2"
| #define PACKAGE_TARNAME "libosip2"
| #define PACKAGE_VERSION "5.1.0"
| #define PACKAGE_STRING "libosip2 5.1.0"
| #define PACKAGE_BUGREPORT ""
| #define PACKAGE_URL ""
| #define PACKAGE "libosip2"
| #define VERSION "5.1.0"
| #define STDC_HEADERS 1
| #define HAVE_SYS_TYPES_H 1
| #define HAVE_SYS_STAT_H 1
| #define HAVE_STDLIB_H 1
| #define HAVE_STRING_H 1
| #define HAVE_MEMORY_H 1
| #define HAVE_STRINGS_H 1
| #define HAVE_INTTYPES_H 1
| #define HAVE_STDINT_H 1
| #define HAVE_UNISTD_H 1
| #define HAVE_DLFCN_H 1
| #define LT_OBJDIR ".libs/"
| /* end confdefs.h.  */
| #include <pthread.h>
|                         static void routine(void *a) { a = 0; }
|                         static void *start_routine(void *a) { return a; }
| int
| main ()
| {
| pthread_t th; pthread_attr_t attr;
|                         pthread_create(&th, 0, start_routine, 0);
|                         pthread_join(th, 0);
|                         pthread_attr_init(&attr);
|                         pthread_cleanup_push(routine, 0);
|                         pthread_cleanup_pop(0) /* ; */
|   ;
|   return 0;
| }
configure:12518: result: no
configure:12421: checking whether pthreads work with -pthread
configure:12509: gcc -o conftest -g -O2 -pthread    conftest.c   >&5
configure:12509: $? = 0
configure:12518: result: yes
configure:12537: checking for joinable pthread attribute
configure:12552: gcc -o conftest -g -O2 -pthread   conftest.c   >&5
configure:12552: $? = 0
configure:12558: result: PTHREAD_CREATE_JOINABLE
configure:12568: checking if more special flags are required for pthreads
configure:12583: result: no
configure:12589: checking for PTHREAD_PRIO_INHERIT
configure:12606: gcc -o conftest -g -O2 -pthread   conftest.c   >&5
configure:12606: $? = 0
configure:12615: result: yes
configure:12753: checking semaphore.h usability
configure:12753: gcc -c -g -O2 -pthread  conftest.c >&5
configure:12753: $? = 0
configure:12753: result: yes
configure:12753: checking semaphore.h presence
configure:12753: gcc -E  conftest.c
configure:12753: $? = 0
configure:12753: result: yes
configure:12753: checking for semaphore.h
configure:12753: result: yes
configure:12765: checking sys/sem.h usability
configure:12765: gcc -c -g -O2 -pthread  conftest.c >&5
configure:12765: $? = 0
configure:12765: result: yes
configure:12765: checking sys/sem.h presence
configure:12765: gcc -E  conftest.c
configure:12765: $? = 0
configure:12765: result: yes
configure:12765: checking for sys/sem.h
configure:12765: result: yes
configure:12855: checking for sem_open in -lposix4
configure:12880: gcc -o conftest -g -O2 -pthread   conftest.c -lposix4    >&5
/usr/bin/ld: cannot find -lposix4
collect2: error: ld returned 1 exit status
configure:12880: $? = 1
configure: failed program was:
| /* confdefs.h */
| #define PACKAGE_NAME "libosip2"
| #define PACKAGE_TARNAME "libosip2"
| #define PACKAGE_VERSION "5.1.0"
| #define PACKAGE_STRING "libosip2 5.1.0"
| #define PACKAGE_BUGREPORT ""
| #define PACKAGE_URL ""
| #define PACKAGE "libosip2"
| #define VERSION "5.1.0"
| #define STDC_HEADERS 1
| #define HAVE_SYS_TYPES_H 1
| #define HAVE_SYS_STAT_H 1
| #define HAVE_STDLIB_H 1
| #define HAVE_STRING_H 1
| #define HAVE_MEMORY_H 1
| #define HAVE_STRINGS_H 1
| #define HAVE_INTTYPES_H 1
| #define HAVE_STDINT_H 1
| #define HAVE_UNISTD_H 1
| #define HAVE_DLFCN_H 1
| #define LT_OBJDIR ".libs/"
| #define HAVE_PTHREAD_PRIO_INHERIT 1
| #define HAVE_PTHREAD 1
| #define HAVE_SEMAPHORE_H 1
| #define HAVE_SYS_SEM_H 1
| /* end confdefs.h.  */
| 
| /* Override any GCC internal prototype to avoid an error.
|    Use char because int might match the return type of a GCC
|    builtin and then its argument prototype would still apply.  */
| #ifdef __cplusplus
| extern "C"
| #endif
| char sem_open ();
| int
| main ()
| {
| return sem_open ();
|   ;
|   return 0;
| }
configure:12889: result: no
configure:12895: checking for nis_add in -lnsl
configure:12920: gcc -o conftest -g -O2 -pthread   conftest.c -lnsl    >&5
configure:12920: $? = 0
configure:12929: result: yes
configure:12935: checking for sendto in -lsocket
configure:12960: gcc -o conftest -g -O2 -pthread   conftest.c -lsocket    >&5
/usr/bin/ld: cannot find -lsocket
collect2: error: ld returned 1 exit status
configure:12960: $? = 1
configure: failed program was:
| /* confdefs.h */
| #define PACKAGE_NAME "libosip2"
| #define PACKAGE_TARNAME "libosip2"
| #define PACKAGE_VERSION "5.1.0"
| #define PACKAGE_STRING "libosip2 5.1.0"
| #define PACKAGE_BUGREPORT ""
| #define PACKAGE_URL ""
| #define PACKAGE "libosip2"
| #define VERSION "5.1.0"
| #define STDC_HEADERS 1
| #define HAVE_SYS_TYPES_H 1
| #define HAVE_SYS_STAT_H 1
| #define HAVE_STDLIB_H 1
| #define HAVE_STRING_H 1
| #define HAVE_MEMORY_H 1
| #define HAVE_STRINGS_H 1
| #define HAVE_INTTYPES_H 1
| #define HAVE_STDINT_H 1
| #define HAVE_UNISTD_H 1
| #define HAVE_DLFCN_H 1
| #define LT_OBJDIR ".libs/"
| #define HAVE_PTHREAD_PRIO_INHERIT 1
| #define HAVE_PTHREAD 1
| #define HAVE_SEMAPHORE_H 1
| #define HAVE_SYS_SEM_H 1
| /* end confdefs.h.  */
| 
| /* Override any GCC internal prototype to avoid an error.
|    Use char because int might match the return type of a GCC
|    builtin and then its argument prototype would still apply.  */
| #ifdef __cplusplus
| extern "C"
| #endif
| char sendto ();
| int
| main ()
| {
| return sendto ();
|   ;
|   return 0;
| }
configure:12969: result: no
configure:12975: checking for lrand48 in -lc
configure:13000: gcc -o conftest -g -O2 -pthread   conftest.c -lc    >&5
configure:13000: $? = 0
configure:13009: result: yes
configure:13017: checking for clock_gettime in -lrt
configure:13042: gcc -o conftest -g -O2 -pthread   conftest.c -lrt    >&5
configure:13042: $? = 0
configure:13051: result: yes
configure:13058: checking whether -Wall works
configure:13077: gcc -c -g -O2 -pthread -Wall conftest.c >&5
configure:13077: $? = 0
configure:13086: result: yes
configure:13093: checking whether -Wcast-align works
configure:13112: gcc -c -g -O2 -pthread -Wcast-align conftest.c >&5
configure:13112: $? = 0
configure:13121: result: yes
configure:13128: checking whether -Wchar-subscripts works
configure:13147: gcc -c -g -O2 -pthread -Wchar-subscripts conftest.c >&5
configure:13147: $? = 0
configure:13156: result: yes
configure:13163: checking whether -Wformat works
configure:13182: gcc -c -g -O2 -pthread -Wformat conftest.c >&5
configure:13182: $? = 0
configure:13191: result: yes
configure:13198: checking whether -Winline works
configure:13217: gcc -c -g -O2 -pthread -Winline conftest.c >&5
configure:13217: $? = 0
configure:13226: result: yes
configure:13233: checking whether -Wmissing-declarations works
configure:13252: gcc -c -g -O2 -pthread -Wmissing-declarations conftest.c >&5
configure:13252: $? = 0
configure:13261: result: yes
configure:13268: checking whether -Wmissing-prototypes works
configure:13287: gcc -c -g -O2 -pthread -Wmissing-prototypes conftest.c >&5
configure:13287: $? = 0
configure:13296: result: yes
configure:13303: checking whether -Wnested-externs works
configure:13322: gcc -c -g -O2 -pthread -Wnested-externs conftest.c >&5
configure:13322: $? = 0
configure:13331: result: yes
configure:13338: checking whether -Wpointer-arith works
configure:13357: gcc -c -g -O2 -pthread -Wpointer-arith conftest.c >&5
configure:13357: $? = 0
configure:13366: result: yes
configure:13385: checking for ANSI C header files
configure:13489: result: yes
configure:13499: checking for string.h
configure:13499: result: yes
configure:13511: checking for strings.h
configure:13511: result: yes
configure:13523: checking for stdlib.h
configure:13523: result: yes
configure:13535: checking for unistd.h
configure:13535: result: yes
configure:13547: checking for sys/types.h
configure:13547: result: yes
configure:13560: checking sys/unistd.h usability
configure:13560: gcc -c -g -O2 -pthread  -Wall -Wcast-align -Wchar-subscripts -Wformat -Winline -Wmissing-declarations -Wmissing-prototypes -Wnested-externs -Wpointer-arith conftest.c >&5
configure:13560: $? = 0
configure:13560: result: yes
configure:13560: checking sys/unistd.h presence
configure:13560: gcc -E  -Wall -Wcast-align -Wchar-subscripts -Wformat -Winline -Wmissing-declarations -Wmissing-prototypes -Wnested-externs -Wpointer-arith conftest.c
configure:13560: $? = 0
configure:13560: result: yes
configure:13560: checking for sys/unistd.h
configure:13560: result: yes
configure:13572: checking syslog.h usability
configure:13572: gcc -c -g -O2 -pthread  -Wall -Wcast-align -Wchar-subscripts -Wformat -Winline -Wmissing-declarations -Wmissing-prototypes -Wnested-externs -Wpointer-arith conftest.c >&5
configure:13572: $? = 0
configure:13572: result: yes
configure:13572: checking syslog.h presence
configure:13572: gcc -E  -Wall -Wcast-align -Wchar-subscripts -Wformat -Winline -Wmissing-declarations -Wmissing-prototypes -Wnested-externs -Wpointer-arith conftest.c
configure:13572: $? = 0
configure:13572: result: yes
configure:13572: checking for syslog.h
configure:13572: result: yes
configure:13584: checking ctype.h usability
configure:13584: gcc -c -g -O2 -pthread  -Wall -Wcast-align -Wchar-subscripts -Wformat -Winline -Wmissing-declarations -Wmissing-prototypes -Wnested-externs -Wpointer-arith conftest.c >&5
configure:13584: $? = 0
configure:13584: result: yes
configure:13584: checking ctype.h presence
configure:13584: gcc -E  -Wall -Wcast-align -Wchar-subscripts -Wformat -Winline -Wmissing-declarations -Wmissing-prototypes -Wnested-externs -Wpointer-arith conftest.c
configure:13584: $? = 0
configure:13584: result: yes
configure:13584: checking for ctype.h
configure:13584: result: yes
configure:13596: checking stdio.h usability
configure:13596: gcc -c -g -O2 -pthread  -Wall -Wcast-align -Wchar-subscripts -Wformat -Winline -Wmissing-declarations -Wmissing-prototypes -Wnested-externs -Wpointer-arith conftest.c >&5
configure:13596: $? = 0
configure:13596: result: yes
configure:13596: checking stdio.h presence
configure:13596: gcc -E  -Wall -Wcast-align -Wchar-subscripts -Wformat -Winline -Wmissing-declarations -Wmissing-prototypes -Wnested-externs -Wpointer-arith conftest.c
configure:13596: $? = 0
configure:13596: result: yes
configure:13596: checking for stdio.h
configure:13596: result: yes
configure:13608: checking stdarg.h usability
configure:13608: gcc -c -g -O2 -pthread  -Wall -Wcast-align -Wchar-subscripts -Wformat -Winline -Wmissing-declarations -Wmissing-prototypes -Wnested-externs -Wpointer-arith conftest.c >&5
configure:13608: $? = 0
configure:13608: result: yes
configure:13608: checking stdarg.h presence
configure:13608: gcc -E  -Wall -Wcast-align -Wchar-subscripts -Wformat -Winline -Wmissing-declarations -Wmissing-prototypes -Wnested-externs -Wpointer-arith conftest.c
configure:13608: $? = 0
configure:13608: result: yes
configure:13608: checking for stdarg.h
configure:13608: result: yes
configure:13620: checking varargs.h usability
configure:13620: gcc -c -g -O2 -pthread  -Wall -Wcast-align -Wchar-subscripts -Wformat -Winline -Wmissing-declarations -Wmissing-prototypes -Wnested-externs -Wpointer-arith conftest.c >&5
In file included from conftest.c:72:0:
/usr/lib/gcc/x86_64-linux-gnu/7/include/varargs.h:4:2: error: #error "GCC no longer implements <varargs.h>."
 #error "GCC no longer implements <varargs.h>."
  ^~~~~
/usr/lib/gcc/x86_64-linux-gnu/7/include/varargs.h:5:2: error: #error "Revise your code to use <stdarg.h>."
 #error "Revise your code to use <stdarg.h>."
  ^~~~~
configure:13620: $? = 1
configure: failed program was:
| /* confdefs.h */
| #define PACKAGE_NAME "libosip2"
| #define PACKAGE_TARNAME "libosip2"
| #define PACKAGE_VERSION "5.1.0"
| #define PACKAGE_STRING "libosip2 5.1.0"
| #define PACKAGE_BUGREPORT ""
| #define PACKAGE_URL ""
| #define PACKAGE "libosip2"
| #define VERSION "5.1.0"
| #define STDC_HEADERS 1
| #define HAVE_SYS_TYPES_H 1
| #define HAVE_SYS_STAT_H 1
| #define HAVE_STDLIB_H 1
| #define HAVE_STRING_H 1
| #define HAVE_MEMORY_H 1
| #define HAVE_STRINGS_H 1
| #define HAVE_INTTYPES_H 1
| #define HAVE_STDINT_H 1
| #define HAVE_UNISTD_H 1
| #define HAVE_DLFCN_H 1
| #define LT_OBJDIR ".libs/"
| #define HAVE_PTHREAD_PRIO_INHERIT 1
| #define HAVE_PTHREAD 1
| #define HAVE_SEMAPHORE_H 1
| #define HAVE_SYS_SEM_H 1
| #define HAVE_LRAND48 /**/
| #define STDC_HEADERS 1
| #define HAVE_STRING_H 1
| #define HAVE_STRINGS_H 1
| #define HAVE_STDLIB_H 1
| #define HAVE_UNISTD_H 1
| #define HAVE_SYS_TYPES_H 1
| #define HAVE_SYS_UNISTD_H 1
| #define HAVE_SYSLOG_H 1
| #define HAVE_CTYPE_H 1
| #define HAVE_STDIO_H 1
| #define HAVE_STDARG_H 1
| /* end confdefs.h.  */
| #include <stdio.h>
| #ifdef HAVE_SYS_TYPES_H
| # include <sys/types.h>
| #endif
| #ifdef HAVE_SYS_STAT_H
| # include <sys/stat.h>
| #endif
| #ifdef STDC_HEADERS
| # include <stdlib.h>
| # include <stddef.h>
| #else
| # ifdef HAVE_STDLIB_H
| #  include <stdlib.h>
| # endif
| #endif
| #ifdef HAVE_STRING_H
| # if !defined STDC_HEADERS && defined HAVE_MEMORY_H
| #  include <memory.h>
| # endif
| # include <string.h>
| #endif
| #ifdef HAVE_STRINGS_H
| # include <strings.h>
| #endif
| #ifdef HAVE_INTTYPES_H
| # include <inttypes.h>
| #endif
| #ifdef HAVE_STDINT_H
| # include <stdint.h>
| #endif
| #ifdef HAVE_UNISTD_H
| # include <unistd.h>
| #endif
| #include <varargs.h>
configure:13620: result: no
configure:13620: checking varargs.h presence
configure:13620: gcc -E  -Wall -Wcast-align -Wchar-subscripts -Wformat -Winline -Wmissing-declarations -Wmissing-prototypes -Wnested-externs -Wpointer-arith conftest.c
In file included from conftest.c:39:0:
/usr/lib/gcc/x86_64-linux-gnu/7/include/varargs.h:4:2: error: #error "GCC no longer implements <varargs.h>."
 #error "GCC no longer implements <varargs.h>."
  ^~~~~
/usr/lib/gcc/x86_64-linux-gnu/7/include/varargs.h:5:2: error: #error "Revise your code to use <stdarg.h>."
 #error "Revise your code to use <stdarg.h>."
  ^~~~~
configure:13620: $? = 1
configure: failed program was:
| /* confdefs.h */
| #define PACKAGE_NAME "libosip2"
| #define PACKAGE_TARNAME "libosip2"
| #define PACKAGE_VERSION "5.1.0"
| #define PACKAGE_STRING "libosip2 5.1.0"
| #define PACKAGE_BUGREPORT ""
| #define PACKAGE_URL ""
| #define PACKAGE "libosip2"
| #define VERSION "5.1.0"
| #define STDC_HEADERS 1
| #define HAVE_SYS_TYPES_H 1
| #define HAVE_SYS_STAT_H 1
| #define HAVE_STDLIB_H 1
| #define HAVE_STRING_H 1
| #define HAVE_MEMORY_H 1
| #define HAVE_STRINGS_H 1
| #define HAVE_INTTYPES_H 1
| #define HAVE_STDINT_H 1
| #define HAVE_UNISTD_H 1
| #define HAVE_DLFCN_H 1
| #define LT_OBJDIR ".libs/"
| #define HAVE_PTHREAD_PRIO_INHERIT 1
| #define HAVE_PTHREAD 1
| #define HAVE_SEMAPHORE_H 1
| #define HAVE_SYS_SEM_H 1
| #define HAVE_LRAND48 /**/
| #define STDC_HEADERS 1
| #define HAVE_STRING_H 1
| #define HAVE_STRINGS_H 1
| #define HAVE_STDLIB_H 1
| #define HAVE_UNISTD_H 1
| #define HAVE_SYS_TYPES_H 1
| #define HAVE_SYS_UNISTD_H 1
| #define HAVE_SYSLOG_H 1
| #define HAVE_CTYPE_H 1
| #define HAVE_STDIO_H 1
| #define HAVE_STDARG_H 1
| /* end confdefs.h.  */
| #include <varargs.h>
configure:13620: result: no
configure:13620: checking for varargs.h
configure:13620: result: no
configure:13632: checking fcntl.h usability
configure:13632: gcc -c -g -O2 -pthread  -Wall -Wcast-align -Wchar-subscripts -Wformat -Winline -Wmissing-declarations -Wmissing-prototypes -Wnested-externs -Wpointer-arith conftest.c >&5
configure:13632: $? = 0
configure:13632: result: yes
configure:13632: checking fcntl.h presence
configure:13632: gcc -E  -Wall -Wcast-align -Wchar-subscripts -Wformat -Winline -Wmissing-declarations -Wmissing-prototypes -Wnested-externs -Wpointer-arith conftest.c
configure:13632: $? = 0
configure:13632: result: yes
configure:13632: checking for fcntl.h
configure:13632: result: yes
configure:13644: checking time.h usability
configure:13644: gcc -c -g -O2 -pthread  -Wall -Wcast-align -Wchar-subscripts -Wformat -Winline -Wmissing-declarations -Wmissing-prototypes -Wnested-externs -Wpointer-arith conftest.c >&5
configure:13644: $? = 0
configure:13644: result: yes
configure:13644: checking time.h presence
configure:13644: gcc -E  -Wall -Wcast-align -Wchar-subscripts -Wformat -Winline -Wmissing-declarations -Wmissing-prototypes -Wnested-externs -Wpointer-arith conftest.c
configure:13644: $? = 0
configure:13644: result: yes
configure:13644: checking for time.h
configure:13644: result: yes
configure:13656: checking sys/time.h usability
configure:13656: gcc -c -g -O2 -pthread  -Wall -Wcast-align -Wchar-subscripts -Wformat -Winline -Wmissing-declarations -Wmissing-prototypes -Wnested-externs -Wpointer-arith conftest.c >&5
configure:13656: $? = 0
configure:13656: result: yes
configure:13656: checking sys/time.h presence
configure:13656: gcc -E  -Wall -Wcast-align -Wchar-subscripts -Wformat -Winline -Wmissing-declarations -Wmissing-prototypes -Wnested-externs -Wpointer-arith conftest.c
configure:13656: $? = 0
configure:13656: result: yes
configure:13656: checking for sys/time.h
configure:13656: result: yes
configure:13668: checking sys/select.h usability
configure:13668: gcc -c -g -O2 -pthread  -Wall -Wcast-align -Wchar-subscripts -Wformat -Winline -Wmissing-declarations -Wmissing-prototypes -Wnested-externs -Wpointer-arith conftest.c >&5
configure:13668: $? = 0
configure:13668: result: yes
configure:13668: checking sys/select.h presence
configure:13668: gcc -E  -Wall -Wcast-align -Wchar-subscripts -Wformat -Winline -Wmissing-declarations -Wmissing-prototypes -Wnested-externs -Wpointer-arith conftest.c
configure:13668: $? = 0
configure:13668: result: yes
configure:13668: checking for sys/select.h
configure:13668: result: yes
configure:13680: checking assert.h usability
configure:13680: gcc -c -g -O2 -pthread  -Wall -Wcast-align -Wchar-subscripts -Wformat -Winline -Wmissing-declarations -Wmissing-prototypes -Wnested-externs -Wpointer-arith conftest.c >&5
configure:13680: $? = 0
configure:13680: result: yes
configure:13680: checking assert.h presence
configure:13680: gcc -E  -Wall -Wcast-align -Wchar-subscripts -Wformat -Winline -Wmissing-declarations -Wmissing-prototypes -Wnested-externs -Wpointer-arith conftest.c
configure:13680: $? = 0
configure:13680: result: yes
configure:13680: checking for assert.h
configure:13680: result: yes
configure:13692: checking signal.h usability
configure:13692: gcc -c -g -O2 -pthread  -Wall -Wcast-align -Wchar-subscripts -Wformat -Winline -Wmissing-declarations -Wmissing-prototypes -Wnested-externs -Wpointer-arith conftest.c >&5
configure:13692: $? = 0
configure:13692: result: yes
configure:13692: checking signal.h presence
configure:13692: gcc -E  -Wall -Wcast-align -Wchar-subscripts -Wformat -Winline -Wmissing-declarations -Wmissing-prototypes -Wnested-externs -Wpointer-arith conftest.c
configure:13692: $? = 0
configure:13692: result: yes
configure:13692: checking for signal.h
configure:13692: result: yes
configure:13704: checking sys/signal.h usability
configure:13704: gcc -c -g -O2 -pthread  -Wall -Wcast-align -Wchar-subscripts -Wformat -Winline -Wmissing-declarations -Wmissing-prototypes -Wnested-externs -Wpointer-arith conftest.c >&5
configure:13704: $? = 0
configure:13704: result: yes
configure:13704: checking sys/signal.h presence
configure:13704: gcc -E  -Wall -Wcast-align -Wchar-subscripts -Wformat -Winline -Wmissing-declarations -Wmissing-prototypes -Wnested-externs -Wpointer-arith conftest.c
configure:13704: $? = 0
configure:13704: result: yes
configure:13704: checking for sys/signal.h
configure:13704: result: yes
configure:13716: checking malloc.h usability
configure:13716: gcc -c -g -O2 -pthread  -Wall -Wcast-align -Wchar-subscripts -Wformat -Winline -Wmissing-declarations -Wmissing-prototypes -Wnested-externs -Wpointer-arith conftest.c >&5
configure:13716: $? = 0
configure:13716: result: yes
configure:13716: checking malloc.h presence
configure:13716: gcc -E  -Wall -Wcast-align -Wchar-subscripts -Wformat -Winline -Wmissing-declarations -Wmissing-prototypes -Wnested-externs -Wpointer-arith conftest.c
configure:13716: $? = 0
configure:13716: result: yes
configure:13716: checking for malloc.h
configure:13716: result: yes
configure:13727: checking for struct timeval
configure:13727: gcc -c -g -O2 -pthread  -Wall -Wcast-align -Wchar-subscripts -Wformat -Winline -Wmissing-declarations -Wmissing-prototypes -Wnested-externs -Wpointer-arith conftest.c >&5
configure:13727: $? = 0
configure:13727: gcc -c -g -O2 -pthread  -Wall -Wcast-align -Wchar-subscripts -Wformat -Winline -Wmissing-declarations -Wmissing-prototypes -Wnested-externs -Wpointer-arith conftest.c >&5
conftest.c: In function 'main':
conftest.c:63:29: error: expected expression before ')' token
 if (sizeof ((struct timeval)))
                             ^
configure:13727: $? = 1
configure: failed program was:
| /* confdefs.h */
| #define PACKAGE_NAME "libosip2"
| #define PACKAGE_TARNAME "libosip2"
| #define PACKAGE_VERSION "5.1.0"
| #define PACKAGE_STRING "libosip2 5.1.0"
| #define PACKAGE_BUGREPORT ""
| #define PACKAGE_URL ""
| #define PACKAGE "libosip2"
| #define VERSION "5.1.0"
| #define STDC_HEADERS 1
| #define HAVE_SYS_TYPES_H 1
| #define HAVE_SYS_STAT_H 1
| #define HAVE_STDLIB_H 1
| #define HAVE_STRING_H 1
| #define HAVE_MEMORY_H 1
| #define HAVE_STRINGS_H 1
| #define HAVE_INTTYPES_H 1
| #define HAVE_STDINT_H 1
| #define HAVE_UNISTD_H 1
| #define HAVE_DLFCN_H 1
| #define LT_OBJDIR ".libs/"
| #define HAVE_PTHREAD_PRIO_INHERIT 1
| #define HAVE_PTHREAD 1
| #define HAVE_SEMAPHORE_H 1
| #define HAVE_SYS_SEM_H 1
| #define HAVE_LRAND48 /**/
| #define STDC_HEADERS 1
| #define HAVE_STRING_H 1
| #define HAVE_STRINGS_H 1
| #define HAVE_STDLIB_H 1
| #define HAVE_UNISTD_H 1
| #define HAVE_SYS_TYPES_H 1
| #define HAVE_SYS_UNISTD_H 1
| #define HAVE_SYSLOG_H 1
| #define HAVE_CTYPE_H 1
| #define HAVE_STDIO_H 1
| #define HAVE_STDARG_H 1
| #define HAVE_FCNTL_H 1
| #define HAVE_TIME_H 1
| #define HAVE_SYS_TIME_H 1
| #define HAVE_SYS_SELECT_H 1
| #define HAVE_ASSERT_H 1
| #define HAVE_SIGNAL_H 1
| #define HAVE_SYS_SIGNAL_H 1
| #define HAVE_MALLOC_H 1
| /* end confdefs.h.  */
| 
|      #if TIME_WITH_SYS_TIME
|      # include <sys/time.h>
|      # include <time.h>
|      #else
|      # if HAVE_SYS_TIME_H
|      #  include <sys/time.h>
|      # else
|      #  include <time.h>
|      # endif
|      #endif
| 
| 
| int
| main ()
| {
| if (sizeof ((struct timeval)))
| 	    return 0;
|   ;
|   return 0;
| }
configure:13727: result: yes
configure:13861: checking that generated files are newer than configure
configure:13867: result: done
configure:13902: creating ./config.status

## ---------------------- ##
## Running config.status. ##
## ---------------------- ##

This file was extended by libosip2 config.status 5.1.0, which was
generated by GNU Autoconf 2.69.  Invocation command line was

  CONFIG_FILES    = 
  CONFIG_HEADERS  = 
  CONFIG_LINKS    = 
  CONFIG_COMMANDS = 
  $ ./config.status 

on ubuntu

config.status:1145: creating libosip2.pc
config.status:1145: creating Makefile
config.status:1145: creating scripts/Makefile
config.status:1145: creating src/Makefile
config.status:1145: creating src/osipparser2/Makefile
config.status:1145: creating src/osip2/Makefile
config.status:1145: creating src/test/Makefile
config.status:1145: creating include/Makefile
config.status:1145: creating include/osip2/Makefile
config.status:1145: creating include/osipparser2/Makefile
config.status:1145: creating include/osipparser2/headers/Makefile
config.status:1145: creating help/Makefile
config.status:1145: creating help/man/Makefile
config.status:1145: creating help/doxygen/Makefile
config.status:1145: creating platform/Makefile
config.status:1145: creating platform/rpm/Makefile
config.status:1145: creating platform/vsnet/Makefile
config.status:1145: creating include/osip2/doxygen.dox
config.status:1145: creating osip-config.h
config.status:1374: executing depfiles commands
config.status:1374: executing libtool commands

## ---------------- ##
## Cache variables. ##
## ---------------- ##

Wall_cv_flag=yes
Wcast_align_cv_flag=yes
Wchar_subscripts_cv_flag=yes
Wformat_cv_flag=yes
Winline_cv_flag=yes
Wmissing_declarations_cv_flag=yes
Wmissing_prototypes_cv_flag=yes
Wnested_externs_cv_flag=yes
Wpointer_arith_cv_flag=yes
ac_cv_build=x86_64-unknown-linux-gnu
ac_cv_c_compiler_gnu=yes
ac_cv_env_CC_set=
ac_cv_env_CC_value=
ac_cv_env_CFLAGS_set=
ac_cv_env_CFLAGS_value=
ac_cv_env_CPPFLAGS_set=
ac_cv_env_CPPFLAGS_value=
ac_cv_env_CPP_set=
ac_cv_env_CPP_value=
ac_cv_env_LDFLAGS_set=
ac_cv_env_LDFLAGS_value=
ac_cv_env_LIBS_set=
ac_cv_env_LIBS_value=
ac_cv_env_LT_SYS_LIBRARY_PATH_set=
ac_cv_env_LT_SYS_LIBRARY_PATH_value=
ac_cv_env_build_alias_set=
ac_cv_env_build_alias_value=
ac_cv_env_host_alias_set=
ac_cv_env_host_alias_value=
ac_cv_env_target_alias_set=
ac_cv_env_target_alias_value=
ac_cv_header_assert_h=yes
ac_cv_header_ctype_h=yes
ac_cv_header_dlfcn_h=yes
ac_cv_header_fcntl_h=yes
ac_cv_header_inttypes_h=yes
ac_cv_header_malloc_h=yes
ac_cv_header_memory_h=yes
ac_cv_header_semaphore_h=yes
ac_cv_header_signal_h=yes
ac_cv_header_stdarg_h=yes
ac_cv_header_stdc=yes
ac_cv_header_stdint_h=yes
ac_cv_header_stdio_h=yes
ac_cv_header_stdlib_h=yes
ac_cv_header_string_h=yes
ac_cv_header_strings_h=yes
ac_cv_header_sys_select_h=yes
ac_cv_header_sys_sem_h=yes
ac_cv_header_sys_signal_h=yes
ac_cv_header_sys_stat_h=yes
ac_cv_header_sys_time_h=yes
ac_cv_header_sys_types_h=yes
ac_cv_header_sys_unistd_h=yes
ac_cv_header_syslog_h=yes
ac_cv_header_time_h=yes
ac_cv_header_unistd_h=yes
ac_cv_header_varargs_h=no
ac_cv_host=x86_64-unknown-linux-gnu
ac_cv_lib_c_lrand48=yes
ac_cv_lib_nsl_nis_add=yes
ac_cv_lib_posix4_sem_open=no
ac_cv_lib_rt_clock_gettime=yes
ac_cv_lib_socket_sendto=no
ac_cv_objext=o
ac_cv_path_EGREP='/bin/grep -E'
ac_cv_path_FGREP='/bin/grep -F'
ac_cv_path_GREP=/bin/grep
ac_cv_path_SED=/bin/sed
ac_cv_path_install='/usr/bin/install -c'
ac_cv_path_lt_DD=/bin/dd
ac_cv_path_mkdir=/bin/mkdir
ac_cv_prog_AWK=mawk
ac_cv_prog_CPP='gcc -E'
ac_cv_prog_ac_ct_AR=ar
ac_cv_prog_ac_ct_CC=gcc
ac_cv_prog_ac_ct_MANIFEST_TOOL=mt
ac_cv_prog_ac_ct_OBJDUMP=objdump
ac_cv_prog_ac_ct_RANLIB=ranlib
ac_cv_prog_ac_ct_STRIP=strip
ac_cv_prog_cc_c89=
ac_cv_prog_cc_g=yes
ac_cv_prog_make_make_set=no
ac_cv_type_struct_timeval=yes
am_cv_CC_dependencies_compiler_type=none
am_cv_make_support_nested_variables=no
am_cv_prog_cc_c_o=yes
ax_cv_PTHREAD_PRIO_INHERIT=yes
lt_cv_ar_at_file=@
lt_cv_archive_cmds_need_lc=no
lt_cv_deplibs_check_method=pass_all
lt_cv_file_magic_cmd='$MAGIC_CMD'
lt_cv_file_magic_test_file=
lt_cv_ld_reload_flag=-r
lt_cv_nm_interface='BSD nm'
lt_cv_objdir=.libs
lt_cv_path_LD=/usr/bin/ld
lt_cv_path_NM='/usr/bin/nm -B'
lt_cv_path_mainfest_tool=no
lt_cv_prog_compiler_c_o=yes
lt_cv_prog_compiler_pic='-fPIC -DPIC'
lt_cv_prog_compiler_pic_works=yes
lt_cv_prog_compiler_rtti_exceptions=no
lt_cv_prog_compiler_static_works=yes
lt_cv_prog_gnu_ld=yes
lt_cv_sharedlib_from_linklib_cmd='printf %s\n'
lt_cv_shlibpath_overrides_runpath=yes
lt_cv_sys_global_symbol_pipe='sed -n -e '\''s/^.*[	 ]\([ABCDGIRSTW][ABCDGIRSTW]*\)[	 ][	 ]*\([_A-Za-z][_A-Za-z0-9]*\)$/\1 \2 \2/p'\'' | sed '\''/ __gnu_lto/d'\'''
lt_cv_sys_global_symbol_to_c_name_address='sed -n -e '\''s/^: \(.*\) .*$/  {"\1", (void *) 0},/p'\'' -e '\''s/^[ABCDGIRSTW][ABCDGIRSTW]* .* \(.*\)$/  {"\1", (void *) \&\1},/p'\'''
lt_cv_sys_global_symbol_to_c_name_address_lib_prefix='sed -n -e '\''s/^: \(.*\) .*$/  {"\1", (void *) 0},/p'\'' -e '\''s/^[ABCDGIRSTW][ABCDGIRSTW]* .* \(lib.*\)$/  {"\1", (void *) \&\1},/p'\'' -e '\''s/^[ABCDGIRSTW][ABCDGIRSTW]* .* \(.*\)$/  {"lib\1", (void *) \&\1},/p'\'''
lt_cv_sys_global_symbol_to_cdecl='sed -n -e '\''s/^T .* \(.*\)$/extern int \1();/p'\'' -e '\''s/^[ABCDGIRSTW][ABCDGIRSTW]* .* \(.*\)$/extern char \1;/p'\'''
lt_cv_sys_global_symbol_to_import=
lt_cv_sys_max_cmd_len=1572864
lt_cv_to_host_file_cmd=func_convert_file_noop
lt_cv_to_tool_file_cmd=func_convert_file_noop
lt_cv_truncate_bin='/bin/dd bs=4096 count=1'

## ----------------- ##
## Output variables. ##
## ----------------- ##

ACLOCAL='${SHELL} /home/xhw/gb28181_2016/libs/libosip2-5.1.0/scripts/missing aclocal-1.15'
AMDEPBACKSLASH='\'
AMDEP_FALSE='#'
AMDEP_TRUE=''
AMTAR='$${TAR-tar}'
AM_BACKSLASH='\'
AM_DEFAULT_V='0'
AM_DEFAULT_VERBOSITY='0'
AM_V='0'
AR='ar'
AUTOCONF='${SHELL} /home/xhw/gb28181_2016/libs/libosip2-5.1.0/scripts/missing autoconf'
AUTOHEADER='${SHELL} /home/xhw/gb28181_2016/libs/libosip2-5.1.0/scripts/missing autoheader'
AUTOMAKE='${SHELL} /home/xhw/gb28181_2016/libs/libosip2-5.1.0/scripts/missing automake-1.15'
AWK='mawk'
BUILD_MAXSIZE_FALSE='#'
BUILD_MAXSIZE_TRUE=''
BUILD_MT_FALSE='#'
BUILD_MT_TRUE=''
CC='gcc'
CCDEPMODE='depmode=none'
CFLAGS='-g -O2 -pthread'
COMPILE_TESTS_FALSE=''
COMPILE_TESTS_TRUE='#'
CPP='gcc -E'
CPPFLAGS=' -Wall -Wcast-align -Wchar-subscripts -Wformat -Winline -Wmissing-declarations -Wmissing-prototypes -Wnested-externs -Wpointer-arith'
CYGPATH_W='echo'
DEFS='-DHAVE_CONFIG_H'
DEPDIR='.deps'
DLLTOOL='false'
DSYMUTIL=''
DUMPBIN=''
ECHO_C=''
ECHO_N='-n'
ECHO_T=''
EGREP='/bin/grep -E'
EXEEXT=''
EXTRA_LIB=''
FGREP='/bin/grep -F'
FSM_LIB=' -lnsl -lrt'
GREP='/bin/grep'
INSTALL_DATA='${INSTALL} -m 644'
INSTALL_PROGRAM='${INSTALL}'
INSTALL_SCRIPT='${INSTALL}'
INSTALL_STRIP_PROGRAM='$(install_sh) -c -s'
LD='/usr/bin/ld -m elf_x86_64'
LDFLAGS=''
LIBOBJS=''
LIBOSIP_SO_VERSION='12:0:0'
LIBS=' '
LIBTOOL='$(SHELL) $(top_builddir)/libtool'
LIPO=''
LN_S='ln -s'
LTLIBOBJS=''
LT_SYS_LIBRARY_PATH=''
MAKEINFO='${SHELL} /home/xhw/gb28181_2016/libs/libosip2-5.1.0/scripts/missing makeinfo'
MANIFEST_TOOL=':'
MKDIR_P='/bin/mkdir -p'
NM='/usr/bin/nm -B'
NMEDIT=''
OBJDUMP='objdump'
OBJEXT='o'
OSIP_VERSION=''
OTOOL64=''
OTOOL=''
PACKAGE='libosip2'
PACKAGE_BUGREPORT=''
PACKAGE_NAME='libosip2'
PACKAGE_STRING='libosip2 5.1.0'
PACKAGE_TARNAME='libosip2'
PACKAGE_URL=''
PACKAGE_VERSION='5.1.0'
PARSER_LIB=''
PATH_SEPARATOR=':'
PTHREAD_CC='gcc'
PTHREAD_CFLAGS='-pthread'
PTHREAD_LIBS=''
RANLIB='ranlib'
SED='/bin/sed'
SET_MAKE='MAKE=make'
SHELL='/bin/bash'
SIP_CFLAGS=''
SIP_EXTRA_FLAGS=' -DENABLE_TRACE'
SIP_FSM_FLAGS=''
SIP_PARSER_FLAGS=''
STRIP='strip'
VERSION='5.1.0'
ac_ct_AR='ar'
ac_ct_CC='gcc'
ac_ct_DUMPBIN=''
am__EXEEXT_FALSE=''
am__EXEEXT_TRUE='#'
am__fastdepCC_FALSE=''
am__fastdepCC_TRUE='#'
am__include='#'
am__isrc=''
am__leading_dot='.'
am__nodep='_no'
am__quote=''
am__tar='$${TAR-tar} chof - "$$tardir"'
am__untar='$${TAR-tar} xf -'
ax_pthread_config=''
bindir='${exec_prefix}/bin'
build='x86_64-unknown-linux-gnu'
build_alias=''
build_cpu='x86_64'
build_os='linux-gnu'
build_vendor='unknown'
datadir='${datarootdir}'
datarootdir='${prefix}/share'
docdir='${datarootdir}/doc/${PACKAGE_TARNAME}'
dvidir='${docdir}'
exec_prefix='${prefix}'
host='x86_64-unknown-linux-gnu'
host_alias=''
host_cpu='x86_64'
host_os='linux-gnu'
host_vendor='unknown'
htmldir='${docdir}'
includedir='${prefix}/include'
infodir='${datarootdir}/info'
install_sh='${SHELL} /home/xhw/gb28181_2016/libs/libosip2-5.1.0/scripts/install-sh'
libdir='${exec_prefix}/lib'
libexecdir='${exec_prefix}/libexec'
localedir='${datarootdir}/locale'
localstatedir='${prefix}/var'
mandir='${datarootdir}/man'
mkdir_p='$(MKDIR_P)'
oldincludedir='/usr/include'
pdfdir='${docdir}'
prefix='/usr/local'
program_transform_name='s,x,x,'
psdir='${docdir}'
runstatedir='${localstatedir}/run'
sbindir='${exec_prefix}/sbin'
sharedstatedir='${prefix}/com'
sysconfdir='${prefix}/etc'
target_alias=''

## ----------- ##
## confdefs.h. ##
## ----------- ##

/* confdefs.h */
#define PACKAGE_NAME "libosip2"
#define PACKAGE_TARNAME "libosip2"
#define PACKAGE_VERSION "5.1.0"
#define PACKAGE_STRING "libosip2 5.1.0"
#define PACKAGE_BUGREPORT ""
#define PACKAGE_URL ""
#define PACKAGE "libosip2"
#define VERSION "5.1.0"
#define STDC_HEADERS 1
#define HAVE_SYS_TYPES_H 1
#define HAVE_SYS_STAT_H 1
#define HAVE_STDLIB_H 1
#define HAVE_STRING_H 1
#define HAVE_MEMORY_H 1
#define HAVE_STRINGS_H 1
#define HAVE_INTTYPES_H 1
#define HAVE_STDINT_H 1
#define HAVE_UNISTD_H 1
#define HAVE_DLFCN_H 1
#define LT_OBJDIR ".libs/"
#define HAVE_PTHREAD_PRIO_INHERIT 1
#define HAVE_PTHREAD 1
#define HAVE_SEMAPHORE_H 1
#define HAVE_SYS_SEM_H 1
#define HAVE_LRAND48 /**/
#define STDC_HEADERS 1
#define HAVE_STRING_H 1
#define HAVE_STRINGS_H 1
#define HAVE_STDLIB_H 1
#define HAVE_UNISTD_H 1
#define HAVE_SYS_TYPES_H 1
#define HAVE_SYS_UNISTD_H 1
#define HAVE_SYSLOG_H 1
#define HAVE_CTYPE_H 1
#define HAVE_STDIO_H 1
#define HAVE_STDARG_H 1
#define HAVE_FCNTL_H 1
#define HAVE_TIME_H 1
#define HAVE_SYS_TIME_H 1
#define HAVE_SYS_SELECT_H 1
#define HAVE_ASSERT_H 1
#define HAVE_SIGNAL_H 1
#define HAVE_SYS_SIGNAL_H 1
#define HAVE_MALLOC_H 1
#define HAVE_STRUCT_TIMEVAL 1

configure: exit 0
